        -:    0:Source:C:/Users/USER/Desktop/GTK/Dame_game/main.c
        -:    0:Graph:C:\Users\USER\Desktop\GTK\Dame_game\cmake-build-debug-coverage\CMakeFiles\Dame_game.dir\main.c.gcno
        -:    0:Data:C:\Users\USER\Desktop\GTK\Dame_game\cmake-build-debug-coverage\CMakeFiles\Dame_game.dir\main.c.gcda
        -:    0:Runs:1
        -:    1:#include <stdio.h>
        -:    2:#include <gtk/gtk.h>
        -:    3:
        -:    4:typedef enum {
        -:    5:    CHKS_OWNER_NONE,
        -:    6:    CHKS_OWNER_ONE,//user
        -:    7:    CHKS_OWNER_TWO,//machine
        -:    8:} ChksOwner;
        -:    9:
        -:   10:typedef struct clm
        -:   11:{
        -:   12:    int row;
        -:   13:    int col;
        -:   14:    int diag_not_verify;
        -:   15:    int diag_not_verify2;
        -:   16:    struct clm *suiv;
        -:   17:}cellule;
        -:   18:
        -:   19:typedef struct fl
        -:   20:{
        -:   21:    cellule *tete;
        -:   22:    cellule *queue;
        -:   23:}File;
        -:   24:
        -:   25:typedef struct cc1
        -:   26:{
        -:   27:    int score;
        -:   28:    int row;
        -:   29:    int col;
        -:   30:    struct cc1 *topleft;
        -:   31:    struct cc1 *topright;
        -:   32:    struct cc1 *suiv;
        -:   33:    struct cc1 *butright;
        -:   34:    struct cc1 *butleft;
        -:   35:}cellule2;
        -:   36:
        -:   37:typedef struct
        -:   38:{
        -:   39:    GtkWidget *button;
        -:   40:    struct Chkswindow *view_table;
        -:   41:    ChksOwner owner;//proprietere
        -:   42:    gboolean is_queen;
        -:   43:    int col;//colonne
        -:   44:    int row;
        -:   45:}ChksField;
        -:   46:
        -:   47:
        -:   48:typedef struct
        -:   49:{
        -:   50:    File *f;
        -:   51:    ChksField *field;
        -:   52:}Glob;
        -:   53:
        -:   54:typedef struct
        -:   55:{
        -:   56:    GtkWidget *gr;
        -:   57:    ChksField *filed[8][8];
        -:   58:    ChksField *last;//to know wich button is clicked
        -:   59:}Chkview;
        -:   60:
        -:   61:typedef struct
        -:   62:{
        -:   63:    int x;//row
        -:   64:    int y;//column
        -:   65:}Player_piece;
        -:   66:
        -:   67:typedef struct
        -:   68:{
        -:   69:    Player_piece Tab[12];//12 piece pour chaque joueur
        -:   70:    int nbr_piece_disp;//nombre de piece restant pour chaque joueur
        -:   71:}ChkPlayer;
        -:   72:
        -:   73:typedef struct Chkswindow
        -:   74:{
        -:   75:    GtkWidget *win;
        -:   76:    GtkWidget *header_bar;
        -:   77:    Chkview *table;//table dame*
        -:   78:    Glob *g;//
        -:   79:    int depth;
        -:   80:    ChkPlayer *user;//pour indiquer positionnement des pieces du joueur
        -:   81:    ChkPlayer *machine;//pour indiquer positionnement des pieces de la machine
        -:   82:}Chkswindow;
        -:   83:
        -:   84:
        -:   85:typedef struct Ls
        -:   86:{
        -:   87:    int x, y;
        -:   88:    struct Ls *suiv;
        -:   89:}cellule7;
        -:   90:
        -:   91:typedef struct LsL
        -:   92:{
        -:   93:    cellule7 *liste;
        -:   94:    struct LsL *suiv;
        -:   95:} CelluleList;
        -:   96:
        -:   97:typedef struct {
        -:   98:    File *best;
        -:   99:    int numfield;
        -:  100:    int score;
        -:  101:}bestpath;
        -:  102:
        -:  103:
        -:  104:typedef struct ccn
        -:  105:{
        -:  106:    cellule7 *liste;
        -:  107:    int numfield;
        -:  108:    int score;
        -:  109:    struct ccn *suiv;
        -:  110:}cellule5;
        -:  111:
        -:  112:
        -:  113:typedef struct {
        -:  114:    ChksField *filed[8][8];
        -:  115:    ChkPlayer *machine;
        -:  116:    ChkPlayer *user;
        -:  117:}etat_window;
        -:  118:
function chks_field_set_owner called 2304 returned 100% blocks executed 96%
     2304:  119:void chks_field_set_owner(ChksField *field)
        -:  120:{
        -:  121:    GtkCssProvider* provider;
     2304:  122:    provider = gtk_css_provider_new();
     2304:  122-block  0
call    0 returned 2304
        -:  123:
     2304:  124:    gtk_css_provider_load_from_path(GTK_CSS_PROVIDER(provider),"C:\\Users\\USER\\Desktop\\GTK\\Dame_game\\test.css",NULL);
call    0 returned 2304
call    1 returned 2304
        -:  125:    GtkStyleContext *context;
     2304:  126:    context = gtk_widget_get_style_context(field->button);
call    0 returned 2304
     2304:  127:    switch (field->owner) {
branch  0 taken 1562
branch  1 taken 310
branch  2 taken 432
branch  3 taken 0
     1562:  128:        case CHKS_OWNER_NONE:
     1562:  129:            gtk_style_context_remove_class(context, "chks-player-one");
     1562:  129-block  0
call    0 returned 1562
     1562:  130:            gtk_style_context_remove_class(context, "chks-player-two");
call    0 returned 1562
     1562:  131:            gtk_style_context_remove_class(context, "chks-player-one-quenn");
call    0 returned 1562
     1562:  132:            gtk_style_context_remove_class(context, "chks-player-two-quenn");
call    0 returned 1562
     1562:  133:            break;
      310:  134:        case CHKS_OWNER_ONE:
      310:  135:            gtk_style_context_remove_class(context, "chks-player-one-pre");
      310:  135-block  0
call    0 returned 310
     310*:  136:            if(field->is_queen)gtk_style_context_add_class(context, "chks-player-one-quenn");
branch  0 taken 0 (fallthrough)
branch  1 taken 310
    %%%%%:  136-block  0
call    2 never executed
      310:  137:            else gtk_style_context_add_class(context, "chks-player-one");
      310:  137-block  0
call    0 returned 310
      310:  138:            break;
      310:  138-block  0
      432:  139:        case CHKS_OWNER_TWO:
      432:  140:            gtk_style_context_remove_class(context, "chks-player-two-pre");
      432:  140-block  0
call    0 returned 432
      432:  141:            if(field->is_queen)gtk_style_context_add_class(context, "chks-player-two-quenn");
branch  0 taken 18 (fallthrough)
branch  1 taken 414
       18:  141-block  0
call    2 returned 18
      414:  142:            else gtk_style_context_add_class(context, "chks-player-two");
      414:  142-block  0
call    0 returned 414
      432:  143:            break;
      432:  143-block  0
        -:  144:    }
     2304:  145:    gtk_style_context_add_provider(context, GTK_STYLE_PROVIDER(provider),
     2304:  145-block  0
call    0 returned 2304
call    1 returned 2304
        -:  146:                                   GTK_STYLE_PROVIDER_PRIORITY_APPLICATION);
     2304:  147:}
        -:  148:
function apply_style_button called 36 returned 100% blocks executed 100%
       36:  149:void apply_style_button(ChksField *field[8][8])
        -:  150:{
        -:  151:    int i,j;
      324:  152:    for(i=0;i<8;i++)
       36:  152-block  0
      288:  152-block  1
      324:  152-block  2
branch  0 taken 288
branch  1 taken 36 (fallthrough)
     2592:  153:        for(j=0;j<8;j++)
      288:  153-block  0
     2592:  153-block  1
branch  0 taken 2304
branch  1 taken 288 (fallthrough)
     2304:  154:            chks_field_set_owner(field[i][j]);
     2304:  154-block  0
call    0 returned 2304
       36:  155:}
        -:  156:
        -:  157:
function delete_value_ChkPlayer called 188 returned 100% blocks executed 91%
      188:  158:int delete_value_ChkPlayer(ChkPlayer *chpl,int row ,int col)
        -:  159:{
     1012:  160:    for(int i=0;chpl->nbr_piece_disp;i++)
      188:  160-block  0
      824:  160-block  1
     1012:  160-block  2
branch  0 taken 1012
branch  1 taken 0 (fallthrough)
        -:  161:    {
     1012:  162:        if(chpl->Tab[i].x==row && chpl->Tab[i].y==col)
     1012:  162-block  0
branch  0 taken 258 (fallthrough)
branch  1 taken 754
      258:  162-block  1
branch  2 taken 188 (fallthrough)
branch  3 taken 70
        -:  163:        {
     1536:  164:            for(int j=i;j<chpl->nbr_piece_disp;j++)
      188:  164-block  0
     1536:  164-block  1
branch  0 taken 1348
branch  1 taken 188 (fallthrough)
        -:  165:            {
     1348:  166:                chpl->Tab[j].x=chpl->Tab[j+1].x;
     1348:  167:                chpl->Tab[j].y=chpl->Tab[j+1].y;
     1348:  167-block  0
        -:  168:            }
      188:  169:            chpl->nbr_piece_disp--;
      188:  170:            return (int)1;
      188:  170-block  0
        -:  171:        }
        -:  172:    }
    #####:  173:    return (int)0;
    %%%%%:  173-block  0
        -:  174:}
        -:  175:
function creer_player called 2224 returned 100% blocks executed 60%
     2224:  176:ChkPlayer *creer_player()
        -:  177:{
     2224:  178:    ChkPlayer *pl=(ChkPlayer*) malloc(sizeof (ChkPlayer));
     2224:  179:    if(!pl)
     2224:  179-block  0
branch  0 taken 0 (fallthrough)
branch  1 taken 2224
        -:  180:    {
    #####:  181:        printf("error allocation");
    %%%%%:  181-block  0
call    0 never executed
    #####:  182:        exit(-1);
call    0 never executed
        -:  183:    }
     2224:  184:    pl->nbr_piece_disp=0;
     2224:  185:    return (ChkPlayer*)pl;
     2224:  185-block  0
        -:  186:}
        -:  187:
function creer_table called 1 returned 100% blocks executed 60%
        1:  188:Chkview *creer_table()
        -:  189:{
        1:  190:    Chkview *tb= malloc(sizeof (Chkview));
        1:  191:    if(!tb)
        1:  191-block  0
branch  0 taken 0 (fallthrough)
branch  1 taken 1
        -:  192:    {
    #####:  193:        printf("error allocation");
    %%%%%:  193-block  0
call    0 never executed
    #####:  194:        exit(-1);
call    0 never executed
        -:  195:    }
        1:  196:    return (Chkview*)tb;
        1:  196-block  0
        -:  197:}
function creer_initaliser_file called 1112 returned 100% blocks executed 60%
     1112:  198:File * creer_initaliser_file()
        -:  199:{
     1112:  200:    File *f=(File*) malloc(sizeof (File));
     1112:  201:    if(!f)
     1112:  201-block  0
branch  0 taken 0 (fallthrough)
branch  1 taken 1112
        -:  202:    {
    #####:  203:        printf("error allocation");
    %%%%%:  203-block  0
call    0 never executed
    #####:  204:        exit(-1);
call    0 never executed
        -:  205:    }
     1112:  206:    f->tete=NULL;
     1112:  207:    f->queue=NULL;
     1112:  208:    return (File*)f;
     1112:  208-block  0
        -:  209:}
        -:  210:
        -:  211:
function crrer_initailiser_ccellule2 called 2497 returned 100% blocks executed 60%
     2497:  212:cellule2 *crrer_initailiser_ccellule2(int score,int row,int col)
        -:  213:{
     2497:  214:    cellule2  *ne=(cellule2*)malloc(sizeof (cellule2));
     2497:  215:    if(!ne)
     2497:  215-block  0
branch  0 taken 0 (fallthrough)
branch  1 taken 2497
        -:  216:    {
    #####:  217:        printf("error allocation");
    %%%%%:  217-block  0
call    0 never executed
    #####:  218:        exit(-1);
call    0 never executed
        -:  219:    }
     2497:  220:    ne->score=score;
     2497:  221:    ne->row=row;
     2497:  222:    ne->col=col;
     2497:  223:    ne->suiv=NULL;
     2497:  224:    ne->butleft=NULL;
     2497:  225:    ne->butright=NULL;
     2497:  226:    ne->topleft=NULL;
     2497:  227:    ne->topright=NULL;
     2497:  228:    return (cellule2*)ne;
     2497:  228-block  0
        -:  229:}
        -:  230:
function est_vide_file called 188 returned 100% blocks executed 83%
      188:  231:int est_vide_file(File *f)
        -:  232:{
     188*:  233:    if(!f)return (int)-1;
      188:  233-block  0
branch  0 taken 0 (fallthrough)
branch  1 taken 188
    %%%%%:  233-block  1
      188:  234:    if(f->tete==NULL)return (int)1;//File vide;
      188:  234-block  0
branch  0 taken 148 (fallthrough)
branch  1 taken 40
      148:  234-block  1
       40:  235:    else return (int)0;//file not vide
       40:  235-block  0
        -:  236:}
        -:  237:
function enfiler called 21 returned 100% blocks executed 67%
       21:  238:int enfiler(File *f,cellule *ne)
        -:  239:{
      21*:  240:    if(!f)return (int)-1;
       21:  240-block  0
branch  0 taken 0 (fallthrough)
branch  1 taken 21
    %%%%%:  240-block  1
       21:  241:    if(!f->tete)
       21:  241-block  0
branch  0 taken 21 (fallthrough)
branch  1 taken 0
        -:  242:    {
       21:  243:        f->tete=ne;
       21:  244:        f->queue=ne;
       21:  245:        return (int)1;
       21:  245-block  0
        -:  246:    }
    #####:  247:    f->queue->suiv=ne;
    #####:  248:    f->queue=ne;
    #####:  249:    return (int)1;
    %%%%%:  249-block  0
        -:  250:}
        -:  251:
        -:  252:
function defiler called 336 returned 100% blocks executed 83%
      336:  253:int defiler(File *f)
        -:  254:{
        -:  255:    cellule *q;
     336*:  256:    if(!f)return (int)-1;
      336:  256-block  0
branch  0 taken 0 (fallthrough)
branch  1 taken 336
    %%%%%:  256-block  1
      336:  257:    if(f->tete==f->queue)
      336:  257-block  0
branch  0 taken 148 (fallthrough)
branch  1 taken 188
        -:  258:    {
      148:  259:        f->tete=NULL;
      148:  260:        f->queue=NULL;
      148:  261:        return (int)1;
      148:  261-block  0
        -:  262:    }
      188:  263:    q=f->tete;
      188:  264:    f->tete=f->tete->suiv;
      188:  265:    free(q);
      188:  266:    return (int)1;
      188:  266-block  0
        -:  267:}
        -:  268:
        -:  269://row et col sont les coordonnés de last
function verify_for_not_queen called 5 returned 100% blocks executed 48%
        5:  270:int verify_for_not_queen(ChksField *filed,ChksField *last,int row,int col,File *f)
        -:  271:{
        5:  272:    int a,b,c,d,droite=0,gauche=0;
        5:  273:    if(f)
        5:  273-block  0
branch  0 taken 0 (fallthrough)
branch  1 taken 5
        -:  274:    {
    #####:  275:        if(f->tete->row==row && f->tete->col==col)defiler(f);
    %%%%%:  275-block  0
branch  0 never executed
branch  1 never executed
    %%%%%:  275-block  1
branch  2 never executed
branch  3 never executed
    %%%%%:  275-block  2
call    4 never executed
        -:  276:    }
        5:  277:    if(last->view_table->table->filed[row-1][col-1]->row==filed->row &&
        5:  277-block  0
branch  0 taken 1 (fallthrough)
branch  1 taken 4
        1:  278:       last->view_table->table->filed[row-1][col-1]->col==filed->col)
        1:  278-block  0
branch  0 taken 0 (fallthrough)
branch  1 taken 1
    #####:  279:        return (int)1;
    %%%%%:  279-block  0
        5:  280:    if(row+1<=8 && col+1<=8)
        5:  280-block  0
branch  0 taken 5 (fallthrough)
branch  1 taken 0
        5:  280-block  1
branch  2 taken 5 (fallthrough)
branch  3 taken 0
        -:  281:    {
        5:  282:        if(last->view_table->table->filed[row+1-1][col+1-1]->owner==CHKS_OWNER_TWO)//right
        5:  282-block  0
branch  0 taken 0 (fallthrough)
branch  1 taken 5
        -:  283:        {
    #####:  284:            if(row+2<=8 && col+2<=8)
    %%%%%:  284-block  0
branch  0 never executed
branch  1 never executed
    %%%%%:  284-block  1
branch  2 never executed
branch  3 never executed
        -:  285:            {
    #####:  286:                if(last->view_table->table->filed[row+2-1][col+2-1]->owner==CHKS_OWNER_NONE) {
    %%%%%:  286-block  0
branch  0 never executed
branch  1 never executed
    #####:  287:                    a = last->view_table->table->filed[row + 2 - 1][col + 2 - 1]->row;
    #####:  288:                    b = last->view_table->table->filed[row + 2 - 1][col + 2 - 1]->col;
    #####:  289:                    droite = verify_for_not_queen(filed, last, a, b, f);
    %%%%%:  289-block  0
call    0 never executed
        -:  290:                }
        -:  291:            }
        -:  292:        }
        -:  293:    }
        5:  294:    if(row+1<=8 && col-1>=1)
        5:  294-block  0
branch  0 taken 5 (fallthrough)
branch  1 taken 0
        5:  294-block  1
branch  2 taken 5 (fallthrough)
branch  3 taken 0
        -:  295:    {
        5:  296:        if(last->view_table->table->filed[row+1-1][col-1-1]->owner==CHKS_OWNER_TWO)//left
        5:  296-block  0
branch  0 taken 0 (fallthrough)
branch  1 taken 5
        -:  297:        {
    #####:  298:            if(row+2<=8 && col-2>=1)
    %%%%%:  298-block  0
branch  0 never executed
branch  1 never executed
    %%%%%:  298-block  1
branch  2 never executed
branch  3 never executed
        -:  299:            {
    #####:  300:                if(last->view_table->table->filed[row+2-1][col-2-1]->owner==CHKS_OWNER_NONE)
    %%%%%:  300-block  0
branch  0 never executed
branch  1 never executed
        -:  301:                {
    #####:  302:                    a=last->view_table->table->filed[row+2-1][col-2-1]->row;
    #####:  303:                    b=last->view_table->table->filed[row+2-1][col-2-1]->col;
    #####:  304:                    gauche=verify_for_not_queen(filed,last,a,b,f);
    %%%%%:  304-block  0
call    0 never executed
        -:  305:                }
        -:  306:            }
        -:  307:        }
        -:  308:    }
        5:  309:    if(droite>=gauche)return (int)droite;
        5:  309-block  0
branch  0 taken 5 (fallthrough)
branch  1 taken 0
        5:  309-block  1
    #####:  310:    else return (int)gauche;
    %%%%%:  310-block  0
        -:  311:}
        -:  312:
function first_is_one_four called 0 returned 0% blocks executed 0%
    #####:  313:int first_is_one_four(ChksField *last)
        -:  314:{
        -:  315:    int a,b;
    #####:  316:    a=last->row;
    #####:  317:    b=last->col;
    #####:  318:    if((last->view_table->table->filed[a+1-1][b+1-1]->owner=CHKS_OWNER_ONE) &&
    %%%%%:  318-block  0
    #####:  319:            (last->view_table->table->filed[a+1-1][b+-1-1]->owner=CHKS_OWNER_ONE) &&
    %%%%%:  319-block  0
    #####:  320:            (last->view_table->table->filed[a-1-1][b-1-1]->owner=CHKS_OWNER_ONE) &&
    %%%%%:  320-block  0
    #####:  321:            (last->view_table->table->filed[a-1-1][b+1-1]->owner=CHKS_OWNER_ONE ))return (int)1;
    %%%%%:  321-block  0
    %%%%%:  321-block  1
        -:  322:    else return (int)0;
        -:  323:}
        -:  324:
function first_is_one called 0 returned 0% blocks executed 0%
    #####:  325:int first_is_one(ChksField *last,int i)
        -:  326:{
        -:  327:    int a,b;
    #####:  328:    a=last->row;
    #####:  329:    b=last->col;
    #####:  330:    switch (i) {
    %%%%%:  330-block  0
branch  0 never executed
branch  1 never executed
branch  2 never executed
branch  3 never executed
branch  4 never executed
    #####:  331:        case 1:
    #####:  332:            if(last->view_table->table->filed[a-1-1][b+1-1]->owner==CHKS_OWNER_ONE)return (int)1;
    %%%%%:  332-block  0
branch  0 never executed
branch  1 never executed
    %%%%%:  332-block  1
    #####:  333:            else return (int)0;
    %%%%%:  333-block  0
    #####:  334:        case 2:
    #####:  335:            if(last->view_table->table->filed[a-1-1][b-1-1]->owner==CHKS_OWNER_ONE)return (int)1;
    %%%%%:  335-block  0
branch  0 never executed
branch  1 never executed
    %%%%%:  335-block  1
    #####:  336:            else return (int)0;
    %%%%%:  336-block  0
    #####:  337:        case 3:
    #####:  338:            if(last->view_table->table->filed[a+1-1][b-1-1]->owner==CHKS_OWNER_ONE)return (int)1;
    %%%%%:  338-block  0
branch  0 never executed
branch  1 never executed
    %%%%%:  338-block  1
    #####:  339:            else return (int)0;
    %%%%%:  339-block  0
    #####:  340:        case 4:
    #####:  341:            if(last->view_table->table->filed[a+1-1][b+1-1]->owner==CHKS_OWNER_ONE)return (int)1;
    %%%%%:  341-block  0
branch  0 never executed
branch  1 never executed
    %%%%%:  341-block  1
    #####:  342:            else return (int)0;
    %%%%%:  342-block  0
        -:  343:    }
    #####:  344:    return (int)0;
    %%%%%:  344-block  0
        -:  345:}
        -:  346:
function first_one_or_two called 40 returned 100% blocks executed 51%
       40:  347:void first_one_or_two(ChksField *last,int *a,int *b,int i,ChksOwner owner,int et,etat_window *etw,int row,int col)
        -:  348:{
        -:  349:    int k,j;
       40:  350:    if(last)
       40:  350-block  0
branch  0 taken 0 (fallthrough)
branch  1 taken 40
        -:  351:    {
    #####:  352:        k=last->row;
    #####:  353:        j=last->col;
    %%%%%:  353-block  0
        -:  354:    }else
        -:  355:    {
       40:  356:        k=row;
       40:  357:        j=col;
       40:  357-block  0
        -:  358:    }
       40:  359:    switch (i) {
       40:  359-block  0
branch  0 taken 9
branch  1 taken 11
branch  2 taken 9
branch  3 taken 11
branch  4 taken 0
        9:  360:        case 1:
        9:  361:            k--;
        9:  362:            j++;
       9*:  363:            while (k>=1 && j<=8)
        9:  363-block  0
        9:  363-block  1
branch  0 taken 0 (fallthrough)
branch  1 taken 9
    %%%%%:  363-block  2
branch  2 never executed
branch  3 never executed
        -:  364:            {
    #####:  365:                if(last)
    %%%%%:  365-block  0
branch  0 never executed
branch  1 never executed
        -:  366:                {
    #####:  367:                    if(last->view_table->table->filed[k-1][j-1]->owner==owner)
    %%%%%:  367-block  0
branch  0 never executed
branch  1 never executed
        -:  368:                    {
    #####:  369:                        *a=last->view_table->table->filed[k-1][j-1]->row;
    #####:  370:                        *b=last->view_table->table->filed[k-1][j-1]->col;
    #####:  371:                        return;
    %%%%%:  371-block  0
    #####:  372:                    }else if(last->view_table->table->filed[k-1][j-1]->owner==
    %%%%%:  372-block  0
branch  0 never executed
branch  1 never executed
        -:  373:                    CHKS_OWNER_NONE)
        -:  374:                    {
    #####:  375:                        k--;
    #####:  376:                        j++;
    #####:  377:                        continue;
    %%%%%:  377-block  0
    #####:  378:                    }else break;
    %%%%%:  378-block  0
        -:  379:                }else
        -:  380:                {
    #####:  381:                    if(etw->filed[k-1][j-1]->owner==owner)
    %%%%%:  381-block  0
branch  0 never executed
branch  1 never executed
        -:  382:                    {
    #####:  383:                        *a=etw->filed[k-1][j-1]->row;
    #####:  384:                        *b=etw->filed[k-1][j-1]->col;
    #####:  385:                        return;
    %%%%%:  385-block  0
    #####:  386:                    }else if(etw->filed[k-1][j-1]->owner==
    %%%%%:  386-block  0
branch  0 never executed
branch  1 never executed
        -:  387:                             CHKS_OWNER_NONE)
        -:  388:                    {
    #####:  389:                        k--;
    #####:  390:                        j++;
    #####:  391:                        continue;
    %%%%%:  391-block  0
    #####:  392:                    }else break;
    %%%%%:  392-block  0
        -:  393:                }
        -:  394:            }
        9:  395:            break;
        9:  395-block  0
       11:  396:        case 2:
       11:  397:            k--;
       11:  398:            j--;
       12:  399:            while (k>=1 && j>=1)
       11:  399-block  0
       12:  399-block  1
branch  0 taken 3 (fallthrough)
branch  1 taken 9
        3:  399-block  2
branch  2 taken 1
branch  3 taken 2 (fallthrough)
        -:  400:            {
        1:  401:                if(last)
        1:  401-block  0
branch  0 taken 0 (fallthrough)
branch  1 taken 1
        -:  402:                {
    #####:  403:                    if(last->view_table->table->filed[k-1][j-1]->owner==owner)
    %%%%%:  403-block  0
branch  0 never executed
branch  1 never executed
        -:  404:                    {
    #####:  405:                        *a=last->view_table->table->filed[k-1][j-1]->row;
    #####:  406:                        *b=last->view_table->table->filed[k-1][j-1]->col;
    #####:  407:                        return;
    %%%%%:  407-block  0
    #####:  408:                    }else if(last->view_table->table->filed[k-1][j-1]->owner==
    %%%%%:  408-block  0
branch  0 never executed
branch  1 never executed
        -:  409:                             CHKS_OWNER_NONE)
        -:  410:                    {
    #####:  411:                        k--;
    #####:  412:                        j--;
    #####:  413:                        continue;
    %%%%%:  413-block  0
    #####:  414:                    }else break;
    %%%%%:  414-block  0
        -:  415:                }else
        -:  416:                {
        1:  417:                    if(etw->filed[k-1][j-1]->owner==owner)
        1:  417-block  0
branch  0 taken 0 (fallthrough)
branch  1 taken 1
        -:  418:                    {
    #####:  419:                        *a=etw->filed[k-1][j-1]->row;
    #####:  420:                        *b=etw->filed[k-1][j-1]->col;
    #####:  421:                        return;
    %%%%%:  421-block  0
        1:  422:                    }else if(etw->filed[k-1][j-1]->owner==
        1:  422-block  0
branch  0 taken 1 (fallthrough)
branch  1 taken 0
        -:  423:                             CHKS_OWNER_NONE)
        -:  424:                    {
        1:  425:                        k--;
        1:  426:                        j--;
        1:  427:                        continue;
        1:  427-block  0
    #####:  428:                    }else break;
    %%%%%:  428-block  0
        -:  429:                }
        -:  430:            }
       11:  431:            break;
       11:  431-block  0
        9:  432:        case 3:
        9:  433:            k++;
        9:  434:            j--;
       11:  435:            while (k<=8 && j>=1)
        9:  435-block  0
       11:  435-block  1
branch  0 taken 11 (fallthrough)
branch  1 taken 0
       11:  435-block  2
branch  2 taken 11
branch  3 taken 0 (fallthrough)
        -:  436:            {
       11:  437:                if(last)
       11:  437-block  0
branch  0 taken 0 (fallthrough)
branch  1 taken 11
        -:  438:                {
    #####:  439:                    if(last->view_table->table->filed[k-1][j-1]->owner==owner)
    %%%%%:  439-block  0
branch  0 never executed
branch  1 never executed
        -:  440:                    {
    #####:  441:                        *a=last->view_table->table->filed[k-1][j-1]->row;
    #####:  442:                        *b=last->view_table->table->filed[k-1][j-1]->col;
    #####:  443:                        return;
    %%%%%:  443-block  0
    #####:  444:                    }else if(last->view_table->table->filed[k-1][j-1]->owner==
    %%%%%:  444-block  0
branch  0 never executed
branch  1 never executed
        -:  445:                             CHKS_OWNER_NONE)
        -:  446:                    {
    #####:  447:                        k++;
    #####:  448:                        j--;
    #####:  449:                        continue;
    %%%%%:  449-block  0
    #####:  450:                    }else break;
    %%%%%:  450-block  0
        -:  451:                }else{
       11:  452:                    if(etw->filed[k-1][j-1]->owner==owner)
       11:  452-block  0
branch  0 taken 1 (fallthrough)
branch  1 taken 10
        -:  453:                    {
        1:  454:                        *a=etw->filed[k-1][j-1]->row;
        1:  455:                        *b=etw->filed[k-1][j-1]->col;
        1:  456:                        return;
        1:  456-block  0
       10:  457:                    }else if(etw->filed[k-1][j-1]->owner==
       10:  457-block  0
branch  0 taken 2 (fallthrough)
branch  1 taken 8
        -:  458:                             CHKS_OWNER_NONE)
        -:  459:                    {
        2:  460:                        k++;
        2:  461:                        j--;
        2:  462:                        continue;
        2:  462-block  0
        8:  463:                    }else break;
        8:  463-block  0
        -:  464:                }
        -:  465:            }
        8:  466:            break;
        8:  466-block  0
       11:  467:        case 4:
       11:  468:            k++;
       11:  469:            j++;
       12:  470:            while (k<=8 && j<=8)
       11:  470-block  0
       12:  470-block  1
branch  0 taken 12 (fallthrough)
branch  1 taken 0
       12:  470-block  2
branch  2 taken 12
branch  3 taken 0 (fallthrough)
        -:  471:            {
       12:  472:                if(last)
       12:  472-block  0
branch  0 taken 0 (fallthrough)
branch  1 taken 12
        -:  473:                {
    #####:  474:                    if(last->view_table->table->filed[k-1][j-1]->owner==owner)
    %%%%%:  474-block  0
branch  0 never executed
branch  1 never executed
        -:  475:                    {
    #####:  476:                        *a=last->view_table->table->filed[k-1][j-1]->row;
    #####:  477:                        *b=last->view_table->table->filed[k-1][j-1]->col;
    #####:  478:                        return;
    %%%%%:  478-block  0
    #####:  479:                    }else if(last->view_table->table->filed[k-1][j-1]->owner==
    %%%%%:  479-block  0
branch  0 never executed
branch  1 never executed
        -:  480:                             CHKS_OWNER_NONE)
        -:  481:                    {
    #####:  482:                        k++;
    #####:  483:                        j++;
    #####:  484:                        continue;
    %%%%%:  484-block  0
    #####:  485:                    }else break;
    %%%%%:  485-block  0
        -:  486:                }else
        -:  487:                {
       12:  488:                    if(etw->filed[k-1][j-1]->owner==owner)
       12:  488-block  0
branch  0 taken 2 (fallthrough)
branch  1 taken 10
        -:  489:                    {
        2:  490:                        *a=etw->filed[k-1][j-1]->row;
        2:  491:                        *b=etw->filed[k-1][j-1]->col;
        2:  492:                        return;
        2:  492-block  0
       10:  493:                    }else if(etw->filed[k-1][j-1]->owner==
       10:  493-block  0
branch  0 taken 1 (fallthrough)
branch  1 taken 9
        -:  494:                             CHKS_OWNER_NONE)
        -:  495:                    {
        1:  496:                        k++;
        1:  497:                        j++;
        1:  498:                        continue;
        1:  498-block  0
        9:  499:                    }else break;
        9:  499-block  0
        -:  500:                }
        -:  501:            }
        9:  502:            break;
        9:  502-block  0
        -:  503:    }
       37:  504:    if(et==0)
       37:  504-block  0
branch  0 taken 0 (fallthrough)
branch  1 taken 37
        -:  505:    {
    #####:  506:        switch (i) {
    %%%%%:  506-block  0
branch  0 never executed
branch  1 never executed
branch  2 never executed
branch  3 never executed
branch  4 never executed
    #####:  507:            case 1:
    #####:  508:                *a=k+1;
    #####:  509:                *b=j-1;
    #####:  510:                break;
    %%%%%:  510-block  0
    #####:  511:            case 2:
    #####:  512:                *a=k+1;
    #####:  513:                *b=j+1;
    #####:  514:                break;
    %%%%%:  514-block  0
    #####:  515:            case 3:
    #####:  516:                *a=k-1;
    #####:  517:                *b=j+1;
    #####:  518:                break;
    %%%%%:  518-block  0
    #####:  519:            case 4:
    #####:  520:                *a=k-1;
    #####:  521:                *b=j-1;
    #####:  522:                break;
    %%%%%:  522-block  0
        -:  523:        }
        -:  524:    }else
        -:  525:    {
       37:  526:        *a=-1;
       37:  527:        *b=-1;
       37:  527-block  0
        -:  528:    }
        -:  529:}
        -:  530:
function creer_initialiser_cellule called 1319 returned 100% blocks executed 60%
     1319:  531:cellule *creer_initialiser_cellule(int a,int b,int c,int c1)
        -:  532:{
     1319:  533:    cellule *ne=(cellule*)malloc(sizeof (cellule));
     1319:  534:    if(!ne)
     1319:  534-block  0
branch  0 taken 0 (fallthrough)
branch  1 taken 1319
        -:  535:    {
    #####:  536:        printf("error allocation");
    %%%%%:  536-block  0
call    0 never executed
    #####:  537:        exit(-1);
call    0 never executed
        -:  538:    }
     1319:  539:    ne->row=a;
     1319:  540:    ne->col=b;
     1319:  541:    ne->diag_not_verify=c;
     1319:  542:    ne->diag_not_verify=c1;
     1319:  543:    ne->suiv=NULL;
     1319:  544:    return (cellule*)ne;
     1319:  544-block  0
        -:  545:}
        -:  546:
function two_consecutif called 0 returned 0% blocks executed 0%
    #####:  547:int two_consecutif(int row,int col ,ChksField *last,int i,ChksOwner owner)
        -:  548:{
    #####:  549:    switch (i) {
    %%%%%:  549-block  0
branch  0 never executed
branch  1 never executed
branch  2 never executed
branch  3 never executed
branch  4 never executed
    #####:  550:        case 1:
    #####:  551:            if(last->view_table->table->filed[row-1][col-1]->owner==owner)
    %%%%%:  551-block  0
branch  0 never executed
branch  1 never executed
        -:  552:            {
    #####:  553:                if(((row-1)>=1 )&& ((col+1)<=8))
    %%%%%:  553-block  0
branch  0 never executed
branch  1 never executed
    %%%%%:  553-block  1
branch  2 never executed
branch  3 never executed
        -:  554:                {
    #####:  555:                    if(last->view_table->table->filed[row-1-1][col+1-1]->owner==owner)return (int)1;
    %%%%%:  555-block  0
branch  0 never executed
branch  1 never executed
    %%%%%:  555-block  1
    #####:  556:                    else return (int)0;
    %%%%%:  556-block  0
    #####:  557:                }else return (int)0;
    %%%%%:  557-block  0
        -:  558:
    #####:  559:            }else return (int)0;
    %%%%%:  559-block  0
        -:  560:            break;
    #####:  561:        case 2:
    #####:  562:            if(last->view_table->table->filed[row-1][col-1]->owner==owner)
    %%%%%:  562-block  0
branch  0 never executed
branch  1 never executed
        -:  563:            {
    #####:  564:                if(((row-1)>=1 )&& ((col-1)>=1))
    %%%%%:  564-block  0
branch  0 never executed
branch  1 never executed
    %%%%%:  564-block  1
branch  2 never executed
branch  3 never executed
        -:  565:                {
    #####:  566:                    if(last->view_table->table->filed[row-1-1][col-1-1]->owner==owner)return (int)1;
    %%%%%:  566-block  0
branch  0 never executed
branch  1 never executed
    %%%%%:  566-block  1
    #####:  567:                    else return (int)0;
    %%%%%:  567-block  0
    #####:  568:                }else return (int)0;
    %%%%%:  568-block  0
        -:  569:
    #####:  570:            }else return (int)0;
    %%%%%:  570-block  0
        -:  571:            break;
    #####:  572:        case 3:
    #####:  573:            if(last->view_table->table->filed[row-1][col-1]->owner==owner)
    %%%%%:  573-block  0
branch  0 never executed
branch  1 never executed
        -:  574:            {
    #####:  575:                if(((row+1)<=8)&& ((col-1)>=1))
    %%%%%:  575-block  0
branch  0 never executed
branch  1 never executed
    %%%%%:  575-block  1
branch  2 never executed
branch  3 never executed
        -:  576:                {
    #####:  577:                    if(last->view_table->table->filed[row+1-1][col-1-1]->owner==owner)return (int)1;
    %%%%%:  577-block  0
branch  0 never executed
branch  1 never executed
    %%%%%:  577-block  1
    #####:  578:                    else return (int)0;
    %%%%%:  578-block  0
    #####:  579:                }else return (int)0;
    %%%%%:  579-block  0
    #####:  580:            }else return (int)0;
    %%%%%:  580-block  0
        -:  581:            break;
    #####:  582:        case 4:
    #####:  583:            if(last->view_table->table->filed[row-1][col-1]->owner==owner)
    %%%%%:  583-block  0
branch  0 never executed
branch  1 never executed
        -:  584:            {
    #####:  585:                if(((row+1)<=8)&& ((col+1)<=8))
    %%%%%:  585-block  0
branch  0 never executed
branch  1 never executed
    %%%%%:  585-block  1
branch  2 never executed
branch  3 never executed
        -:  586:                {
    #####:  587:                    if(last->view_table->table->filed[row+1-1][col+1-1]->owner==owner)return (int)1;
    %%%%%:  587-block  0
branch  0 never executed
branch  1 never executed
    %%%%%:  587-block  1
    #####:  588:                    else return (int)0;
    %%%%%:  588-block  0
    #####:  589:                }else return (int)0;
    %%%%%:  589-block  0
    #####:  590:            }else return (int)0;
    %%%%%:  590-block  0
        -:  591:            break;
        -:  592:    }
    #####:  593:}
    %%%%%:  593-block  0
        -:  594:
function two_consecutif2 called 3 returned 100% blocks executed 37%
        3:  595:int two_consecutif2(int row,int col ,etat_window *etw,int i,ChksOwner owner)
        -:  596:{
        3:  597:    switch (i) {
        3:  597-block  0
branch  0 taken 0
branch  1 taken 0
branch  2 taken 1
branch  3 taken 2
branch  4 taken 0
    #####:  598:        case 1:
    #####:  599:            if(etw->filed[row-1][col-1]->owner==owner)
    %%%%%:  599-block  0
branch  0 never executed
branch  1 never executed
        -:  600:            {
    #####:  601:                if(((row-1)>=1 )&& ((col+1)<=8))
    %%%%%:  601-block  0
branch  0 never executed
branch  1 never executed
    %%%%%:  601-block  1
branch  2 never executed
branch  3 never executed
        -:  602:                {
    #####:  603:                    if(etw->filed[row-1-1][col+1-1]->owner==owner)return (int)1;
    %%%%%:  603-block  0
branch  0 never executed
branch  1 never executed
    %%%%%:  603-block  1
    #####:  604:                    else return (int)0;
    %%%%%:  604-block  0
    #####:  605:                }else return (int)0;
    %%%%%:  605-block  0
        -:  606:
    #####:  607:            }else return (int)0;
    %%%%%:  607-block  0
        -:  608:            break;
    #####:  609:        case 2:
    #####:  610:            if(etw->filed[row-1][col-1]->owner==owner)
    %%%%%:  610-block  0
branch  0 never executed
branch  1 never executed
        -:  611:            {
    #####:  612:                if(((row-1)>=1 )&& ((col-1)>=1))
    %%%%%:  612-block  0
branch  0 never executed
branch  1 never executed
    %%%%%:  612-block  1
branch  2 never executed
branch  3 never executed
        -:  613:                {
    #####:  614:                    if(etw->filed[row-1-1][col-1-1]->owner==owner)return (int)1;
    %%%%%:  614-block  0
branch  0 never executed
branch  1 never executed
    %%%%%:  614-block  1
    #####:  615:                    else return (int)0;
    %%%%%:  615-block  0
    #####:  616:                }else return (int)0;
    %%%%%:  616-block  0
        -:  617:
    #####:  618:            }else return (int)0;
    %%%%%:  618-block  0
        -:  619:            break;
        1:  620:        case 3:
        1:  621:            if(etw->filed[row-1][col-1]->owner==owner)
        1:  621-block  0
branch  0 taken 1 (fallthrough)
branch  1 taken 0
        -:  622:            {
        1:  623:                if(((row+1)<=8)&& ((col-1)>=1))
        1:  623-block  0
branch  0 taken 1 (fallthrough)
branch  1 taken 0
        1:  623-block  1
branch  2 taken 1 (fallthrough)
branch  3 taken 0
        -:  624:                {
       1*:  625:                    if(etw->filed[row+1-1][col-1-1]->owner==owner)return (int)1;
        1:  625-block  0
branch  0 taken 0 (fallthrough)
branch  1 taken 1
    %%%%%:  625-block  1
        1:  626:                    else return (int)0;
        1:  626-block  0
    #####:  627:                }else return (int)0;
    %%%%%:  627-block  0
    #####:  628:            }else return (int)0;
    %%%%%:  628-block  0
        -:  629:            break;
        2:  630:        case 4:
        2:  631:            if(etw->filed[row-1][col-1]->owner==owner)
        2:  631-block  0
branch  0 taken 2 (fallthrough)
branch  1 taken 0
        -:  632:            {
        2:  633:                if(((row+1)<=8)&& ((col+1)<=8))
        2:  633-block  0
branch  0 taken 2 (fallthrough)
branch  1 taken 0
        2:  633-block  1
branch  2 taken 2 (fallthrough)
branch  3 taken 0
        -:  634:                {
        2:  635:                    if(etw->filed[row+1-1][col+1-1]->owner==owner)return (int)1;
        2:  635-block  0
branch  0 taken 1 (fallthrough)
branch  1 taken 1
        1:  635-block  1
        1:  636:                    else return (int)0;
        1:  636-block  0
    #####:  637:                }else return (int)0;
    %%%%%:  637-block  0
    #####:  638:            }else return (int)0;
    %%%%%:  638-block  0
        -:  639:            break;
        -:  640:    }
    #####:  641:}
    %%%%%:  641-block  0
        -:  642:
function exist_case_beetwen_one_two called 0 returned 0% blocks executed 0%
    #####:  643:int exist_case_beetwen_one_two(ChksField *last,ChksField *field,int i,File *f)
        -:  644:{
    #####:  645:    int c,d,cpt=0,kk=0;
    #####:  646:    switch (i) {
    %%%%%:  646-block  0
branch  0 never executed
branch  1 never executed
branch  2 never executed
branch  3 never executed
branch  4 never executed
    #####:  647:        case 1:
    #####:  648:            c=last->row-1;
    #####:  649:            d=last->col+1;
    %%%%%:  649-block  0
        -:  650:            do {
        -:  651:                //rien a verifier
    #####:  652:                if(c<1 && d>8)
    %%%%%:  652-block  0
branch  0 never executed
branch  1 never executed
    %%%%%:  652-block  1
branch  2 never executed
branch  3 never executed
        -:  653:                {
    #####:  654:                    if(kk==0)return (int)-2;
    %%%%%:  654-block  0
branch  0 never executed
branch  1 never executed
    %%%%%:  654-block  1
    #####:  655:                    else return (int)-3;
    %%%%%:  655-block  0
        -:  656:                }
        -:  657:                //le champs est le correspond
    #####:  658:                if((field->view_table->table->filed[c-1][d-1]->row==field->row) &&
    %%%%%:  658-block  0
branch  0 never executed
branch  1 never executed
    #####:  659:                   (field->view_table->table->filed[c-1][d-1]->col==field->col) &&
    %%%%%:  659-block  0
branch  0 never executed
branch  1 never executed
    #####:  660:                        (field->view_table->table->filed[c-1][d-1]->owner==CHKS_OWNER_NONE))
    %%%%%:  660-block  0
branch  0 never executed
branch  1 never executed
    #####:  661:                    return (int)1;
    %%%%%:  661-block  0
    #####:  662:                else if(field->view_table->table->filed[c-1][d-1]->owner==CHKS_OWNER_TWO && cpt==0)cpt=1;
    %%%%%:  662-block  0
branch  0 never executed
branch  1 never executed
    %%%%%:  662-block  1
branch  2 never executed
branch  3 never executed
    %%%%%:  662-block  2
    #####:  663:                else if((cpt==1) && (field->view_table->table->filed[c-1][d-1]->owner==CHKS_OWNER_NONE))
    %%%%%:  663-block  0
branch  0 never executed
branch  1 never executed
    %%%%%:  663-block  1
branch  2 never executed
branch  3 never executed
        -:  664:                {
    #####:  665:                    cellule *ne= creer_initialiser_cellule(c,d,3,i);
    %%%%%:  665-block  0
call    0 never executed
    #####:  666:                    enfiler(f,ne);
call    0 never executed
    #####:  667:                    kk++;
        -:  668:                }
    #####:  669:                c--;
    #####:  670:                d++;
    #####:  671:            } while ((!two_consecutif(c,d,last,i,CHKS_OWNER_TWO))&&(field->view_table->table->filed[c-1][d-1]->owner==CHKS_OWNER_TWO));
    %%%%%:  671-block  0
call    0 never executed
branch  1 never executed
branch  2 never executed
    %%%%%:  671-block  1
branch  3 never executed
branch  4 never executed
    #####:  672:            if(kk==0)return (int)-2;//on a rien ajouter a la file pour la traiter
    %%%%%:  672-block  0
branch  0 never executed
branch  1 never executed
    %%%%%:  672-block  1
    #####:  673:            else return (int)-3;
    %%%%%:  673-block  0
    #####:  674:        case 2:
    #####:  675:            c=last->row-1;
    #####:  676:            d=last->col-1;
    %%%%%:  676-block  0
        -:  677:            do {
        -:  678:                //rien a verifier
    #####:  679:                if(c<1 && d<1)
    %%%%%:  679-block  0
branch  0 never executed
branch  1 never executed
    %%%%%:  679-block  1
branch  2 never executed
branch  3 never executed
        -:  680:                {
    #####:  681:                    if(kk==0)return (int)-2;
    %%%%%:  681-block  0
branch  0 never executed
branch  1 never executed
    %%%%%:  681-block  1
    #####:  682:                    else return (int)-3;
    %%%%%:  682-block  0
        -:  683:                }
        -:  684:                //le champs est le correspond
    #####:  685:                if((field->view_table->table->filed[c-1][d-1]->row==field->row) &&
    %%%%%:  685-block  0
branch  0 never executed
branch  1 never executed
    #####:  686:                   (field->view_table->table->filed[c-1][d-1]->col==field->col) &&
    %%%%%:  686-block  0
branch  0 never executed
branch  1 never executed
    #####:  687:                   (field->view_table->table->filed[c-1][d-1]->owner==CHKS_OWNER_NONE))
    %%%%%:  687-block  0
branch  0 never executed
branch  1 never executed
    #####:  688:                    return (int)1;
    %%%%%:  688-block  0
    #####:  689:                else if(field->view_table->table->filed[c-1][d-1]->owner==CHKS_OWNER_TWO && cpt==0)cpt=1;
    %%%%%:  689-block  0
branch  0 never executed
branch  1 never executed
    %%%%%:  689-block  1
branch  2 never executed
branch  3 never executed
    %%%%%:  689-block  2
    #####:  690:                else if((cpt==1) && (field->view_table->table->filed[c-1][d-1]->owner==CHKS_OWNER_NONE))
    %%%%%:  690-block  0
branch  0 never executed
branch  1 never executed
    %%%%%:  690-block  1
branch  2 never executed
branch  3 never executed
        -:  691:                {
    #####:  692:                    cellule *ne= creer_initialiser_cellule(c,d,4,i);
    %%%%%:  692-block  0
call    0 never executed
    #####:  693:                    enfiler(f,ne);
call    0 never executed
    #####:  694:                    kk++;
        -:  695:                }
    #####:  696:                c--;
    #####:  697:                d--;
    #####:  698:            } while ((!two_consecutif(c,d,last,i,CHKS_OWNER_TWO))&&(field->view_table->table->filed[c-1][d-1]->owner==CHKS_OWNER_TWO));
    %%%%%:  698-block  0
call    0 never executed
branch  1 never executed
branch  2 never executed
    %%%%%:  698-block  1
branch  3 never executed
branch  4 never executed
    #####:  699:            if(kk==0)return (int)-2;//on a rien ajouter a la file pour la traiter
    %%%%%:  699-block  0
branch  0 never executed
branch  1 never executed
    %%%%%:  699-block  1
    #####:  700:            else return (int)-3;
    %%%%%:  700-block  0
    #####:  701:        case 3:
    #####:  702:            c=last->row+1;
    #####:  703:            d=last->col-1;
    %%%%%:  703-block  0
        -:  704:            do {
        -:  705:                //rien a verifier
    #####:  706:                if(c>8 && d<1)
    %%%%%:  706-block  0
branch  0 never executed
branch  1 never executed
    %%%%%:  706-block  1
branch  2 never executed
branch  3 never executed
        -:  707:                {
    #####:  708:                    if(kk==0)return (int)-2;
    %%%%%:  708-block  0
branch  0 never executed
branch  1 never executed
    %%%%%:  708-block  1
    #####:  709:                    else return (int)-3;
    %%%%%:  709-block  0
        -:  710:                }
        -:  711:                //le champs est le correspond
    #####:  712:                if((field->view_table->table->filed[c-1][d-1]->row==field->row) &&
    %%%%%:  712-block  0
branch  0 never executed
branch  1 never executed
    #####:  713:                   (field->view_table->table->filed[c-1][d-1]->col==field->col) &&
    %%%%%:  713-block  0
branch  0 never executed
branch  1 never executed
    #####:  714:                   (field->view_table->table->filed[c-1][d-1]->owner==CHKS_OWNER_NONE))
    %%%%%:  714-block  0
branch  0 never executed
branch  1 never executed
    #####:  715:                    return (int)1;
    %%%%%:  715-block  0
    #####:  716:                else if(field->view_table->table->filed[c-1][d-1]->owner==CHKS_OWNER_TWO && cpt==0)cpt=1;
    %%%%%:  716-block  0
branch  0 never executed
branch  1 never executed
    %%%%%:  716-block  1
branch  2 never executed
branch  3 never executed
    %%%%%:  716-block  2
    #####:  717:                else if((cpt==1) && (field->view_table->table->filed[c-1][d-1]->owner==CHKS_OWNER_NONE))
    %%%%%:  717-block  0
branch  0 never executed
branch  1 never executed
    %%%%%:  717-block  1
branch  2 never executed
branch  3 never executed
        -:  718:                {
    #####:  719:                    cellule *ne= creer_initialiser_cellule(c,d,1,i);
    %%%%%:  719-block  0
call    0 never executed
    #####:  720:                    enfiler(f,ne);
call    0 never executed
    #####:  721:                    kk++;
        -:  722:                }
    #####:  723:                c++;
    #####:  724:                d--;
    #####:  725:            } while ((!two_consecutif(c,d,last,i,CHKS_OWNER_TWO))&&(field->view_table->table->filed[c-1][d-1]->owner==CHKS_OWNER_TWO));
    %%%%%:  725-block  0
call    0 never executed
branch  1 never executed
branch  2 never executed
    %%%%%:  725-block  1
branch  3 never executed
branch  4 never executed
    #####:  726:            if(kk==0)return (int)-2;//on a rien ajouter a la file pour la traiter
    %%%%%:  726-block  0
branch  0 never executed
branch  1 never executed
    %%%%%:  726-block  1
    #####:  727:            else return (int)-3;
    %%%%%:  727-block  0
    #####:  728:        case 4:
    #####:  729:            c=last->row+1;
    #####:  730:            d=last->col+1;
    %%%%%:  730-block  0
        -:  731:            do {
        -:  732:                //rien a verifier
    #####:  733:                if(c>8 && d>8){
    %%%%%:  733-block  0
branch  0 never executed
branch  1 never executed
    %%%%%:  733-block  1
branch  2 never executed
branch  3 never executed
    #####:  734:                    if(kk==0)return (int)-2;
    %%%%%:  734-block  0
branch  0 never executed
branch  1 never executed
    %%%%%:  734-block  1
    #####:  735:                    else return (int)-3;
    %%%%%:  735-block  0
        -:  736:                }
        -:  737:                //le champs est le correspond
    #####:  738:                if((field->view_table->table->filed[c-1][d-1]->row==field->row) &&
    %%%%%:  738-block  0
branch  0 never executed
branch  1 never executed
    #####:  739:                   (field->view_table->table->filed[c-1][d-1]->col==field->col) &&
    %%%%%:  739-block  0
branch  0 never executed
branch  1 never executed
    #####:  740:                   (field->view_table->table->filed[c-1][d-1]->owner==CHKS_OWNER_NONE))
    %%%%%:  740-block  0
branch  0 never executed
branch  1 never executed
    #####:  741:                    return (int)1;
    %%%%%:  741-block  0
    #####:  742:                else if(field->view_table->table->filed[c-1][d-1]->owner==CHKS_OWNER_TWO && cpt==0)cpt=1;
    %%%%%:  742-block  0
branch  0 never executed
branch  1 never executed
    %%%%%:  742-block  1
branch  2 never executed
branch  3 never executed
    %%%%%:  742-block  2
    #####:  743:                else if((cpt==1) && (field->view_table->table->filed[c-1][d-1]->owner==CHKS_OWNER_NONE))
    %%%%%:  743-block  0
branch  0 never executed
branch  1 never executed
    %%%%%:  743-block  1
branch  2 never executed
branch  3 never executed
        -:  744:                {
    #####:  745:                    cellule *ne= creer_initialiser_cellule(c,d,2,i);
    %%%%%:  745-block  0
call    0 never executed
    #####:  746:                    enfiler(f,ne);
call    0 never executed
    #####:  747:                    kk++;
        -:  748:                }
    #####:  749:                c++;
    #####:  750:                d++;
    #####:  751:            } while ((!two_consecutif(c,d,last,i,CHKS_OWNER_TWO))&&(field->view_table->table->filed[c-1][d-1]->owner==CHKS_OWNER_TWO));
    %%%%%:  751-block  0
call    0 never executed
branch  1 never executed
branch  2 never executed
    %%%%%:  751-block  1
branch  3 never executed
branch  4 never executed
    #####:  752:            if(kk==0)return (int)-2;//on a rien ajouter a la file pour la traiter
    %%%%%:  752-block  0
branch  0 never executed
branch  1 never executed
    %%%%%:  752-block  1
    #####:  753:            else return (int)-3;
    %%%%%:  753-block  0
        -:  754:    }
    #####:  755:}
    %%%%%:  755-block  0
        -:  756:
        -:  757:
function techek_entred_piece called 46 returned 100% blocks executed 26%
       46:  758:int techek_entred_piece(ChksField *filed,ChksField *last,File *f1)
        -:  759:{
       46:  760:    int i,er=0,m,c,d;
        -:  761:    ChksField *ff;
        -:  762:    //si le champ survoler est different de none rien faire
      46*:  763:    if(filed->owner==CHKS_OWNER_TWO || filed->owner==CHKS_OWNER_ONE)return (int)0;
       46:  763-block  0
branch  0 taken 46 (fallthrough)
branch  1 taken 0
       46:  763-block  1
branch  2 taken 0 (fallthrough)
branch  3 taken 46
    %%%%%:  763-block  2
        -:  764:    //si le diagonal en bas a gauche et a droite contient piece de l'utilisateur
       46:  765:    if(last->row+1<=8 && last->col-1>=1 && last->col+1<=8)
       46:  765-block  0
branch  0 taken 46 (fallthrough)
branch  1 taken 0
       46:  765-block  1
branch  2 taken 44 (fallthrough)
branch  3 taken 2
       44:  765-block  2
branch  4 taken 42 (fallthrough)
branch  5 taken 2
        -:  766:    {
       42:  767:        if(last->view_table->table->filed[last->row+1-1][last->col-1-1]->owner==CHKS_OWNER_ONE &&
       42:  767-block  0
branch  0 taken 8 (fallthrough)
branch  1 taken 34
        8:  768:           last->view_table->table->filed[last->row+1-1][last->col+1-1]->owner==CHKS_OWNER_ONE)
        8:  768-block  0
branch  0 taken 0 (fallthrough)
branch  1 taken 8
    #####:  769:            return (int)0;
    %%%%%:  769-block  0
        -:  770:    }
       46:  771:    if(!last->is_queen)
       46:  771-block  0
branch  0 taken 46 (fallthrough)
branch  1 taken 0
        -:  772:    {
       46:  773:        if(filed->row==last->row+1 && filed->col==last->col+1)return (int)1;
       46:  773-block  0
branch  0 taken 42 (fallthrough)
branch  1 taken 4
       42:  773-block  1
branch  2 taken 19 (fallthrough)
branch  3 taken 23
       19:  773-block  2
       27:  774:        if(filed->row==last->row+1 && filed->col==last->col-1)return (int)1;
       27:  774-block  0
branch  0 taken 23 (fallthrough)
branch  1 taken 4
       23:  774-block  1
branch  2 taken 22 (fallthrough)
branch  3 taken 1
       22:  774-block  2
        5:  775:        return (int)verify_for_not_queen(filed,last,last->row,last->col,f1);
        5:  775-block  0
call    0 returned 5
        -:  776:    }else{//verification pour queen
        -:  777:        /*
        -:  778:        * j'ai trouvé 4 champs one
        -:  779:        * il ne peut pas ce deplacer
        -:  780:        */
    #####:  781:        if(first_is_one_four(last))return (int)0;
    %%%%%:  781-block  0
call    0 never executed
branch  1 never executed
branch  2 never executed
    %%%%%:  781-block  1
    #####:  782:        File *f=creer_initaliser_file();
    %%%%%:  782-block  0
call    0 never executed
    #####:  783:        if(est_vide_file(f))
call    0 never executed
branch  1 never executed
branch  2 never executed
        -:  784:        {
    #####:  785:           for(i=1;i<=4;i++)
    %%%%%:  785-block  0
    %%%%%:  785-block  1
    %%%%%:  785-block  2
branch  0 never executed
branch  1 never executed
        -:  786:           {
        -:  787:               //Dans cette direction field one ne peut pas ce deplacer
    #####:  788:               if(first_is_one(last,i))
    %%%%%:  788-block  0
call    0 never executed
branch  1 never executed
branch  2 never executed
        -:  789:               {
    #####:  790:                   er++;//on a rien inserer dans la file
    #####:  791:                   continue;
    %%%%%:  791-block  0
        -:  792:               }
        -:  793:               //verifier si il existe l'adversaire dans cette direction
    #####:  794:               first_one_or_two(last,&c,&d,i,CHKS_OWNER_TWO,1,NULL,-1,-1);
    %%%%%:  794-block  0
call    0 never executed
    #####:  795:               if((c==-1)&&(d==-1))er++;//il n'as pas trouvé two et on a rien inserer dans la file
branch  0 never executed
branch  1 never executed
    %%%%%:  795-block  0
branch  2 never executed
branch  3 never executed
    %%%%%:  795-block  1
        -:  796:               else
        -:  797:               {
    #####:  798:                   m=exist_case_beetwen_one_two(last,filed,i,f);
    %%%%%:  798-block  0
call    0 never executed
    #####:  799:                   if(m==-2)er++;
branch  0 never executed
branch  1 never executed
    %%%%%:  799-block  0
    #####:  800:                   else if(m==1)return (int)1;
    %%%%%:  800-block  0
branch  0 never executed
branch  1 never executed
    %%%%%:  800-block  1
        -:  801:               }
        -:  802:           }
        -:  803:        }
    #####:  804:        if(er==4)return (int)0;/*il n'a pas trouvé et il n'existe pas une case beetwen last machine field
    %%%%%:  804-block  0
branch  0 never executed
branch  1 never executed
    %%%%%:  804-block  1
        -:  805:         and first one field   */
    #####:  806:        while (!est_vide_file(f))
    %%%%%:  806-block  0
    %%%%%:  806-block  1
call    0 never executed
branch  1 never executed
branch  2 never executed
        -:  807:        {
    #####:  808:            if(f1)
    %%%%%:  808-block  0
branch  0 never executed
branch  1 never executed
        -:  809:            {
    #####:  810:                if(f->tete->row==f1->tete->row &&
    %%%%%:  810-block  0
branch  0 never executed
branch  1 never executed
    #####:  811:                   f->tete->col==f1->tete->col)
    %%%%%:  811-block  0
branch  0 never executed
branch  1 never executed
    #####:  812:                    defiler(f1);
    %%%%%:  812-block  0
call    0 never executed
        -:  813:            }
    #####:  814:            for(i=1;i<=4;i++)
    %%%%%:  814-block  0
    %%%%%:  814-block  1
    %%%%%:  814-block  2
branch  0 never executed
branch  1 never executed
        -:  815:            {
    #####:  816:                if(i!=f->tete->diag_not_verify && i!=f->tete->diag_not_verify2)
    %%%%%:  816-block  0
branch  0 never executed
branch  1 never executed
    %%%%%:  816-block  1
branch  2 never executed
branch  3 never executed
        -:  817:                {
    #####:  818:                    ff=last->view_table->table->filed[f->tete->row-1][f->tete->col-1];
    #####:  819:                    first_one_or_two(ff,&c,&d,i,CHKS_OWNER_TWO,1,NULL,-1,-1);
    %%%%%:  819-block  0
call    0 never executed
    #####:  820:                    if((c==-1)&&(d==-1))continue;
branch  0 never executed
branch  1 never executed
    %%%%%:  820-block  0
branch  2 never executed
branch  3 never executed
    %%%%%:  820-block  1
    #####:  821:                    switch (i) {
    %%%%%:  821-block  0
branch  0 never executed
branch  1 never executed
branch  2 never executed
branch  3 never executed
branch  4 never executed
    #####:  822:                        case 1:
    #####:  823:                            ff=last->view_table->table->filed[c+1-1][d-1-1];
    #####:  824:                            break;
    %%%%%:  824-block  0
    #####:  825:                        case 2:
    #####:  826:                            ff=last->view_table->table->filed[c+1-1][d+1-1];
    #####:  827:                            break;
    %%%%%:  827-block  0
    #####:  828:                        case 3:
    #####:  829:                            ff=last->view_table->table->filed[c-1-1][d+1-1];
    #####:  830:                            break;
    %%%%%:  830-block  0
    #####:  831:                        case 4:
    #####:  832:                            ff=last->view_table->table->filed[c-1-1][d-1-1];
    #####:  833:                            break;
    %%%%%:  833-block  0
        -:  834:                    }
    #####:  835:                    m=exist_case_beetwen_one_two(ff,filed,i,f);
    %%%%%:  835-block  0
call    0 never executed
    #####:  836:                    if(m==1)return (int)1;//field trouvé
branch  0 never executed
branch  1 never executed
    %%%%%:  836-block  0
        -:  837:                }
        -:  838:            }
    #####:  839:            defiler(f);
    %%%%%:  839-block  0
call    0 never executed
        -:  840:        }
    #####:  841:        return (int)0;
    %%%%%:  841-block  0
        -:  842:    }
        -:  843:}
        -:  844:
function piece_entered called 93 returned 100% blocks executed 84%
       93:  845:void piece_entered(GtkWidget *button,ChksField *field)
        -:  846:{
       93:  847:    if(!field->view_table->table->last)return;
       93:  847-block  0
branch  0 taken 61 (fallthrough)
branch  1 taken 32
       61:  847-block  1
       32:  848:    if(field->owner != CHKS_OWNER_NONE)return;
       32:  848-block  0
branch  0 taken 4 (fallthrough)
branch  1 taken 28
        4:  848-block  1
       28:  849:    if(techek_entred_piece(field,field->view_table->table->last,NULL))
       28:  849-block  0
call    0 returned 28
branch  1 taken 23 (fallthrough)
branch  2 taken 5
        -:  850:    {
       23:  851:        GtkStyleContext* context = gtk_widget_get_style_context(button);
       23:  851-block  0
call    0 returned 23
       23:  852:        GtkCssProvider* provider = gtk_css_provider_new();
call    0 returned 23
       23:  853:        gtk_css_provider_load_from_path(provider, "C:\\Users\\USER\\Desktop\\GTK\\Dame_game\\test.css", NULL);
call    0 returned 23
       23:  854:        switch (field->view_table->table->last->owner) {
branch  0 taken 23
branch  1 taken 0
branch  2 taken 0
        -:  855:
       23:  856:            case CHKS_OWNER_ONE:
       23:  857:                gtk_style_context_add_class(GTK_STYLE_CONTEXT(context),"chks-player-one-pre");
       23:  857-block  0
call    0 returned 23
call    1 returned 23
       23:  858:                break;
    #####:  859:            case CHKS_OWNER_TWO:
    #####:  860:                gtk_style_context_add_class(GTK_STYLE_CONTEXT(context),"chks-player-two-pre");
    %%%%%:  860-block  0
call    0 never executed
call    1 never executed
    #####:  861:                break;
        -:  862:        }
       23:  863:        gtk_style_context_add_provider(context, GTK_STYLE_PROVIDER(provider), GTK_STYLE_PROVIDER_PRIORITY_APPLICATION);
       23:  863-block  0
call    0 returned 23
call    1 returned 23
        -:  864:    }
        -:  865:}
        -:  866:
function vider_file called 20 returned 100% blocks executed 75%
       20:  867:int vider_file(File *f)
        -:  868:{
      20*:  869:    if(!f)return (int)-1;
       20:  869-block  0
branch  0 taken 0 (fallthrough)
branch  1 taken 20
    %%%%%:  869-block  1
       20:  870:    f->tete=NULL;
       20:  871:    f->queue=NULL;
       20:  872:    return (int)1;
       20:  872-block  0
        -:  873:}
        -:  874:
        -:  875:
function piece_cliecked called 42 returned 100% blocks executed 86%
       42:  876:void piece_cliecked(GtkWidget *button, ChksField *fieled)
        -:  877:{
       42:  878:    if(fieled->view_table->user->nbr_piece_disp==0 ||
       42:  878-block  0
branch  0 taken 42 (fallthrough)
branch  1 taken 0
       42:  879:    fieled->view_table->machine->nbr_piece_disp==0)
       42:  879-block  0
branch  0 taken 0 (fallthrough)
branch  1 taken 42
    #####:  880:        return;//l'un des deux joueur a gagné
    %%%%%:  880-block  0
      42*:  881:    if(fieled->owner==CHKS_OWNER_TWO)return;//on peut pas jouer avec les pieces de la machine
       42:  881-block  0
branch  0 taken 0 (fallthrough)
branch  1 taken 42
    %%%%%:  881-block  1
       42:  882:    if(fieled->view_table->table->last)
       42:  882-block  0
branch  0 taken 24 (fallthrough)
branch  1 taken 18
        -:  883:    {
       24:  884:        if(fieled->owner==CHKS_OWNER_ONE)
       24:  884-block  0
branch  0 taken 3 (fallthrough)
branch  1 taken 21
        -:  885:        {
        3:  886:            vider_file(fieled->view_table->g->f);
        3:  886-block  0
call    0 returned 3
        3:  887:            fieled->view_table->table->last=fieled;
        3:  888:            return;
        -:  889:        }
        -:  890:        //field NONE
       21:  891:        cellule *ne= creer_initialiser_cellule(fieled->row,
       21:  891-block  0
call    0 returned 21
        -:  892:                                               fieled->col,-1,-1);
       21:  893:        enfiler(fieled->view_table->g->f,ne);
call    0 returned 21
       21:  894:        fieled->view_table->g->field=fieled;//le dernier None clicker
       18:  895:    }else fieled->view_table->table->last=fieled;
       18:  895-block  0
        -:  896:}
        -:  897:
function piece_leaved called 92 returned 100% blocks executed 100%
       92:  898:void piece_leaved(GtkWidget *button,ChksField *field)
        -:  899:{
        -:  900:    GtkStyleContext* context;
       92:  901:    context = gtk_widget_get_style_context(button);
       92:  901-block  0
call    0 returned 92
       92:  902:    gtk_style_context_remove_class(context, "chks-player-one-pre");
call    0 returned 92
       92:  903:    gtk_style_context_remove_class(context, "chks-player-two-pre");
call    0 returned 92
       92:  904:}
        -:  905:
function copy_file called 0 returned 0% blocks executed 0%
    #####:  906:int copy_file(File *sourceF, File *destF)
        -:  907:{
    #####:  908:    File *tmp=creer_initaliser_file();
    %%%%%:  908-block  0
call    0 never executed
    #####:  909:    if(!sourceF)return (int)0;
branch  0 never executed
branch  1 never executed
    %%%%%:  909-block  0
    #####:  910:    while (!est_vide_file(sourceF))
    %%%%%:  910-block  0
    %%%%%:  910-block  1
call    0 never executed
branch  1 never executed
branch  2 never executed
        -:  911:    {
    #####:  912:        cellule *ne= creer_initialiser_cellule(sourceF->tete->row,sourceF->tete->col,-1,-1);
    %%%%%:  912-block  0
call    0 never executed
    #####:  913:        enfiler(destF,ne);
call    0 never executed
    #####:  914:        enfiler(tmp,ne);
call    0 never executed
    #####:  915:        defiler(sourceF);
call    0 never executed
        -:  916:    }
    #####:  917:    while (!est_vide_file(tmp))
    %%%%%:  917-block  0
    %%%%%:  917-block  1
call    0 never executed
branch  1 never executed
branch  2 never executed
        -:  918:    {
    #####:  919:        cellule *ne= creer_initialiser_cellule(tmp->tete->row,tmp->tete->col,-1,-1);
    %%%%%:  919-block  0
call    0 never executed
    #####:  920:        enfiler(sourceF,ne);
call    0 never executed
    #####:  921:        defiler(tmp);
call    0 never executed
        -:  922:    }
    #####:  923:    return (int)1;
    %%%%%:  923-block  0
        -:  924:}
        -:  925:
        -:  926:
function inserer_fin_liste called 958 returned 100% blocks executed 60%
      958:  927:cellule2 *inserer_fin_liste(cellule2 *liste,int score,int row,int col)
        -:  928:{
      958:  929:    cellule2 *ne= crrer_initailiser_ccellule2(score,row,col);
      958:  929-block  0
call    0 returned 958
      958:  930:    if(!liste)return (cellule2*)ne;
branch  0 taken 769 (fallthrough)
branch  1 taken 189
      769:  930-block  0
      189:  931:    if(!liste->suiv)
      189:  931-block  0
branch  0 taken 189 (fallthrough)
branch  1 taken 0
        -:  932:    {
      189:  933:        liste->suiv=ne;
      189:  934:        return (cellule2*)liste;
      189:  934-block  0
        -:  935:    }
        -:  936:    cellule2 *p,*q;
    #####:  937:    p=liste;
    #####:  938:    q=liste;
    #####:  939:    while (p)
    %%%%%:  939-block  0
    %%%%%:  939-block  1
branch  0 never executed
branch  1 never executed
        -:  940:    {
    #####:  941:        q=p;
    #####:  942:        p=p->suiv;
    %%%%%:  942-block  0
        -:  943:    }
    #####:  944:    q->suiv=ne;
    #####:  945:    return (cellule2*)liste;
    %%%%%:  945-block  0
        -:  946:}
        -:  947:
function inserer_fin_liste_cellule2 called 3 returned 100% blocks executed 60%
        3:  948:cellule2 *inserer_fin_liste_cellule2(cellule2 *liste,int score,int row,int col)
        -:  949:{
        3:  950:    cellule2 *ne= crrer_initailiser_ccellule2 (score,row,col);
        3:  950-block  0
call    0 returned 3
        3:  951:    if(!liste)return (cellule2 *)ne;
branch  0 taken 2 (fallthrough)
branch  1 taken 1
        2:  951-block  0
        1:  952:    if(!liste->suiv)
        1:  952-block  0
branch  0 taken 1 (fallthrough)
branch  1 taken 0
        -:  953:    {
        1:  954:        liste->suiv=ne;
        1:  955:        return (cellule2 *)liste;
        1:  955-block  0
        -:  956:    }
        -:  957:    cellule2 *p,*q;
    #####:  958:    p=liste;
    #####:  959:    q=liste;
    #####:  960:    while (p)
    %%%%%:  960-block  0
    %%%%%:  960-block  1
branch  0 never executed
branch  1 never executed
        -:  961:    {
    #####:  962:        q=p;
    #####:  963:        p=p->suiv;
    %%%%%:  963-block  0
        -:  964:    }
    #####:  965:    q->suiv=ne;
    #####:  966:    return (cellule2 *)liste;
    %%%%%:  966-block  0
        -:  967:}
        -:  968:
        -:  969:
function construire_arbre1 called 216 returned 100% blocks executed 100%
      216:  970:cellule2 *construire_arbre1(etat_window *etw,cellule2 *ar,int row,int col)//machine
        -:  971:{
      216:  972:    if((row-1-1>=0) && (col+1-1<=7 ) && (row-2-1>=0) && (col+2-1<=7))
      216:  972-block  0
branch  0 taken 215 (fallthrough)
branch  1 taken 1
      215:  972-block  1
branch  2 taken 194 (fallthrough)
branch  3 taken 21
      194:  972-block  2
branch  4 taken 174 (fallthrough)
branch  5 taken 20
      174:  972-block  3
branch  6 taken 158 (fallthrough)
branch  7 taken 16
        -:  973:    {
      158:  974:        if((etw->filed[row-1-1][col+1-1]->owner==CHKS_OWNER_ONE) &&
      158:  974-block  0
branch  0 taken 15 (fallthrough)
branch  1 taken 143
       15:  975:           (etw->filed[row-2-1][col+2-1]->owner==CHKS_OWNER_NONE))
       15:  975-block  0
branch  0 taken 3 (fallthrough)
branch  1 taken 12
        -:  976:        {
        3:  977:            cellule2 *ne= crrer_initailiser_ccellule2(0,row-2,col+2);
        3:  977-block  0
call    0 returned 3
        3:  978:            ar->topright=construire_arbre1(etw,ne,row-2,col+2);
call    0 returned 3
        -:  979:        }
        -:  980:    }
      216:  981:    if((row-1-1>=0) && (col-1-1>=0 ) && (row-2-1>=0) && (col-2-1>=0))
      216:  981-block  0
branch  0 taken 215 (fallthrough)
branch  1 taken 1
      215:  981-block  1
branch  2 taken 178 (fallthrough)
branch  3 taken 37
      178:  981-block  2
branch  4 taken 169 (fallthrough)
branch  5 taken 9
      169:  981-block  3
branch  6 taken 151 (fallthrough)
branch  7 taken 18
        -:  982:    {
      151:  983:        if((etw->filed[row-1-1][col-1-1]->owner==CHKS_OWNER_ONE) &&
      151:  983-block  0
branch  0 taken 15 (fallthrough)
branch  1 taken 136
       15:  984:           (etw->filed[row-2-1][col-2-1]->owner==CHKS_OWNER_NONE))
       15:  984-block  0
branch  0 taken 6 (fallthrough)
branch  1 taken 9
        -:  985:        {
        6:  986:            cellule2 *ne= crrer_initailiser_ccellule2(0,row-2,col-2);
        6:  986-block  0
call    0 returned 6
        6:  987:            ar->topleft=construire_arbre1(etw,ne,row-2,col-2);
call    0 returned 6
        -:  988:        }
        -:  989:    }
      216:  990:    return (cellule2*)ar;
      216:  990-block  0
        -:  991:}
        -:  992:
function construire_arbre2 called 1309 returned 100% blocks executed 100%
     1309:  993:cellule2 *construire_arbre2(etat_window *etw,cellule2 *ar,int row,int col)//user
        -:  994:{
        -:  995:
     1309:  996:    if((row+1-1<=7) && (col+1-1<=7 ) && (row+2-1<=7) && (col+2-1<=7))
     1309:  996-block  0
branch  0 taken 1299 (fallthrough)
branch  1 taken 10
     1299:  996-block  1
branch  2 taken 998 (fallthrough)
branch  3 taken 301
      998:  996-block  2
branch  4 taken 985 (fallthrough)
branch  5 taken 13
      985:  996-block  3
branch  6 taken 851 (fallthrough)
branch  7 taken 134
        -:  997:    {
      851:  998:        if((etw->filed[row+1-1][col+1-1]->owner==CHKS_OWNER_TWO) &&
      851:  998-block  0
branch  0 taken 192 (fallthrough)
branch  1 taken 659
      192:  999:           (etw->filed[row+2-1][col+2-1]->owner==CHKS_OWNER_NONE))
      192:  999-block  0
branch  0 taken 72 (fallthrough)
branch  1 taken 120
        -: 1000:        {
       72: 1001:            cellule2 *ne= crrer_initailiser_ccellule2(0,row+2,col+2);
       72: 1001-block  0
call    0 returned 72
       72: 1002:            ar->topright=construire_arbre2(etw,ne,row+2,col+2);
call    0 returned 72
        -: 1003:        }
        -: 1004:    }
     1309: 1005:    if((row+1-1<=7) && (col-1-1>=0 ) && (row+2-1<=7) && (col-2-1>=0))
     1309: 1005-block  0
branch  0 taken 1299 (fallthrough)
branch  1 taken 10
     1299: 1005-block  1
branch  2 taken 1253 (fallthrough)
branch  3 taken 46
     1253: 1005-block  2
branch  4 taken 1228 (fallthrough)
branch  5 taken 25
     1228: 1005-block  3
branch  6 taken 1116 (fallthrough)
branch  7 taken 112
        -: 1006:    {
     1116: 1007:        if((etw->filed[row+1-1][col-1-1]->owner==CHKS_OWNER_TWO) &&
     1116: 1007-block  0
branch  0 taken 195 (fallthrough)
branch  1 taken 921
      195: 1008:           (etw->filed[row+2-1][col-2-1]->owner==CHKS_OWNER_NONE))
      195: 1008-block  0
branch  0 taken 97 (fallthrough)
branch  1 taken 98
        -: 1009:        {
       97: 1010:            cellule2 *ne= crrer_initailiser_ccellule2(0,row+2,col-2);
       97: 1010-block  0
call    0 returned 97
       97: 1011:            ar->topleft=construire_arbre2(etw,ne,row+2,col-2);
call    0 returned 97
        -: 1012:        }
        -: 1013:    }
     1309: 1014:    return (cellule2*)ar;
     1309: 1014-block  0
        -: 1015:}
        -: 1016:
        -: 1017:
        -: 1018:
function add_none_first called 36 returned 100% blocks executed 71%
       36: 1019:cellule2 *add_none_first(cellule2 *list,int i,etat_window *etw,int row,int col)
        -: 1020:{
        -: 1021:
       36: 1022:    switch (i) {
       36: 1022-block  0
branch  0 taken 9
branch  1 taken 9
branch  2 taken 9
branch  3 taken 9
branch  4 taken 0
        9: 1023:        case 1:
        9: 1024:            row=row-1;
        9: 1025:            col=col+1;
       9*: 1026:            while (row>=1 &&col<=8)
        9: 1026-block  0
        9: 1026-block  1
branch  0 taken 0 (fallthrough)
branch  1 taken 9
    %%%%%: 1026-block  2
branch  2 never executed
branch  3 never executed
        -: 1027:            {
    #####: 1028:                if(etw->filed[row-1][col-1]->owner==CHKS_OWNER_NONE)
    %%%%%: 1028-block  0
branch  0 never executed
branch  1 never executed
        -: 1029:                {
    #####: 1030:                    list=inserer_fin_liste_cellule2(list,0,row,col);
    %%%%%: 1030-block  0
call    0 never executed
    #####: 1031:                    row--;
    #####: 1032:                    col++;
    #####: 1033:                }else break;
    %%%%%: 1033-block  0
        -: 1034:            }
        9: 1035:            break;
        9: 1035-block  0
        9: 1036:        case 2:
        9: 1037:            row=row-1;
        9: 1038:            col=col-1;
       9*: 1039:            while (row>=1 &&col>=1)
        9: 1039-block  0
        9: 1039-block  1
branch  0 taken 0 (fallthrough)
branch  1 taken 9
    %%%%%: 1039-block  2
branch  2 never executed
branch  3 never executed
        -: 1040:            {
    #####: 1041:                if(etw->filed[row-1][col-1]->owner==CHKS_OWNER_NONE)
    %%%%%: 1041-block  0
branch  0 never executed
branch  1 never executed
        -: 1042:                {
    #####: 1043:                    list=inserer_fin_liste_cellule2(list,0,row,col);
    %%%%%: 1043-block  0
call    0 never executed
    #####: 1044:                    row--;
    #####: 1045:                    col--;
    #####: 1046:                }else break;
    %%%%%: 1046-block  0
        -: 1047:            }
        9: 1048:            break;
        9: 1048-block  0
        -: 1049:
        9: 1050:        case 3:
        9: 1051:            row=row+1;
        9: 1052:            col=col-1;
       11: 1053:            while (row<=8 &&col>=1)
        9: 1053-block  0
       11: 1053-block  1
branch  0 taken 11 (fallthrough)
branch  1 taken 0
       11: 1053-block  2
branch  2 taken 11
branch  3 taken 0 (fallthrough)
        -: 1054:            {
       11: 1055:                if(etw->filed[row-1][col-1]->owner==CHKS_OWNER_NONE)
       11: 1055-block  0
branch  0 taken 2 (fallthrough)
branch  1 taken 9
        -: 1056:                {
        2: 1057:                    list=inserer_fin_liste_cellule2(list,0,row,col);
        2: 1057-block  0
call    0 returned 2
        2: 1058:                    row++;
        2: 1059:                    col--;
        9: 1060:                }else break;
        9: 1060-block  0
        -: 1061:            }
        9: 1062:            break;
        9: 1062-block  0
        9: 1063:        case 4:
        9: 1064:            row=row+1;
        9: 1065:            col=col+1;
       10: 1066:            while (row<=8 &&col<=8)
        9: 1066-block  0
       10: 1066-block  1
branch  0 taken 10 (fallthrough)
branch  1 taken 0
       10: 1066-block  2
branch  2 taken 10
branch  3 taken 0 (fallthrough)
        -: 1067:            {
[...]
call    0 returned 18
       18: 2125:    et=Minmaxalgorithm(CHKS_OWNER_TWO,g->field->view_table->depth,etw,p);
call    0 returned 17
       17: 2126:    if(!p->best->tete)
branch  0 taken 0 (fallthrough)
branch  1 taken 17
        -: 2127:    {
        -: 2128:        //machine lose
    #####: 2129:        g->field->view_table->machine->nbr_piece_disp=0;
    #####: 2130:        return;
    %%%%%: 2130-block  0
        -: 2131:   }
       17: 2132:    row=g->field->view_table->machine->Tab[p->numfield].x;
       17: 2133:    col=g->field->view_table->machine->Tab[p->numfield].y;
       17: 2134:    last=g->field->view_table->table->filed[row-1][col-1];
       17: 2135:    rowdest=p->best->queue->row;
       17: 2136:    coldest=p->best->queue->col;
       17: 2137:    field = g->field->view_table->table->filed[rowdest - 1][coldest - 1];
       17: 2138:    if(p->best->tete!=p->best->queue) {//plusieurs deplacement
       17: 2138-block  0
branch  0 taken 6 (fallthrough)
branch  1 taken 11
        6: 2139:        drop_two_betwen_fl_lt(last, field, p->best, CHKS_OWNER_ONE);
        6: 2139-block  0
call    0 returned 6
        -: 2140:    }
        -: 2141:    else //un seul deplacement
        -: 2142:    {
       11: 2143:        drop_two_betwen_fl_lt(last,field,NULL,CHKS_OWNER_ONE);
       11: 2143-block  0
call    0 returned 11
        -: 2144:    }
       17: 2145:    if(rowdest==1)field->is_queen=TRUE;
       17: 2145-block  0
branch  0 taken 2 (fallthrough)
branch  1 taken 15
        2: 2145-block  1
       17: 2146:    last->owner=CHKS_OWNER_NONE;
       17: 2147:    field->owner=CHKS_OWNER_TWO;
       17: 2148:    change_row_col_piece(NULL,field,last->row,
       17: 2148-block  0
call    0 returned 17
        -: 2149:                         last->col,CHKS_OWNER_TWO);
       17: 2150:    apply_style_button(last->view_table->table->filed);
call    0 returned 17
        -: 2151:    //user lose
       17: 2152:    if(p->score==2222)
branch  0 taken 0 (fallthrough)
branch  1 taken 17
        -: 2153:    {
    #####: 2154:        g->field->view_table->user->nbr_piece_disp=0;
    %%%%%: 2154-block  0
        -: 2155:    }
        -: 2156:}
        -: 2157:
        -: 2158:
        -: 2159:
function effectuer_moumvment called 21 returned 95% blocks executed 59%
       21: 2160:gboolean effectuer_moumvment(
        -: 2161:        GtkWidget* self,
        -: 2162:        GdkEventKey event,
        -: 2163:        Glob *g)
        -: 2164:{
        -: 2165:    GtkStyleContext* context;
       21: 2166:    if(event.keyval==GDK_KEY_e)
       21: 2166-block  0
branch  0 taken 21 (fallthrough)
branch  1 taken 0
        -: 2167:    {
       21: 2168:        if(!g->f->tete)return TRUE;
       21: 2168-block  0
branch  0 taken 3 (fallthrough)
branch  1 taken 18
        3: 2168-block  1
       18: 2169:        if(g->f->tete==g->f->queue)//un seule deplacement
       18: 2169-block  0
branch  0 taken 18 (fallthrough)
branch  1 taken 0
        -: 2170:        {
       18: 2171:            if(techek_entred_piece(g->field,g->field->view_table->table->last,g->f))
       18: 2171-block  0
call    0 returned 18
branch  1 taken 18 (fallthrough)
branch  2 taken 0
        -: 2172:            {
        -: 2173:                //deplacement normal , il faut soustraire les piece attraper et traiter le cas de is queen
        -: 2174:                // and change style
       18: 2175:                drop_two_betwen_fl_lt(g->field->view_table->table->last,g->field,NULL,CHKS_OWNER_TWO);
       18: 2175-block  0
call    0 returned 18
    #####: 2176:            }else return (int)0;
    %%%%%: 2176-block  0
        -: 2177:        }else//plusierurs deplacement
        -: 2178:        {
    #####: 2179:            File *ftmp=creer_initaliser_file();
    %%%%%: 2179-block  0
call    0 never executed
    #####: 2180:            copy_file(g->f,ftmp);
call    0 never executed
    #####: 2181:            techek_entred_piece(g->field,g->field->view_table->table->last,g->f);
call    0 never executed
    #####: 2182:            if(g->f->tete==g->f->queue)
branch  0 never executed
branch  1 never executed
        -: 2183:            {
        -: 2184:                //deplacement long , il faut soustraire les piece attraper et traiter le cas de is queen
    #####: 2185:                drop_two_betwen_fl_lt(g->field->view_table->table->last,g->field,ftmp,CHKS_OWNER_TWO);
    %%%%%: 2185-block  0
call    0 never executed
    #####: 2186:            }else return (int)0;
    %%%%%: 2186-block  0
        -: 2187:        }
       18: 2188:        if(g->field->row==8)
       18: 2188-block  0
branch  0 taken 0 (fallthrough)
branch  1 taken 18
    #####: 2189:            g->field->is_queen=TRUE;
    %%%%%: 2189-block  0
       18: 2190:        g->field->view_table->table->last->owner=CHKS_OWNER_NONE;
       18: 2191:        g->field->owner=CHKS_OWNER_ONE;
       18: 2192:        apply_style_button(g->field->view_table->table->filed);
       18: 2192-block  0
call    0 returned 18
        -: 2193:        //changer row and col de field dans user ,
       18: 2194:        change_row_col_piece(NULL,g->field,g->field->view_table->table->last->row,
       18: 2195:                             g->field->view_table->table->last->col,CHKS_OWNER_ONE);
call    0 returned 18
       18: 2196:        g->field->view_table->table->last=NULL;
       18: 2197:        arbre_descicion(g);
call    0 returned 17
       17: 2198:        if(g->field->view_table->user->nbr_piece_disp==0)
branch  0 taken 0 (fallthrough)
branch  1 taken 17
        -: 2199:        {
    #####: 2200:            gtk_header_bar_set_title(GTK_HEADER_BAR(g->field->view_table->header_bar),"Machine Win");
    %%%%%: 2200-block  0
call    0 never executed
call    1 never executed
       17: 2201:        }else if(g->field->view_table->machine->nbr_piece_disp==0) {
       17: 2201-block  0
branch  0 taken 0 (fallthrough)
branch  1 taken 17
    #####: 2202:            gtk_header_bar_set_title(GTK_HEADER_BAR(g->field->view_table->header_bar), "User Win");
    %%%%%: 2202-block  0
call    0 never executed
call    1 never executed
        -: 2203:        }
       17: 2204:        vider_file(g->f);
       17: 2204-block  0
call    0 returned 17
       17: 2205:        g->field=NULL;
        -: 2206:
        -: 2207:    }
       17: 2208:    return (TRUE);
       17: 2208-block  0
        -: 2209:}
        -: 2210:
function add_filed_grid called 1 returned 100% blocks executed 100%
        1: 2211:void add_filed_grid(Chkswindow *win,ChksField *fieled[8][8])
        -: 2212:{
        -: 2213:    GtkAccelGroup *accel_group;
        1: 2214:    accel_group = gtk_accel_group_new ();
        1: 2214-block  0
call    0 returned 1
        1: 2215:    gtk_window_add_accel_group (GTK_WINDOW (win->win), accel_group);
call    0 returned 1
call    1 returned 1
        -: 2216:    GtkStyleContext* context;
        -: 2217:    GtkCssProvider* provider;
        1: 2218:    context = gtk_widget_get_style_context(win->table->gr);
call    0 returned 1
        1: 2219:    provider = gtk_css_provider_new();
call    0 returned 1
        1: 2220:    gtk_css_provider_load_from_path(GTK_CSS_PROVIDER(provider),"C:\\Users\\USER\\Desktop\\GTK\\Dame_game\\test.css",NULL);
call    0 returned 1
call    1 returned 1
        1: 2221:    gtk_style_context_add_class(GTK_STYLE_CONTEXT(context),"chks-grid");
call    0 returned 1
call    1 returned 1
        1: 2222:    gtk_style_context_add_provider(context, GTK_STYLE_PROVIDER(provider), GTK_STYLE_PROVIDER_PRIORITY_APPLICATION);
call    0 returned 1
call    1 returned 1
        1: 2223:    gtk_grid_set_column_homogeneous(GTK_GRID(win->table->gr), TRUE);
call    0 returned 1
call    1 returned 1
        1: 2224:    gtk_grid_set_row_homogeneous(GTK_GRID(win->table->gr), TRUE);
call    0 returned 1
call    1 returned 1
        -: 2225:    int i,j;
        9: 2226:    for(i=0;i<=7;i++) {
        8: 2226-block  0
        9: 2226-block  1
branch  0 taken 8
branch  1 taken 1 (fallthrough)
       72: 2227:        for (j = 0; j <= 7; j++)
        8: 2227-block  0
       72: 2227-block  1
branch  0 taken 64
branch  1 taken 8 (fallthrough)
        -: 2228:        {
        -: 2229:            //j is column and i is row
       64: 2230:            fieled[i][j]->view_table = win;
       64: 2231:            gtk_grid_attach(GTK_GRID(win->table->gr), fieled[i][j]->button, j, i, 1, 1);
       64: 2231-block  0
call    0 returned 64
call    1 returned 64
       64: 2232:            g_signal_connect(fieled[i][j]->button,"clicked",G_CALLBACK(piece_cliecked),fieled[i][j]);
call    0 returned 64
       64: 2233:            g_signal_connect(fieled[i][j]->button,"leave",G_CALLBACK(piece_leaved),fieled[i][j]);
call    0 returned 64
       64: 2234:            g_signal_connect(fieled[i][j]->button,"enter",G_CALLBACK(piece_entered),fieled[i][j]);
call    0 returned 64
        -: 2235:        }
        -: 2236:    }
        -: 2237:
        1: 2238:}
        -: 2239:
        -: 2240:
function init_table called 1 returned 100% blocks executed 100%
        1: 2241:void init_table(Chkswindow *win)
        -: 2242:{
        1: 2243:    int i,j,k=0,m=0;
        -: 2244:    GtkStyleContext* context;
        -: 2245:    GtkCssProvider* provider;
        1: 2246:    win->table->gr=gtk_grid_new();
        1: 2246-block  0
call    0 returned 1
        1: 2247:    win->table->last=NULL;
        9: 2248:    for (i=0;i<=7;i++)
        8: 2248-block  0
        9: 2248-block  1
branch  0 taken 8
branch  1 taken 1 (fallthrough)
        -: 2249:    {
       72: 2250:        for(j=0;j<=7;j++)
        8: 2250-block  0
       64: 2250-block  1
       72: 2250-block  2
branch  0 taken 64
branch  1 taken 8 (fallthrough)
        -: 2251:        {
       64: 2252:            win->table->filed[i][j]=creer_field();
       64: 2252-block  0
call    0 returned 64
       64: 2253:            win->table->filed[i][j]->view_table=NULL;
       64: 2254:            win->table->filed[i][j]->button=gtk_button_new();
call    0 returned 64
       64: 2255:            context = gtk_widget_get_style_context(win->table->filed[i][j]->button);
call    0 returned 64
       64: 2256:            gtk_style_context_add_class(GTK_STYLE_CONTEXT(context),"chks-field");
call    0 returned 64
call    1 returned 64
       64: 2257:            gtk_container_set_border_width(GTK_CONTAINER(win->table->filed[i][j]->button),7);
call    0 returned 64
call    1 returned 64
       64: 2258:            win->table->filed[i][j]->is_queen=FALSE;
       64: 2259:            win->table->filed[i][j]->row=i+1;
       64: 2260:            win->table->filed[i][j]->col=j+1;
       64: 2261:            if((win->user->Tab[k].x==(i+1)) &&
branch  0 taken 23 (fallthrough)
branch  1 taken 41
       23: 2262:               (win->user->Tab[k].y==(j+1)))
       23: 2262-block  0
branch  0 taken 12 (fallthrough)
branch  1 taken 11
        -: 2263:            {
       12: 2264:                win->table->filed[i][j]->owner=CHKS_OWNER_ONE;//user
       12: 2265:                k++;
       12: 2265-block  0
       52: 2266:            }else if((win->machine->Tab[m].x==(i+1)) &&
       52: 2266-block  0
branch  0 taken 22 (fallthrough)
branch  1 taken 30
       22: 2267:                     (win->machine->Tab[m].y==(j+1)))
       22: 2267-block  0
branch  0 taken 12 (fallthrough)
branch  1 taken 10
        -: 2268:            {
       12: 2269:                win->table->filed[i][j]->owner=CHKS_OWNER_TWO;//machine
       12: 2270:                m++;
       12: 2270-block  0
       40: 2271:            }else win->table->filed[i][j]->owner=CHKS_OWNER_NONE;
       40: 2271-block  0
        -: 2272:
        -: 2273:        }
        -: 2274:    }
        1: 2275:    apply_style_button(win->table->filed);
        1: 2275-block  0
call    0 returned 1
        1: 2276:    add_filed_grid(win,win->table->filed);
call    0 returned 1
        1: 2277:}
        -: 2278:
function creer_Chkswindow called 1 returned 100% blocks executed 75%
        1: 2279:Chkswindow *creer_Chkswindow()
        -: 2280:{
        1: 2281:    Chkswindow *win=(Chkswindow*) malloc(sizeof (Chkswindow));
        1: 2282:    if(!win)
        1: 2282-block  0
branch  0 taken 0 (fallthrough)
branch  1 taken 1
        -: 2283:    {
    #####: 2284:        printf("error allocation \n");
    %%%%%: 2284-block  0
call    0 never executed
    #####: 2285:        exit(-1);
call    0 never executed
        -: 2286:    }
        1: 2287:    win->table=creer_table();
        1: 2287-block  0
call    0 returned 1
        1: 2288:    win->user=creer_player();
call    0 returned 1
        1: 2289:    win->machine=creer_player();
call    0 returned 1
        1: 2290:    return (Chkswindow*)win;
        -: 2291:}
        -: 2292:
function Make_headerbar called 1 returned 100% blocks executed 100%
        1: 2293:GtkWidget *Make_headerbar()
        -: 2294:{
        -: 2295:    GtkWidget *hd;
        -: 2296:    GtkWidget *btn;
        1: 2297:    hd=gtk_header_bar_new();
        1: 2297-block  0
call    0 returned 1
        1: 2298:    btn= gtk_button_new_with_label("New game");
call    0 returned 1
        1: 2299:    GtkStyleContext* context = gtk_widget_get_style_context(btn);
call    0 returned 1
        1: 2300:    gtk_style_context_add_class(GTK_STYLE_CONTEXT(context),"Newgamebtn");
call    0 returned 1
call    1 returned 1
        1: 2301:    gtk_header_bar_pack_end(GTK_HEADER_BAR(hd),btn);
call    0 returned 1
call    1 returned 1
        1: 2302:    gtk_header_bar_set_title(GTK_HEADER_BAR(hd),"Checkers Game project GTK");
call    0 returned 1
call    1 returned 1
        1: 2303:    gtk_header_bar_set_show_close_button(GTK_HEADER_BAR(hd),TRUE);
call    0 returned 1
call    1 returned 1
        1: 2304:    return (GtkWidget*)hd;
        -: 2305:}
        -: 2306:
function init_player called 2 returned 100% blocks executed 100%
        2: 2307:void init_player(ChkPlayer *pl, ChksOwner owner)
        -: 2308:{
        2: 2309:    int i,j,k=0;
        2: 2310:    switch (owner) {
        2: 2310-block  0
branch  0 taken 1
branch  1 taken 1
branch  2 taken 0
        1: 2311:        case CHKS_OWNER_ONE:
        4: 2312:            for (i=1;i<=3;i++)
        1: 2312-block  0
        3: 2312-block  1
        4: 2312-block  2
branch  0 taken 3
branch  1 taken 1 (fallthrough)
        -: 2313:            {
        -: 2314:                switch (i) {
        2: 2315:                    case 1:
        -: 2316:                    case 3:
       10: 2317:                        for (j=2;j<=8;j+=2)
        2: 2317-block  0
       10: 2317-block  1
branch  0 taken 8
branch  1 taken 2 (fallthrough)
        -: 2318:                        {
        8: 2319:                            pl->Tab[k].x=i;
        8: 2320:                            pl->Tab[k].y=j;
        8: 2321:                            k++;
        8: 2322:                            pl->nbr_piece_disp++;
        8: 2322-block  0
        -: 2323:                        }
        2: 2324:                        break;
        2: 2324-block  0
        1: 2325:                    case 2:
        5: 2326:                        for (j=1;j<=7;j+=2)
        1: 2326-block  0
        5: 2326-block  1
branch  0 taken 4
branch  1 taken 1 (fallthrough)
        -: 2327:                        {
        4: 2328:                            pl->Tab[k].x=i;
        4: 2329:                            pl->Tab[k].y=j;
        4: 2330:                            k++;
        4: 2331:                            pl->nbr_piece_disp++;
        4: 2331-block  0
        -: 2332:                        }
        1: 2333:                        break;
        1: 2333-block  0
        -: 2334:                }
        -: 2335:            }
        1: 2336:            break;
        1: 2336-block  0
        1: 2337:        case CHKS_OWNER_TWO:
        4: 2338:            for (i=6;i<=8;i++)
        1: 2338-block  0
        3: 2338-block  1
        4: 2338-block  2
branch  0 taken 3
branch  1 taken 1 (fallthrough)
        -: 2339:            {
        -: 2340:                switch (i) {
        2: 2341:                    case 6:
        -: 2342:                    case 8:
       10: 2343:                        for (j=1;j<=7;j+=2)
        2: 2343-block  0
       10: 2343-block  1
branch  0 taken 8
branch  1 taken 2 (fallthrough)
        -: 2344:                        {
        8: 2345:                            pl->Tab[k].x=i;
        8: 2346:                            pl->Tab[k].y=j;
        8: 2347:                            k++;
        8: 2348:                            pl->nbr_piece_disp++;
        8: 2348-block  0
        -: 2349:                        }
        2: 2350:                        break;
        2: 2350-block  0
        1: 2351:                    case 7:
        5: 2352:                        for (j=2;j<=8;j+=2)
        1: 2352-block  0
        5: 2352-block  1
branch  0 taken 4
branch  1 taken 1 (fallthrough)
        -: 2353:                        {
        4: 2354:                            pl->Tab[k].x=i;
        4: 2355:                            pl->Tab[k].y=j;
        4: 2356:                            k++;
        4: 2357:                            pl->nbr_piece_disp++;
        4: 2357-block  0
        -: 2358:                        }
        1: 2359:                        break;
        1: 2359-block  0
        -: 2360:                }
        -: 2361:            }
        1: 2362:            break;
        1: 2362-block  0
        -: 2363:    }
        2: 2364:}
        -: 2365:
function init_window called 1 returned 100% blocks executed 100%
        1: 2366:void init_window(int depth)
        -: 2367:{
        1: 2368:    Chkswindow *win=creer_Chkswindow();
        1: 2368-block  0
call    0 returned 1
        1: 2369:    win->win= gtk_window_new(GTK_WINDOW_TOPLEVEL);
call    0 returned 1
        1: 2370:    gtk_window_set_default_size(GTK_WINDOW(win->win),600,600);
call    0 returned 1
call    1 returned 1
        1: 2371:    gtk_window_move(GTK_WINDOW(win->win),2000,100);
call    0 returned 1
call    1 returned 1
        1: 2372:    g_signal_connect(win->win,"destroy",G_CALLBACK(gtk_main_quit),NULL);
call    0 returned 1
        1: 2373:    win->header_bar=Make_headerbar();
call    0 returned 1
        1: 2374:    win->g=(Glob*)malloc(sizeof (Glob));
        1: 2375:    win->g->f=creer_initaliser_file();
call    0 returned 1
        1: 2376:    win->g->field=NULL;
        1: 2377:    win->depth=depth;
        1: 2378:    g_signal_connect(win->win,"key-press-event",G_CALLBACK(effectuer_moumvment),win->g);
call    0 returned 1
        1: 2379:    gtk_window_set_titlebar(GTK_WINDOW(win->win),win->header_bar);
call    0 returned 1
call    1 returned 1
        1: 2380:    init_player(win->user,CHKS_OWNER_ONE);
call    0 returned 1
        1: 2381:    init_player(win->machine,CHKS_OWNER_TWO);
call    0 returned 1
        1: 2382:    init_table(win);
call    0 returned 1
        1: 2383:    gtk_container_add(GTK_CONTAINER(win->win),win->table->gr);
call    0 returned 1
call    1 returned 1
        1: 2384:    gtk_widget_show_all(win->win);
call    0 returned 1
        1: 2385:}
        -: 2386:
        -: 2387:
        -: 2388:
        -: 2389:
function main called 1 returned 0% blocks executed 80%
        1: 2390:int main(int argc,char *argv[])
        -: 2391:{
        1: 2392:    gtk_init(&argc, &argv);
        1: 2392-block  0
call    0 returned 1
        1: 2393:    init_window(2);
call    0 returned 1
        -: 2394:
        1: 2395:    gtk_main();
call    0 returned 0
    #####: 2396:    return 0;
        -: 2397:}
        -: 2398:
        -: 2399:
        -: 2400:
        -: 2401:
        -: 2402:
        -: 2403:
        -: 2404:
        -: 2405:
        -: 2406:
        -: 2407:
        -: 2408:
        -: 2409:
        -: 2410:
        -: 2411:
        -: 2412:
