        -:    0:Source:C:/msys64/mingw64/include/stdio.h
        -:    0:Graph:C:\Users\USER\Desktop\GTK\Dame_game\cmake-build-debug-coverage\CMakeFiles\Dame_game.dir\main.c.gcno
        -:    0:Data:C:\Users\USER\Desktop\GTK\Dame_game\cmake-build-debug-coverage\CMakeFiles\Dame_game.dir\main.c.gcda
        -:    0:Runs:1
        -:    1:/**
        -:    2: * This file has no copyright assigned and is placed in the Public Domain.
        -:    3: * This file is part of the mingw-w64 runtime package.
        -:    4: * No warranty is given; refer to the file DISCLAIMER.PD within this package.
        -:    5: */
        -:    6:#ifndef _INC_STDIO
        -:    7:#define _INC_STDIO
        -:    8:
        -:    9:#include <corecrt_stdio_config.h>
        -:   10:
        -:   11:#pragma pack(push,_CRT_PACKING)
        -:   12:
        -:   13:#pragma push_macro("snprintf")
        -:   14:#undef snprintf
        -:   15:#pragma push_macro("vsnprintf")
        -:   16:#undef vsnprintf
        -:   17:#pragma push_macro("snwprintf")
        -:   18:#undef snwprintf
        -:   19:#pragma push_macro("vsnwprintf")
        -:   20:#undef vsnwprintf
        -:   21:
        -:   22:#ifdef __cplusplus
        -:   23:extern "C" {
        -:   24:#endif
        -:   25:
        -:   26:#define BUFSIZ 512
        -:   27:#define _NFILE _NSTREAM_
        -:   28:#define _NSTREAM_ 512
        -:   29:#define _IOB_ENTRIES 20
        -:   30:#define EOF (-1)
        -:   31:
        -:   32:#ifndef _FILE_DEFINED
        -:   33:  struct _iobuf {
        -:   34:#ifdef _UCRT
        -:   35:    void *_Placeholder;
        -:   36:#else
        -:   37:    char *_ptr;
        -:   38:    int _cnt;
        -:   39:    char *_base;
        -:   40:    int _flag;
        -:   41:    int _file;
        -:   42:    int _charbuf;
        -:   43:    int _bufsiz;
        -:   44:    char *_tmpfname;
        -:   45:#endif
        -:   46:  };
        -:   47:  typedef struct _iobuf FILE;
        -:   48:#define _FILE_DEFINED
        -:   49:#endif
        -:   50:
        -:   51:#ifdef _POSIX_
        -:   52:#define _P_tmpdir "/"
        -:   53:#define _wP_tmpdir L"/"
        -:   54:#else
        -:   55:#define _P_tmpdir "\\"
        -:   56:#define _wP_tmpdir L"\\"
        -:   57:#endif
        -:   58:
        -:   59:#define L_tmpnam (sizeof(_P_tmpdir) + 12)
        -:   60:
        -:   61:#ifdef _POSIX_
        -:   62:#define L_ctermid 9
        -:   63:#define L_cuserid 32
        -:   64:#endif
        -:   65:
        -:   66:#define SEEK_CUR 1
        -:   67:#define SEEK_END 2
        -:   68:#define SEEK_SET 0
        -:   69:
        -:   70:#define	STDIN_FILENO	0
        -:   71:#define	STDOUT_FILENO	1
        -:   72:#define	STDERR_FILENO	2
        -:   73:
        -:   74:#define FILENAME_MAX 260
        -:   75:#define FOPEN_MAX 20
        -:   76:#define _SYS_OPEN 20
        -:   77:#define TMP_MAX 32767
        -:   78:
        -:   79:#ifndef NULL
        -:   80:#ifdef __cplusplus
        -:   81:#ifndef _WIN64
        -:   82:#define NULL 0
        -:   83:#else
        -:   84:#define NULL 0LL
        -:   85:#endif  /* W64 */
        -:   86:#else
        -:   87:#define NULL ((void *)0)
        -:   88:#endif
        -:   89:#endif
        -:   90:
        -:   91:#include <_mingw_off_t.h>
        -:   92:
        -:   93:_CRTIMP FILE *__cdecl __acrt_iob_func(unsigned index);
        -:   94:#ifndef _STDIO_DEFINED
        -:   95:#ifdef _WIN64
        -:   96:  _CRTIMP FILE *__cdecl __iob_func(void);
        -:   97:#define _iob  __iob_func()
        -:   98:#else
        -:   99:#ifdef _MSVCRT_
        -:  100:extern FILE _iob[];	/* A pointer to an array of FILE */
        -:  101:#define __iob_func()	(_iob)
        -:  102:#else
        -:  103:extern FILE (* __MINGW_IMP_SYMBOL(_iob))[];	/* A pointer to an array of FILE */
        -:  104:#define __iob_func()	(* __MINGW_IMP_SYMBOL(_iob))
        -:  105:#define _iob __iob_func()
        -:  106:#endif
        -:  107:#endif
        -:  108:#endif
        -:  109:
        -:  110:#ifndef _FPOS_T_DEFINED
        -:  111:#define _FPOS_T_DEFINED
        -:  112:#undef _FPOSOFF
        -:  113:
        -:  114:#if (!defined(NO_OLDNAMES) || defined(__GNUC__))
        -:  115:  __MINGW_EXTENSION typedef __int64 fpos_t;
        -:  116:#define _FPOSOFF(fp) ((long)(fp))
        -:  117:#else
        -:  118:  __MINGW_EXTENSION typedef long long fpos_t;
        -:  119:#define _FPOSOFF(fp) ((long)(fp))
        -:  120:#endif
        -:  121:
        -:  122:#endif
        -:  123:
        -:  124:#ifndef _STDSTREAM_DEFINED
        -:  125:#define _STDSTREAM_DEFINED
        -:  126:
        -:  127:#define stdin (__acrt_iob_func(0))
        -:  128:#define stdout (__acrt_iob_func(1))
        -:  129:#define stderr (__acrt_iob_func(2))
        -:  130:#endif
        -:  131:
        -:  132:#define _IOFBF 0x0000
        -:  133:#define _IOLBF 0x0040
        -:  134:#define _IONBF 0x0004
        -:  135:
        -:  136:#ifndef _UCRT
        -:  137:#define _IOREAD 0x0001
        -:  138:#define _IOWRT 0x0002
        -:  139:#define _IOMYBUF 0x0008
        -:  140:#define _IOEOF 0x0010
        -:  141:#define _IOERR 0x0020
        -:  142:#define _IOSTRG 0x0040
        -:  143:#define _IORW 0x0080
        -:  144:#ifdef _POSIX_
        -:  145:#define _IOAPPEND 0x0200
        -:  146:#endif
        -:  147:#endif
        -:  148:
        -:  149:#define _TWO_DIGIT_EXPONENT 0x1
        -:  150:
        -:  151:#if __MINGW_FORTIFY_LEVEL > 0
        -:  152:__mingw_bos_declare;
        -:  153:#endif
        -:  154:
        -:  155:#ifndef _STDIO_DEFINED
        -:  156:extern
        -:  157:  __attribute__((__format__ (gnu_scanf, 2, 3))) __MINGW_ATTRIB_NONNULL(2)
        -:  158:  int __cdecl __mingw_sscanf(const char * __restrict__ _Src,const char * __restrict__ _Format,...);
        -:  159:extern
        -:  160:  __attribute__((__format__ (gnu_scanf, 2, 0))) __MINGW_ATTRIB_NONNULL(2)
        -:  161:  int __cdecl __mingw_vsscanf (const char * __restrict__ _Str,const char * __restrict__ Format,va_list argp);
        -:  162:extern
        -:  163:  __attribute__((__format__ (gnu_scanf, 1, 2))) __MINGW_ATTRIB_NONNULL(1)
        -:  164:  int __cdecl __mingw_scanf(const char * __restrict__ _Format,...);
        -:  165:extern
        -:  166:  __attribute__((__format__ (gnu_scanf, 1, 0))) __MINGW_ATTRIB_NONNULL(1)
        -:  167:  int __cdecl __mingw_vscanf(const char * __restrict__ Format, va_list argp);
        -:  168:extern
        -:  169:  __attribute__((__format__ (gnu_scanf, 2, 3))) __MINGW_ATTRIB_NONNULL(2)
        -:  170:  int __cdecl __mingw_fscanf(FILE * __restrict__ _File,const char * __restrict__ _Format,...);
        -:  171:extern
        -:  172:  __attribute__((__format__ (gnu_scanf, 2, 0))) __MINGW_ATTRIB_NONNULL(2)
        -:  173:  int __cdecl __mingw_vfscanf (FILE * __restrict__ fp, const char * __restrict__ Format,va_list argp);
        -:  174:
        -:  175:extern
        -:  176:  __attribute__((__format__ (gnu_printf, 3, 0))) __MINGW_ATTRIB_NONNULL(3)
        -:  177:  int __cdecl __mingw_vsnprintf(char * __restrict__ _DstBuf,size_t _MaxCount,const char * __restrict__ _Format,
        -:  178:                               va_list _ArgList);
        -:  179:extern
        -:  180:  __attribute__((__format__ (gnu_printf, 3, 4))) __MINGW_ATTRIB_NONNULL(3)
        -:  181:  int __cdecl __mingw_snprintf(char * __restrict__ s, size_t n, const char * __restrict__  format, ...);
        -:  182:extern
        -:  183:  __attribute__((__format__ (gnu_printf, 1, 2))) __MINGW_ATTRIB_NONNULL(1)
        -:  184:  int __cdecl __mingw_printf(const char * __restrict__ , ... ) __MINGW_NOTHROW;
        -:  185:extern
        -:  186:  __attribute__((__format__ (gnu_printf, 1, 0))) __MINGW_ATTRIB_NONNULL(1)
        -:  187:  int __cdecl __mingw_vprintf (const char * __restrict__ , va_list) __MINGW_NOTHROW;
        -:  188:extern
        -:  189:  __attribute__((__format__ (gnu_printf, 2, 3))) __MINGW_ATTRIB_NONNULL(2)
        -:  190:  int __cdecl __mingw_fprintf (FILE * __restrict__ , const char * __restrict__ , ...) __MINGW_NOTHROW;
        -:  191:extern
        -:  192:  __attribute__((__format__ (gnu_printf, 2, 0))) __MINGW_ATTRIB_NONNULL(2)
        -:  193:  int __cdecl __mingw_vfprintf (FILE * __restrict__ , const char * __restrict__ , va_list) __MINGW_NOTHROW;
        -:  194:extern
        -:  195:  __attribute__((__format__ (gnu_printf, 2, 3))) __MINGW_ATTRIB_NONNULL(2)
        -:  196:  int __cdecl __mingw_sprintf (char * __restrict__ , const char * __restrict__ , ...) __MINGW_NOTHROW;
        -:  197:extern
        -:  198:  __attribute__((__format__ (gnu_printf, 2, 0))) __MINGW_ATTRIB_NONNULL(2)
        -:  199:  int __cdecl __mingw_vsprintf (char * __restrict__ , const char * __restrict__ , va_list) __MINGW_NOTHROW;
        -:  200:extern
        -:  201:  __attribute__((__format__ (gnu_printf, 2, 3))) __attribute__((nonnull (1,2)))
        -:  202:  int __cdecl __mingw_asprintf(char ** __restrict__ , const char * __restrict__ , ...) __MINGW_NOTHROW;
        -:  203:extern
        -:  204:  __attribute__((__format__ (gnu_printf, 2, 0))) __attribute__((nonnull (1,2)))
        -:  205:  int __cdecl __mingw_vasprintf(char ** __restrict__ , const char * __restrict__ , va_list) __MINGW_NOTHROW;
        -:  206:
        -:  207:extern
        -:  208:  __attribute__((__format__ (ms_scanf, 2, 3))) __MINGW_ATTRIB_NONNULL(2)
        -:  209:  int __cdecl __ms_sscanf(const char * __restrict__ _Src,const char * __restrict__ _Format,...);
        -:  210:extern
        -:  211:  __attribute__((__format__ (ms_scanf, 1, 2))) __MINGW_ATTRIB_NONNULL(1)
        -:  212:  int __cdecl __ms_scanf(const char * __restrict__ _Format,...);
        -:  213:extern
        -:  214:  __attribute__((__format__ (ms_scanf, 2, 3))) __MINGW_ATTRIB_NONNULL(2)
        -:  215:  int __cdecl __ms_fscanf(FILE * __restrict__ _File,const char * __restrict__ _Format,...);
        -:  216:
        -:  217:extern
        -:  218:  __attribute__((__format__ (ms_printf, 1, 2))) __MINGW_ATTRIB_NONNULL(1)
        -:  219:  int __cdecl __ms_printf(const char * __restrict__ , ... ) __MINGW_NOTHROW;
        -:  220:extern
        -:  221:  __attribute__((__format__ (ms_printf, 1, 0))) __MINGW_ATTRIB_NONNULL(1)
        -:  222:  int __cdecl __ms_vprintf (const char * __restrict__ , va_list) __MINGW_NOTHROW;
        -:  223:extern
        -:  224:  __attribute__((__format__ (ms_printf, 2, 3))) __MINGW_ATTRIB_NONNULL(2)
        -:  225:  int __cdecl __ms_fprintf (FILE * __restrict__ , const char * __restrict__ , ...) __MINGW_NOTHROW;
        -:  226:extern
        -:  227:  __attribute__((__format__ (ms_printf, 2, 0))) __MINGW_ATTRIB_NONNULL(2)
        -:  228:  int __cdecl __ms_vfprintf (FILE * __restrict__ , const char * __restrict__ , va_list) __MINGW_NOTHROW;
        -:  229:extern
        -:  230:  __attribute__((__format__ (ms_printf, 2, 3))) __MINGW_ATTRIB_NONNULL(2)
        -:  231:  int __cdecl __ms_sprintf (char * __restrict__ , const char * __restrict__ , ...) __MINGW_NOTHROW;
        -:  232:extern
        -:  233:  __attribute__((__format__ (ms_printf, 2, 0))) __MINGW_ATTRIB_NONNULL(2)
        -:  234:  int __cdecl __ms_vsprintf (char * __restrict__ , const char * __restrict__ , va_list) __MINGW_NOTHROW;
        -:  235:
        -:  236:#ifdef _UCRT
        -:  237:  int __cdecl __stdio_common_vsprintf(unsigned __int64 options, char *str, size_t len, const char *format, _locale_t locale, va_list valist);
        -:  238:  int __cdecl __stdio_common_vfprintf(unsigned __int64 options, FILE *file, const char *format, _locale_t locale, va_list valist);
        -:  239:  int __cdecl __stdio_common_vsscanf(unsigned __int64 options, const char *input, size_t length, const char *format, _locale_t locale, va_list valist);
        -:  240:  int __cdecl __stdio_common_vfscanf(unsigned __int64 options, FILE *file, const char *format, _locale_t locale, va_list valist);
        -:  241:#endif
        -:  242:
        -:  243:#undef __MINGW_PRINTF_FORMAT
        -:  244:#undef __MINGW_SCANF_FORMAT
        -:  245:
        -:  246:#if defined(__clang__)
        -:  247:#define __MINGW_PRINTF_FORMAT printf
        -:  248:#define __MINGW_SCANF_FORMAT  scanf
        -:  249:#elif defined(_UCRT) || __USE_MINGW_ANSI_STDIO
        -:  250:#define __MINGW_PRINTF_FORMAT gnu_printf
        -:  251:#define __MINGW_SCANF_FORMAT  gnu_scanf
        -:  252:#else
        -:  253:#define __MINGW_PRINTF_FORMAT ms_printf
        -:  254:#define __MINGW_SCANF_FORMAT  ms_scanf
        -:  255:#endif
        -:  256:
        -:  257:#if __USE_MINGW_ANSI_STDIO && !defined(_CRTBLD)
        -:  258:/*
        -:  259: * User has expressed a preference for C99 conformance...
        -:  260: */
        -:  261:
        -:  262:#ifdef _GNU_SOURCE
        -:  263:__mingw_ovr
        -:  264:__attribute__ ((__format__ (gnu_printf, 2, 3))) __attribute__((nonnull (1,2)))
        -:  265:int asprintf(char **__ret, const char *__format, ...)
        -:  266:{
        -:  267:  int __retval;
        -:  268:  __builtin_va_list __local_argv; __builtin_va_start( __local_argv, __format );
        -:  269:  __retval = __mingw_vasprintf( __ret, __format, __local_argv );
        -:  270:  __builtin_va_end( __local_argv );
        -:  271:  return __retval;
        -:  272:}
        -:  273:
        -:  274:__mingw_ovr
        -:  275:__attribute__ ((__format__ (gnu_printf, 2, 0))) __attribute__((nonnull (1,2)))
        -:  276:int vasprintf(char **__ret, const char *__format, __builtin_va_list __local_argv)
        -:  277:{
        -:  278:  return __mingw_vasprintf( __ret, __format, __local_argv );
        -:  279:}
        -:  280:#endif /* _GNU_SOURCE */
        -:  281:
        -:  282:/* There seems to be a bug about builtins and static overrides of them
        -:  283:   in g++.  So we need to do here some trickery.  */
        -:  284:#ifdef __cplusplus
        -:  285:extern "C++" {
        -:  286:#endif
        -:  287:
        -:  288:__mingw_ovr
        -:  289:__attribute__((__format__ (gnu_scanf, 2, 3))) __MINGW_ATTRIB_NONNULL(2)
        -:  290:int sscanf(const char *__source, const char *__format, ...)
        -:  291:{
        -:  292:  int __retval;
        -:  293:  __builtin_va_list __local_argv; __builtin_va_start( __local_argv, __format );
        -:  294:  __retval = __mingw_vsscanf( __source, __format, __local_argv );
        -:  295:  __builtin_va_end( __local_argv );
        -:  296:  return __retval;
        -:  297:}
        -:  298:
        -:  299:__mingw_ovr
        -:  300:__attribute__((__format__ (gnu_scanf, 1, 2))) __MINGW_ATTRIB_NONNULL(1)
        -:  301:int scanf(const char *__format, ...)
        -:  302:{
        -:  303:  int __retval;
        -:  304:  __builtin_va_list __local_argv; __builtin_va_start( __local_argv, __format );
        -:  305:  __retval = __mingw_vfscanf( stdin, __format, __local_argv );
        -:  306:  __builtin_va_end( __local_argv );
        -:  307:  return __retval;
        -:  308:}
        -:  309:
        -:  310:__mingw_ovr
        -:  311:__attribute__((__format__ (gnu_scanf, 2, 3))) __MINGW_ATTRIB_NONNULL(2)
        -:  312:int fscanf(FILE *__stream, const char *__format, ...)
        -:  313:{
        -:  314:  int __retval;
        -:  315:  __builtin_va_list __local_argv; __builtin_va_start( __local_argv, __format );
        -:  316:  __retval = __mingw_vfscanf( __stream, __format, __local_argv );
        -:  317:  __builtin_va_end( __local_argv );
        -:  318:  return __retval;
        -:  319:}
        -:  320:
        -:  321:#ifndef __NO_ISOCEXT  /* externs in libmingwex.a */
        -:  322:#ifdef __GNUC__
        -:  323:#pragma GCC diagnostic push
        -:  324:#pragma GCC diagnostic ignored "-Wshadow"
        -:  325:#endif
        -:  326:
        -:  327:__mingw_ovr
        -:  328:__attribute__((__format__ (gnu_scanf, 2, 0))) __MINGW_ATTRIB_NONNULL(2)
        -:  329:int vsscanf (const char *__source, const char *__format, __builtin_va_list __local_argv)
        -:  330:{
        -:  331:  return __mingw_vsscanf( __source, __format, __local_argv );
        -:  332:}
        -:  333:
        -:  334:__mingw_ovr
        -:  335:__attribute__((__format__ (gnu_scanf, 1, 0))) __MINGW_ATTRIB_NONNULL(1)
        -:  336:int vscanf(const char *__format,  __builtin_va_list __local_argv)
        -:  337:{
        -:  338:  return __mingw_vfscanf( stdin, __format, __local_argv );
        -:  339:}
        -:  340:
        -:  341:__mingw_ovr
        -:  342:__attribute__((__format__ (gnu_scanf, 2, 0))) __MINGW_ATTRIB_NONNULL(2)
        -:  343:int vfscanf (FILE *__stream,  const char *__format, __builtin_va_list __local_argv)
        -:  344:{
        -:  345:  return __mingw_vfscanf( __stream, __format, __local_argv );
        -:  346:}
        -:  347:
        -:  348:#ifdef __GNUC__
        -:  349:#pragma GCC diagnostic pop
        -:  350:#endif
        -:  351:#endif /* __NO_ISOCEXT */
        -:  352:
        -:  353:
        -:  354:
        -:  355:__mingw_ovr
        -:  356:__attribute__((__format__ (gnu_printf, 2, 3))) __MINGW_ATTRIB_NONNULL(2)
        -:  357:int fprintf (FILE *__stream, const char *__format, ...)
        -:  358:{
        -:  359:  int __retval;
        -:  360:  __builtin_va_list __local_argv; __builtin_va_start( __local_argv, __format );
        -:  361:  __retval = __mingw_vfprintf( __stream, __format, __local_argv );
        -:  362:  __builtin_va_end( __local_argv );
        -:  363:  return __retval;
        -:  364:}
        -:  365:
        -:  366:__mingw_ovr
        -:  367:__attribute__((__format__ (gnu_printf, 1, 2))) __MINGW_ATTRIB_NONNULL(1)
function printf called 0 returned 0% blocks executed 0%
    #####:  368:int printf (const char *__format, ...)
        -:  369:{
        -:  370:  int __retval;
    #####:  371:  __builtin_va_list __local_argv; __builtin_va_start( __local_argv, __format );
    #####:  372:  __retval = __mingw_vfprintf( stdout, __format, __local_argv );
    %%%%%:  372-block  0
call    0 never executed
call    1 never executed
    #####:  373:  __builtin_va_end( __local_argv );
    #####:  374:  return __retval;
        -:  375:}
        -:  376:
        -:  377:#if __MINGW_FORTIFY_VA_ARG
        -:  378:
        -:  379:int sprintf (char *__stream, const char *__format, ...) __MINGW_ASM_CALL(__mingw_sprintf);
        -:  380:
        -:  381:__mingw_bos_extern_ovr
        -:  382:__attribute__((__format__ (gnu_printf, 2, 3))) __MINGW_ATTRIB_NONNULL(2)
        -:  383:int sprintf (char *__stream, const char *__format, ...)
        -:  384:{
        -:  385:  if (__mingw_bos_known(__stream)) {
        -:  386:    int __retval = __mingw_snprintf( __stream, __mingw_bos(__stream, 1), __format, __builtin_va_arg_pack() );
        -:  387:    if (__retval >= 0)
        -:  388:      __mingw_bos_ptr_chk(__stream, (size_t)__retval + 1, 1);
        -:  389:    return __retval;
        -:  390:  }
        -:  391:  return __mingw_sprintf( __stream, __format, __builtin_va_arg_pack() );
        -:  392:}
        -:  393:
        -:  394:#else /* !__MINGW_FORTIFY_VA_ARG */
        -:  395:
        -:  396:__mingw_ovr
        -:  397:__attribute__((__format__ (gnu_printf, 2, 3))) __MINGW_ATTRIB_NONNULL(2)
        -:  398:int sprintf (char *__stream, const char *__format, ...)
        -:  399:{
        -:  400:  int __retval;
        -:  401:  __builtin_va_list __local_argv; __builtin_va_start( __local_argv, __format );
        -:  402:  __retval = __mingw_vsprintf( __stream, __format, __local_argv );
        -:  403:  __builtin_va_end( __local_argv );
        -:  404:  return __retval;
        -:  405:}
        -:  406:
        -:  407:#endif /* __MINGW_FORTIFY_VA_ARG */
        -:  408:
        -:  409:__mingw_ovr
        -:  410:__attribute__((__format__ (gnu_printf, 2, 0))) __MINGW_ATTRIB_NONNULL(2)
        -:  411:int vfprintf (FILE *__stream, const char *__format, __builtin_va_list __local_argv)
        -:  412:{
        -:  413:  return __mingw_vfprintf( __stream, __format, __local_argv );
        -:  414:}
        -:  415:
        -:  416:__mingw_ovr
        -:  417:__attribute__((__format__ (gnu_printf, 1, 0))) __MINGW_ATTRIB_NONNULL(1)
        -:  418:int vprintf (const char *__format, __builtin_va_list __local_argv)
        -:  419:{
        -:  420:  return __mingw_vfprintf( stdout, __format, __local_argv );
        -:  421:}
        -:  422:
        -:  423:__mingw_bos_ovr
        -:  424:__attribute__((__format__ (gnu_printf, 2, 0))) __MINGW_ATTRIB_NONNULL(2)
        -:  425:int vsprintf (char *__stream, const char *__format, __builtin_va_list __local_argv)
        -:  426:{
        -:  427:#if __MINGW_FORTIFY_LEVEL > 0
        -:  428:  if (__mingw_bos_known(__stream)) {
        -:  429:    int __retval = __mingw_vsnprintf( __stream, __mingw_bos(__stream, 1), __format, __local_argv );
        -:  430:    if (__retval >= 0)
        -:  431:      __mingw_bos_ptr_chk(__stream, (size_t)__retval + 1, 1);
        -:  432:    return __retval;
        -:  433:  }
        -:  434:#endif
        -:  435:  return __mingw_vsprintf( __stream, __format, __local_argv );
        -:  436:}
        -:  437:/* #ifndef __NO_ISOCEXT */  /* externs in libmingwex.a */
        -:  438:
        -:  439:#if __MINGW_FORTIFY_VA_ARG
        -:  440:
        -:  441:int snprintf (char *__stream, size_t __n, const char *__format, ...) __MINGW_ASM_CALL(__mingw_snprintf);
        -:  442:
        -:  443:__mingw_bos_extern_ovr
        -:  444:__attribute__((__format__ (gnu_printf, 3, 4))) __MINGW_ATTRIB_NONNULL(3)
        -:  445:int snprintf (char *__stream, size_t __n, const char *__format, ...)
        -:  446:{
        -:  447:  __mingw_bos_ptr_chk_warn(__stream, __n, 1);
        -:  448:  return __mingw_snprintf( __stream, __n, __format, __builtin_va_arg_pack() );
        -:  449:}
        -:  450:
        -:  451:#else /* !__MINGW_FORTIFY_VA_ARG */
        -:  452:
        -:  453:__mingw_ovr
        -:  454:__attribute__((__format__ (gnu_printf, 3, 4))) __MINGW_ATTRIB_NONNULL(3)
        -:  455:int snprintf (char *__stream, size_t __n, const char *__format, ...)
        -:  456:{
        -:  457:  int __retval;
        -:  458:  __builtin_va_list __local_argv; __builtin_va_start( __local_argv, __format );
        -:  459:  __retval = __mingw_vsnprintf( __stream, __n, __format, __local_argv );
        -:  460:  __builtin_va_end( __local_argv );
        -:  461:  return __retval;
        -:  462:}
        -:  463:
        -:  464:#endif /* __MINGW_FORTIFY_VA_ARG */
        -:  465:
        -:  466:__mingw_bos_ovr
        -:  467:__attribute__((__format__ (gnu_printf, 3, 0))) __MINGW_ATTRIB_NONNULL(3)
        -:  468:int vsnprintf (char *__stream, size_t __n, const char *__format, __builtin_va_list __local_argv)
        -:  469:{
        -:  470:#if __MINGW_FORTIFY_LEVEL > 0
        -:  471:  __mingw_bos_ptr_chk_warn(__stream, __n, 1);
        -:  472:#endif
        -:  473:  return __mingw_vsnprintf( __stream, __n, __format, __local_argv );
        -:  474:}
        -:  475:
        -:  476:/* Override __builtin_printf-routines ... Kludge for libstdc++ ...*/
        -:  477:#define __builtin_vsnprintf __mingw_vsnprintf
        -:  478:#define __builtin_vsprintf __mingw_vsprintf
        -:  479:
        -:  480:/* #endif */ /* __NO_ISOCEXT */
        -:  481:
        -:  482:#ifdef __cplusplus
        -:  483:}
        -:  484:#endif
        -:  485:
        -:  486:#else /* !__USE_MINGW_ANSI_STDIO */
        -:  487:
        -:  488:#undef __builtin_vsnprintf
        -:  489:#undef __builtin_vsprintf
        -:  490:
        -:  491:/*
        -:  492: * Default configuration: simply direct all calls to MSVCRT...
        -:  493: */
        -:  494:#ifdef _UCRT
        -:  495:#ifdef __GNUC__
        -:  496:#pragma GCC diagnostic push
        -:  497:#pragma GCC diagnostic ignored "-Wshadow"
        -:  498:#endif
        -:  499:  __attribute__((__format__ (__MINGW_PRINTF_FORMAT, 2, 3))) __MINGW_ATTRIB_NONNULL(2)
        -:  500:  int __cdecl fprintf(FILE * __restrict__ _File,const char * __restrict__ _Format,...);
        -:  501:  __attribute__((__format__ (__MINGW_PRINTF_FORMAT, 1, 2))) __MINGW_ATTRIB_NONNULL(1)
        -:  502:  int __cdecl printf(const char * __restrict__ _Format,...);
        -:  503:  __attribute__((__format__ (__MINGW_PRINTF_FORMAT, 2, 3))) __MINGW_ATTRIB_NONNULL(2)
        -:  504:  int __cdecl sprintf(char * __restrict__ _Dest,const char * __restrict__ _Format,...) __MINGW_ATTRIB_DEPRECATED_SEC_WARN;
        -:  505:
        -:  506:  __attribute__((__format__ (__MINGW_PRINTF_FORMAT, 2, 0))) __MINGW_ATTRIB_NONNULL(2)
        -:  507:  int __cdecl vfprintf(FILE * __restrict__ _File,const char * __restrict__ _Format,va_list _ArgList);
        -:  508:  __attribute__((__format__ (__MINGW_PRINTF_FORMAT, 1, 0))) __MINGW_ATTRIB_NONNULL(1)
        -:  509:  int __cdecl vprintf(const char * __restrict__ _Format,va_list _ArgList);
        -:  510:  __attribute__((__format__ (__MINGW_PRINTF_FORMAT, 2, 0))) __MINGW_ATTRIB_NONNULL(2)
        -:  511:  int __cdecl vsprintf(char * __restrict__ _Dest,const char * __restrict__ _Format,va_list _Args) __MINGW_ATTRIB_DEPRECATED_SEC_WARN;
        -:  512:
        -:  513:  __MINGW_ATTRIB_DEPRECATED_SEC_WARN
        -:  514:  __attribute__((__format__ (__MINGW_SCANF_FORMAT, 2, 3))) __MINGW_ATTRIB_NONNULL(2)
        -:  515:  int __cdecl fscanf(FILE * __restrict__ _File,const char * __restrict__ _Format,...);
        -:  516:  __MINGW_ATTRIB_DEPRECATED_SEC_WARN
        -:  517:  __attribute__((__format__ (__MINGW_SCANF_FORMAT, 1, 2))) __MINGW_ATTRIB_NONNULL(1)
        -:  518:  int __cdecl scanf(const char * __restrict__ _Format,...);
        -:  519:  __MINGW_ATTRIB_DEPRECATED_SEC_WARN
        -:  520:  __attribute__((__format__ (__MINGW_SCANF_FORMAT, 2, 3))) __MINGW_ATTRIB_NONNULL(2)
        -:  521:  int __cdecl sscanf(const char * __restrict__ _Src,const char * __restrict__ _Format,...);
        -:  522:#ifdef _GNU_SOURCE
        -:  523:  __attribute__ ((__format__ (__MINGW_PRINTF_FORMAT, 2, 0)))
        -:  524:  int __cdecl vasprintf(char ** __restrict__ _Ret,const char * __restrict__ _Format,va_list _Args);
        -:  525:  __attribute__ ((__format__ (__MINGW_PRINTF_FORMAT, 2, 3)))
        -:  526:  int __cdecl asprintf(char ** __restrict__ _Ret,const char * __restrict__ _Format,...);
        -:  527:#endif /*_GNU_SOURCE*/
        -:  528:
        -:  529:  __attribute__((__format__ (__MINGW_SCANF_FORMAT, 2, 0))) __MINGW_ATTRIB_NONNULL(2)
        -:  530:  int vfscanf (FILE *__stream,  const char *__format, __builtin_va_list __local_argv);
        -:  531:
        -:  532:  __attribute__((__format__ (__MINGW_SCANF_FORMAT, 2, 0))) __MINGW_ATTRIB_NONNULL(2)
        -:  533:  int vsscanf (const char * __restrict__ __source, const char * __restrict__ __format, __builtin_va_list __local_argv);
        -:  534:  __attribute__((__format__ (__MINGW_SCANF_FORMAT, 1, 0))) __MINGW_ATTRIB_NONNULL(1)
        -:  535:  int vscanf(const char *__format,  __builtin_va_list __local_argv);
        -:  536:
        -:  537:#ifdef __GNUC__
        -:  538:#pragma GCC diagnostic pop
        -:  539:#endif
        -:  540:
        -:  541:#else
        -:  542:  __attribute__((__format__ (ms_printf, 2, 3))) __MINGW_ATTRIB_NONNULL(2)
        -:  543:  int __cdecl fprintf(FILE * __restrict__ _File,const char * __restrict__ _Format,...);
        -:  544:  __attribute__((__format__ (ms_printf, 1, 2))) __MINGW_ATTRIB_NONNULL(1)
        -:  545:  int __cdecl printf(const char * __restrict__ _Format,...);
        -:  546:  __attribute__((__format__ (ms_printf, 2, 3))) __MINGW_ATTRIB_NONNULL(2)
        -:  547:  int __cdecl sprintf(char * __restrict__ _Dest,const char * __restrict__ _Format,...) __MINGW_ATTRIB_DEPRECATED_SEC_WARN;
        -:  548:
        -:  549:  __attribute__((__format__ (ms_printf, 2, 0))) __MINGW_ATTRIB_NONNULL(2)
        -:  550:  int __cdecl vfprintf(FILE * __restrict__ _File,const char * __restrict__ _Format,va_list _ArgList);
        -:  551:  __attribute__((__format__ (ms_printf, 1, 0))) __MINGW_ATTRIB_NONNULL(1)
        -:  552:  int __cdecl vprintf(const char * __restrict__ _Format,va_list _ArgList);
        -:  553:  __attribute__((__format__ (ms_printf, 2, 0))) __MINGW_ATTRIB_NONNULL(2)
        -:  554:  int __cdecl vsprintf(char * __restrict__ _Dest,const char * __restrict__ _Format,va_list _Args) __MINGW_ATTRIB_DEPRECATED_SEC_WARN;
        -:  555:
        -:  556:  __attribute__((__format__ (ms_scanf, 2, 3))) __MINGW_ATTRIB_NONNULL(2)
        -:  557:  int __cdecl fscanf(FILE * __restrict__ _File,const char * __restrict__ _Format,...) __MINGW_ATTRIB_DEPRECATED_SEC_WARN;
        -:  558:  __attribute__((__format__ (ms_scanf, 1, 2))) __MINGW_ATTRIB_NONNULL(1)
        -:  559:  int __cdecl scanf(const char * __restrict__ _Format,...) __MINGW_ATTRIB_DEPRECATED_SEC_WARN;
        -:  560:  __attribute__((__format__ (ms_scanf, 2, 3))) __MINGW_ATTRIB_NONNULL(2)
        -:  561:  int __cdecl sscanf(const char * __restrict__ _Src,const char * __restrict__ _Format,...) __MINGW_ATTRIB_DEPRECATED_SEC_WARN;
        -:  562:#ifdef _GNU_SOURCE
        -:  563:  int __cdecl vasprintf(char ** __restrict__ __ret,const char * __restrict__ __format,va_list __ap)  __attribute__ ((format (__MINGW_PRINTF_FORMAT, 2, 0)));
        -:  564:  int __cdecl asprintf(char ** __restrict__ __ret,const char * __restrict__ __format,...) __attribute__ ((format (__MINGW_PRINTF_FORMAT, 2, 3)));
        -:  565:#endif /*_GNU_SOURCE*/
        -:  566:#ifndef __NO_ISOCEXT  /* externs in libmingwex.a */
        -:  567:#ifdef __GNUC__
        -:  568:#pragma GCC diagnostic push
        -:  569:#pragma GCC diagnostic ignored "-Wshadow"
        -:  570:#endif
        -:  571:
        -:  572:  __attribute__((__format__ (ms_scanf, 1, 0))) __MINGW_ATTRIB_NONNULL(1)
        -:  573:  int __cdecl __ms_vscanf(const char * __restrict__ Format, va_list argp);
        -:  574:  __attribute__((__format__ (ms_scanf, 2, 0))) __MINGW_ATTRIB_NONNULL(2)
        -:  575:  int __cdecl __ms_vfscanf (FILE * __restrict__ fp, const char * __restrict__ Format,va_list argp);
        -:  576:  __attribute__((__format__ (ms_scanf, 2, 0))) __MINGW_ATTRIB_NONNULL(2)
        -:  577:  int __cdecl __ms_vsscanf (const char * __restrict__ _Str,const char * __restrict__ Format,va_list argp);
        -:  578:
        -:  579:  __mingw_ovr
        -:  580:  __attribute__((__format__ (ms_scanf, 2, 0))) __MINGW_ATTRIB_NONNULL(2)
        -:  581:  int vfscanf (FILE *__stream,  const char *__format, __builtin_va_list __local_argv)
        -:  582:  {
        -:  583:    return __ms_vfscanf (__stream, __format, __local_argv);
        -:  584:  }
        -:  585:
        -:  586:  __mingw_ovr
        -:  587:  __attribute__((__format__ (ms_scanf, 2, 0))) __MINGW_ATTRIB_NONNULL(2)
        -:  588:  int vsscanf (const char * __restrict__ __source, const char * __restrict__ __format, __builtin_va_list __local_argv)
        -:  589:  {
        -:  590:    return __ms_vsscanf( __source, __format, __local_argv );
        -:  591:  }
        -:  592:  __mingw_ovr
        -:  593:  __attribute__((__format__ (ms_scanf, 1, 0))) __MINGW_ATTRIB_NONNULL(1)
        -:  594:  int vscanf(const char *__format,  __builtin_va_list __local_argv)
        -:  595:  {
        -:  596:    return __ms_vscanf (__format, __local_argv);
        -:  597:  }
        -:  598:
        -:  599:#ifdef __GNUC__
        -:  600:#pragma GCC diagnostic pop
        -:  601:#endif
        -:  602:
        -:  603:#endif /* __NO_ISOCEXT */
        -:  604:#endif /* _UCRT */
        -:  605:#endif /* __USE_MINGW_ANSI_STDIO */
        -:  606:
        -:  607:  _CRTIMP int __cdecl _filbuf(FILE *_File);
        -:  608:  _CRTIMP int __cdecl _flsbuf(int _Ch,FILE *_File);
        -:  609:#ifdef _POSIX_
        -:  610:  _CRTIMP FILE *__cdecl _fsopen(const char *_Filename,const char *_Mode);
        -:  611:#else
        -:  612:  _CRTIMP FILE *__cdecl _fsopen(const char *_Filename,const char *_Mode,int _ShFlag);
        -:  613:#endif
        -:  614:  void __cdecl clearerr(FILE *_File);
        -:  615:  int __cdecl fclose(FILE *_File);
        -:  616:  _CRTIMP int __cdecl _fcloseall(void);
        -:  617:#ifdef _POSIX_
        -:  618:  FILE *__cdecl fdopen(int _FileHandle,const char *_Mode) __MINGW_ATTRIB_DEPRECATED_MSVC2005;
        -:  619:#else
        -:  620:  _CRTIMP FILE *__cdecl _fdopen(int _FileHandle,const char *_Mode);
        -:  621:#endif
        -:  622:  int __cdecl feof(FILE *_File);
        -:  623:  int __cdecl ferror(FILE *_File);
        -:  624:  int __cdecl fflush(FILE *_File);
        -:  625:  int __cdecl fgetc(FILE *_File);
        -:  626:  _CRTIMP int __cdecl _fgetchar(void);
        -:  627:  int __cdecl fgetpos(FILE * __restrict__ _File ,fpos_t * __restrict__ _Pos); /* 64bit only, no 32bit version */
        -:  628:  int __cdecl fgetpos64(FILE * __restrict__ _File ,fpos_t * __restrict__ _Pos); /* fgetpos already 64bit */
        -:  629:  char *__cdecl fgets(char * __restrict__ _Buf,int _MaxCount,FILE * __restrict__ _File);
        -:  630:  _CRTIMP int __cdecl _fileno(FILE *_File);
        -:  631:#ifdef _POSIX_
        -:  632:  int __cdecl fileno(FILE *_File) __MINGW_ATTRIB_DEPRECATED_MSVC2005;
        -:  633:#endif
        -:  634:  _CRTIMP char *__cdecl _tempnam(const char *_DirName,const char *_FilePrefix);
        -:  635:  _CRTIMP int __cdecl _flushall(void);
        -:  636:  FILE *__cdecl fopen(const char * __restrict__ _Filename,const char * __restrict__ _Mode) __MINGW_ATTRIB_DEPRECATED_SEC_WARN;
        -:  637:  FILE *fopen64(const char * __restrict__ filename,const char * __restrict__  mode);
        -:  638:  int __cdecl fputc(int _Ch,FILE *_File);
        -:  639:  _CRTIMP int __cdecl _fputchar(int _Ch);
        -:  640:  int __cdecl fputs(const char * __restrict__ _Str,FILE * __restrict__ _File);
        -:  641:  size_t __cdecl fread(void * __restrict__ _DstBuf,size_t _ElementSize,size_t _Count,FILE * __restrict__ _File);
        -:  642:  FILE *__cdecl freopen(const char * __restrict__ _Filename,const char * __restrict__ _Mode,FILE * __restrict__ _File) __MINGW_ATTRIB_DEPRECATED_SEC_WARN;
        -:  643:  int __cdecl fsetpos(FILE *_File,const fpos_t *_Pos);
        -:  644:  int __cdecl fsetpos64(FILE *_File,const fpos_t *_Pos); /* fsetpos already 64bit */
        -:  645:  int __cdecl fseek(FILE *_File,long _Offset,int _Origin);
        -:  646:  long __cdecl ftell(FILE *_File);
        -:  647:
        -:  648:  /* Shouldn't be any fseeko32 in glibc, 32bit to 64bit casting should be fine */
        -:  649:  /* int fseeko32(FILE* stream, _off_t offset, int whence);*/ /* fseeko32 redirects to fseeko64 */
        -:  650:  _CRTIMP int __cdecl _fseeki64(FILE *_File,__int64 _Offset,int _Origin);
        -:  651:  _CRTIMP __int64 __cdecl _ftelli64(FILE *_File);
        -:  652:#ifdef _UCRT
        -:  653:  __mingw_static_ovr int fseeko(FILE *_File, _off_t _Offset, int _Origin) {
        -:  654:    return fseek(_File, _Offset, _Origin);
        -:  655:  }
        -:  656:  __mingw_static_ovr int fseeko64(FILE *_File, _off64_t _Offset, int _Origin) {
        -:  657:    return _fseeki64(_File, _Offset, _Origin);
        -:  658:  }
        -:  659:  __mingw_static_ovr _off_t ftello(FILE *_File) {
        -:  660:    return ftell(_File);
        -:  661:  }
        -:  662:  __mingw_static_ovr _off64_t ftello64(FILE *_File) {
        -:  663:    return _ftelli64(_File);
        -:  664:  }
        -:  665:#else
        -:  666:  int fseeko64(FILE* stream, _off64_t offset, int whence);
        -:  667:  int fseeko(FILE* stream, _off_t offset, int whence);
        -:  668:  /* Returns truncated 64bit off_t */
        -:  669:  _off_t ftello(FILE * stream);
        -:  670:  _off64_t ftello64(FILE * stream);
        -:  671:#endif
        -:  672:
        -:  673:#ifndef _FILE_OFFSET_BITS_SET_FSEEKO
        -:  674:#define _FILE_OFFSET_BITS_SET_FSEEKO
        -:  675:#if (defined(_FILE_OFFSET_BITS) && (_FILE_OFFSET_BITS == 64))
        -:  676:#define fseeko fseeko64
        -:  677:#endif /* (defined(_FILE_OFFSET_BITS) && (_FILE_OFFSET_BITS == 64)) */
        -:  678:#endif /* _FILE_OFFSET_BITS_SET_FSEEKO */
        -:  679:
        -:  680:#ifndef _FILE_OFFSET_BITS_SET_FTELLO
        -:  681:#define _FILE_OFFSET_BITS_SET_FTELLO
        -:  682:#if (defined(_FILE_OFFSET_BITS) && (_FILE_OFFSET_BITS == 64))
        -:  683:#define ftello ftello64
        -:  684:#endif /* (defined(_FILE_OFFSET_BITS) && (_FILE_OFFSET_BITS == 64)) */
        -:  685:#endif /* _FILE_OFFSET_BITS_SET_FTELLO */
        -:  686:
        -:  687:  size_t __cdecl fwrite(const void * __restrict__ _Str,size_t _Size,size_t _Count,FILE * __restrict__ _File);
        -:  688:  int __cdecl getc(FILE *_File);
        -:  689:  int __cdecl getchar(void);
        -:  690:  _CRTIMP int __cdecl _getmaxstdio(void);
        -:  691:  char *__cdecl gets(char *_Buffer)
        -:  692:    __attribute__((__warning__("Using gets() is always unsafe - use fgets() instead")));
        -:  693:  int __cdecl _getw(FILE *_File);
        -:  694:#ifndef _CRT_PERROR_DEFINED
        -:  695:#define _CRT_PERROR_DEFINED
        -:  696:  void __cdecl perror(const char *_ErrMsg);
        -:  697:#endif
        -:  698:#ifdef _CRT_USE_WINAPI_FAMILY_DESKTOP_APP
        -:  699:  _CRTIMP int __cdecl _pclose(FILE *_File);
        -:  700:  _CRTIMP FILE *__cdecl _popen(const char *_Command,const char *_Mode);
        -:  701:#if !defined(NO_OLDNAMES) && !defined(popen)
        -:  702:#define popen	_popen
        -:  703:#define pclose	_pclose
        -:  704:#endif
        -:  705:#endif /* _CRT_USE_WINAPI_FAMILY_DESKTOP_APP */
        -:  706:  int __cdecl putc(int _Ch,FILE *_File);
        -:  707:  int __cdecl putchar(int _Ch);
        -:  708:  int __cdecl puts(const char *_Str);
        -:  709:  _CRTIMP int __cdecl _putw(int _Word,FILE *_File);
        -:  710:#ifndef _CRT_DIRECTORY_DEFINED
        -:  711:#define _CRT_DIRECTORY_DEFINED
        -:  712:  int __cdecl remove(const char *_Filename);
        -:  713:  int __cdecl rename(const char *_OldFilename,const char *_NewFilename);
        -:  714:  _CRTIMP int __cdecl _unlink(const char *_Filename);
        -:  715:#ifndef	NO_OLDNAMES
        -:  716:  int __cdecl unlink(const char *_Filename) __MINGW_ATTRIB_DEPRECATED_MSVC2005;
        -:  717:#endif
        -:  718:#endif
        -:  719:  void __cdecl rewind(FILE *_File);
        -:  720:  _CRTIMP int __cdecl _rmtmp(void);
        -:  721:  void __cdecl setbuf(FILE * __restrict__ _File,char * __restrict__ _Buffer) __MINGW_ATTRIB_DEPRECATED_SEC_WARN;
        -:  722:  _CRTIMP int __cdecl _setmaxstdio(int _Max);
        -:  723:  _CRTIMP unsigned int __cdecl _set_output_format(unsigned int _Format);
        -:  724:  _CRTIMP unsigned int __cdecl _get_output_format(void);
        -:  725:  int __cdecl setvbuf(FILE * __restrict__ _File,char * __restrict__ _Buf,int _Mode,size_t _Size);
        -:  726:#ifdef _UCRT
        -:  727:  __mingw_ovr
        -:  728:  __MINGW_ATTRIB_PURE
        -:  729:  __attribute__((__format__ (__MINGW_PRINTF_FORMAT, 1, 2))) __MINGW_ATTRIB_NONNULL(1)
        -:  730:  int __cdecl _scprintf(const char * __restrict__ _Format,...)
        -:  731:  {
        -:  732:    __builtin_va_list __ap;
        -:  733:    int __ret;
        -:  734:    __builtin_va_start(__ap, _Format);
        -:  735:    __ret = __stdio_common_vsprintf(_CRT_INTERNAL_PRINTF_STANDARD_SNPRINTF_BEHAVIOR, NULL, 0, _Format, NULL, __ap);
        -:  736:    __builtin_va_end(__ap);
        -:  737:    return __ret;
        -:  738:  }
        -:  739:  __mingw_ovr __MINGW_ATTRIB_DEPRECATED_SEC_WARN
        -:  740:  __attribute__((__format__ (__MINGW_SCANF_FORMAT, 3, 4))) __MINGW_ATTRIB_NONNULL(3)
        -:  741:  int __cdecl _snscanf(const char * __restrict__ _Src,size_t _MaxCount,const char * __restrict__ _Format,...)
        -:  742:  {
        -:  743:    __builtin_va_list __ap;
        -:  744:    int __ret;
        -:  745:    __builtin_va_start(__ap, _Format);
        -:  746:    __ret = __stdio_common_vsscanf(0, _Src, _MaxCount, _Format, NULL, __ap);
        -:  747:    __builtin_va_end(__ap);
        -:  748:    return __ret;
        -:  749:  }
        -:  750:#else
        -:  751:  __MINGW_ATTRIB_PURE
        -:  752:  __attribute__((__format__ (ms_printf, 1, 2))) __MINGW_ATTRIB_NONNULL(1)
        -:  753:  _CRTIMP int __cdecl _scprintf(const char * __restrict__ _Format,...);
        -:  754:  __attribute__((__format__ (ms_scanf, 3, 4))) __MINGW_ATTRIB_NONNULL(3)
        -:  755:  _CRTIMP int __cdecl _snscanf(const char * __restrict__ _Src,size_t _MaxCount,const char * __restrict__ _Format,...) __MINGW_ATTRIB_DEPRECATED_SEC_WARN;
        -:  756:#endif
        -:  757:  __MINGW_ATTRIB_PURE
        -:  758:  __attribute__((__format__ (ms_printf, 1, 0))) __MINGW_ATTRIB_NONNULL(1)
        -:  759:  _CRTIMP int __cdecl _vscprintf(const char * __restrict__ _Format,va_list _ArgList);
        -:  760:  FILE *__cdecl tmpfile(void) __MINGW_ATTRIB_DEPRECATED_SEC_WARN;
        -:  761:  char *__cdecl tmpnam(char *_Buffer);
        -:  762:  int __cdecl ungetc(int _Ch,FILE *_File);
        -:  763:
        -:  764:#ifdef _UCRT
        -:  765:  __attribute__((__format__ (__MINGW_PRINTF_FORMAT, 3, 0))) __MINGW_ATTRIB_NONNULL(3)
        -:  766:  int __cdecl _vsnprintf(char * __restrict__ _Dest,size_t _Count,const char * __restrict__ _Format,va_list _Args) __MINGW_ATTRIB_DEPRECATED_SEC_WARN;
        -:  767:  __mingw_ovr __MINGW_ATTRIB_DEPRECATED_SEC_WARN
        -:  768:  __attribute__((__format__ (__MINGW_PRINTF_FORMAT, 3, 4))) __MINGW_ATTRIB_NONNULL(3)
        -:  769:  int __cdecl _snprintf(char * __restrict__ _Dest,size_t _Count,const char * __restrict__ _Format,...)
        -:  770:  {
        -:  771:    __builtin_va_list __ap;
        -:  772:    int __ret;
        -:  773:    __builtin_va_start(__ap, _Format);
        -:  774:    __ret = _vsnprintf(_Dest, _Count, _Format, __ap);
        -:  775:    __builtin_va_end(__ap);
        -:  776:    return __ret;
        -:  777:  }
        -:  778:#else
        -:  779:  __attribute__((__format__ (ms_printf, 3, 4))) __MINGW_ATTRIB_NONNULL(3)
        -:  780:  _CRTIMP int __cdecl _snprintf(char * __restrict__ _Dest,size_t _Count,const char * __restrict__ _Format,...) __MINGW_ATTRIB_DEPRECATED_SEC_WARN;
        -:  781:  __attribute__((__format__ (ms_printf, 3, 0))) __MINGW_ATTRIB_NONNULL(3)
        -:  782:  _CRTIMP int __cdecl _vsnprintf(char * __restrict__ _Dest,size_t _Count,const char * __restrict__ _Format,va_list _Args) __MINGW_ATTRIB_DEPRECATED_SEC_WARN;
        -:  783:#endif
        -:  784:
        -:  785:#if __MINGW_FORTIFY_LEVEL > 0
        -:  786:
        -:  787:char * __cdecl __gets_chk(char *, size_t);
        -:  788:char * __cdecl __mingw_call_gets_warn(char *) __MINGW_ASM_CALL(gets)
        -:  789:  __attribute__((__warning__("Using gets() is always unsafe - use fgets() instead")));
        -:  790:char * __cdecl __mingw_call_fgets(char * __restrict__, int, FILE * __restrict__) __MINGW_ASM_CALL(fgets);
        -:  791:size_t __cdecl __mingw_call_fread(void * __restrict__, size_t, size_t, FILE * __restrict__) __MINGW_ASM_CALL(fread);
        -:  792:char * __cdecl __mingw_call_tmpnam(char *) __MINGW_ASM_CALL(tmpnam);
        -:  793:
        -:  794:__mingw_bos_extern_ovr
        -:  795:char * gets(char * __dst)
        -:  796:{
        -:  797:  if (__mingw_bos_known(__dst))
        -:  798:    return __gets_chk(__dst, __mingw_bos(__dst, 1));
        -:  799:  return __mingw_call_gets_warn(__dst);
        -:  800:}
        -:  801:
        -:  802:__mingw_bos_extern_ovr
        -:  803:char * fgets(char * __restrict__ __dst, int __n, FILE * __restrict__ __f)
        -:  804:{
        -:  805:  __mingw_bos_ptr_chk_warn(__dst, __n, 1);
        -:  806:  return __mingw_call_fgets(__dst, __n, __f);
        -:  807:}
        -:  808:
        -:  809:__mingw_bos_extern_ovr
        -:  810:size_t fread(void * __restrict__ __dst, size_t __sz, size_t __n, FILE * __restrict__ __f)
        -:  811:{
        -:  812:  __mingw_bos_ptr_chk_warn(__dst, __sz * __n, 0);
        -:  813:  return __mingw_call_fread(__dst, __sz, __n, __f);
        -:  814:}
        -:  815:
        -:  816:__mingw_bos_extern_ovr
        -:  817:char * tmpnam(char * __dst)
        -:  818:{
        -:  819:  __mingw_bos_ptr_chk_warn(__dst, L_tmpnam, 1);
        -:  820:  return __mingw_call_tmpnam(__dst);
        -:  821:}
        -:  822:
        -:  823:#endif /* __MINGW_FORTIFY_LEVEL > 0 */
        -:  824:
        -:  825:#if __USE_MINGW_ANSI_STDIO == 0
        -:  826:
        -:  827:#ifdef _UCRT
        -:  828:#ifdef __GNUC__
        -:  829:#pragma GCC diagnostic push
        -:  830:#pragma GCC diagnostic ignored "-Wshadow"
        -:  831:#endif
        -:  832:  __attribute__((__format__ (__MINGW_PRINTF_FORMAT, 3, 0))) __MINGW_ATTRIB_NONNULL(3)
        -:  833:  int vsnprintf (char * __restrict__ __stream, size_t __n, const char * __restrict__ __format, va_list __local_argv);
        -:  834:
        -:  835:  __attribute__((__format__ (__MINGW_PRINTF_FORMAT, 3, 4))) __MINGW_ATTRIB_NONNULL(3)
        -:  836:  int snprintf (char * __restrict__ __stream, size_t __n, const char * __restrict__ __format, ...);
        -:  837:
        -:  838:#if __MINGW_FORTIFY_LEVEL > 0
        -:  839:
        -:  840:  int __cdecl __mingw_call_vsprintf (char * __restrict__ __stream, const char * __restrict__ __format, va_list __local_argv) __MINGW_ASM_CALL(vsprintf);
        -:  841:  int __cdecl __mingw_call_vsnprintf (char * __restrict__ __stream, size_t __n, const char * __restrict__ __format, va_list __local_argv) __MINGW_ASM_CALL(vsnprintf);
        -:  842:
        -:  843:  __mingw_bos_extern_ovr
        -:  844:  __attribute__((__format__ (__MINGW_PRINTF_FORMAT, 2, 0))) __MINGW_ATTRIB_NONNULL(3)
        -:  845:  int vsprintf (char * __restrict__ __stream, const char * __restrict__ __format, va_list __local_argv)
        -:  846:  {
        -:  847:    if (__mingw_bos_known(__stream)) {
        -:  848:      int __retval = __mingw_call_vsnprintf (__stream, __mingw_bos(__stream, 1), __format, __local_argv);
        -:  849:      if (__retval >= 0)
        -:  850:        __mingw_bos_ptr_chk(__stream, (size_t)__retval + 1, 1);
        -:  851:      return __retval;
        -:  852:    }
        -:  853:    return __mingw_call_vsprintf(__stream, __format, __local_argv);
        -:  854:  }
        -:  855:
        -:  856:  __mingw_bos_extern_ovr
        -:  857:  __attribute__((__format__ (__MINGW_PRINTF_FORMAT, 3, 0))) __MINGW_ATTRIB_NONNULL(3)
        -:  858:  int vsnprintf (char * __restrict__ __stream, size_t __n, const char * __restrict__ __format, va_list __local_argv)
        -:  859:  {
        -:  860:    __mingw_bos_ptr_chk_warn(__stream, __n, 1);
        -:  861:    return __mingw_call_vsnprintf (__stream, __n, __format, __local_argv);
        -:  862:  }
        -:  863:
        -:  864:#endif /* __MINGW_FORTIFY_LEVEL > 0 */
        -:  865:
        -:  866:#if __MINGW_FORTIFY_VA_ARG
        -:  867:
        -:  868:  int __cdecl __mingw_call_sprintf (char * __restrict__ __stream, const char * __restrict__ __Format, ...) __MINGW_ASM_CALL(sprintf);
        -:  869:  int __cdecl __mingw_call_snprintf (char * __restrict__ __stream, size_t __n, const char * __restrict__ __format, ...) __MINGW_ASM_CALL(snprintf);
        -:  870:
        -:  871:  __mingw_bos_extern_ovr
        -:  872:  __attribute__((__format__ (__MINGW_PRINTF_FORMAT, 2, 3))) __MINGW_ATTRIB_NONNULL(2)
        -:  873:  int sprintf (char * __restrict__ __stream, const char * __restrict__ __format, ...)
        -:  874:  {
        -:  875:    if (__mingw_bos_known(__stream)) {
        -:  876:      int __retval = __mingw_call_snprintf (__stream, __mingw_bos(__stream, 1), __format, __builtin_va_arg_pack());
        -:  877:      if (__retval >= 0)
        -:  878:        __mingw_bos_ptr_chk(__stream, (size_t)__retval + 1, 1);
        -:  879:      return __retval;
        -:  880:    }
        -:  881:    return __mingw_call_sprintf (__stream, __format, __builtin_va_arg_pack());
        -:  882:  }
        -:  883:
        -:  884:  __mingw_bos_extern_ovr
        -:  885:  __attribute__((__format__ (__MINGW_PRINTF_FORMAT, 3, 4))) __MINGW_ATTRIB_NONNULL(3)
        -:  886:  int snprintf (char * __restrict__ __stream, size_t __n, const char * __restrict__ __format, ...)
        -:  887:  {
        -:  888:    __mingw_bos_ptr_chk_warn(__stream, __n, 1);
        -:  889:    return __mingw_call_snprintf (__stream, __n, __format, __builtin_va_arg_pack());
        -:  890:  }
        -:  891:
        -:  892:#endif /* __MINGW_FORTIFY_VA_ARG */
        -:  893:
        -:  894:#ifdef __GNUC__
        -:  895:#pragma GCC diagnostic pop
        -:  896:#endif
        -:  897:#else /* !_UCRT */
        -:  898:
        -:  899:/* this is here to deal with software defining
        -:  900: * vsnprintf as _vsnprintf, eg. libxml2.  */
        -:  901:
        -:  902:#ifdef __GNUC__
        -:  903:#pragma GCC diagnostic push
        -:  904:#pragma GCC diagnostic ignored "-Wshadow"
        -:  905:#endif
        -:  906:
        -:  907:  __attribute__((__format__ (ms_printf, 3, 0))) __MINGW_ATTRIB_NONNULL(3)
        -:  908:  int __cdecl __ms_vsnprintf(char * __restrict__ d,size_t n,const char * __restrict__ format,va_list arg)
        -:  909:    __MINGW_ATTRIB_DEPRECATED_MSVC2005 __MINGW_ATTRIB_DEPRECATED_SEC_WARN;
        -:  910:
        -:  911:  __mingw_bos_ovr
        -:  912:  __attribute__((__format__ (ms_printf, 3, 0))) __MINGW_ATTRIB_NONNULL(3)
        -:  913:  int vsnprintf (char * __restrict__ __stream, size_t __n, const char * __restrict__ __format, va_list __local_argv)
        -:  914:  {
        -:  915:#if __MINGW_FORTIFY_LEVEL > 0
        -:  916:    __mingw_bos_ptr_chk_warn(__stream, __n, 1);
        -:  917:#endif
        -:  918:    if (__builtin_constant_p(__n) && __n == 0)
        -:  919:      return _vscprintf(__format, __local_argv);
        -:  920:    return __ms_vsnprintf (__stream, __n, __format, __local_argv);
        -:  921:  }
        -:  922:
        -:  923:  __attribute__((__format__ (ms_printf, 3, 4))) __MINGW_ATTRIB_NONNULL(3)
        -:  924:  int __cdecl __ms_snprintf(char * __restrict__ s, size_t n, const char * __restrict__  format, ...);
        -:  925:
        -:  926:#ifndef __NO_ISOCEXT
        -:  927:#if __MINGW_FORTIFY_VA_ARG
        -:  928:
        -:  929:int snprintf (char * __restrict__ __stream, size_t __n, const char * __restrict__ __format, ...) __MINGW_ASM_CALL(__ms_snprintf);
        -:  930:
        -:  931:__mingw_bos_extern_ovr
        -:  932:__attribute__((__format__ (ms_printf, 3, 4))) __MINGW_ATTRIB_NONNULL(3)
        -:  933:int snprintf (char * __restrict__ __stream, size_t __n, const char * __restrict__ __format, ...)
        -:  934:{
        -:  935:  __mingw_bos_ptr_chk_warn(__stream, __n, 1);
        -:  936:  if (__builtin_constant_p(__n) && __n == 0)
        -:  937:    return _scprintf(__format, __builtin_va_arg_pack());
        -:  938:  return __ms_snprintf(__stream, __n, __format, __builtin_va_arg_pack());
        -:  939:}
        -:  940:
        -:  941:#else /* !__MINGW_FORTIFY_VA_ARG */
        -:  942:
        -:  943:__mingw_ovr
        -:  944:__attribute__((__format__ (ms_printf, 3, 4))) __MINGW_ATTRIB_NONNULL(3)
        -:  945:int snprintf (char * __restrict__ __stream, size_t __n, const char * __restrict__ __format, ...)
        -:  946:{
        -:  947:  int __retval;
        -:  948:  __builtin_va_list __local_argv; __builtin_va_start( __local_argv, __format );
        -:  949:  if (__builtin_constant_p(__n) && __n == 0)
        -:  950:    __retval = _vscprintf(__format, __local_argv);
        -:  951:  else
        -:  952:    __retval = __ms_vsnprintf (__stream, __n, __format, __local_argv);
        -:  953:  __builtin_va_end( __local_argv );
        -:  954:  return __retval;
        -:  955:}
        -:  956:
        -:  957:#endif /* !__MINGW_FORTIFY_VA_ARG */
        -:  958:#endif /* !__NO_ISOCEXT */
        -:  959:
        -:  960:#if __MINGW_FORTIFY_VA_ARG
        -:  961:
        -:  962:int __cdecl __mingw_call_ms_sprintf(char * __restrict__, const char * __restrict__, ...) __MINGW_ASM_CALL(sprintf);
        -:  963:
        -:  964:__mingw_bos_extern_ovr
        -:  965:__attribute__((__format__ (ms_printf, 2, 3))) __MINGW_ATTRIB_NONNULL(2)
        -:  966:int sprintf (char * __restrict__ __stream, const char * __restrict__ __format, ...)
        -:  967:{
        -:  968:  if (__mingw_bos_known(__stream)) {
        -:  969:    int __retval = __ms_snprintf( __stream, __mingw_bos(__stream, 1), __format, __builtin_va_arg_pack() );
        -:  970:    if (__retval >= 0)
        -:  971:      __mingw_bos_ptr_chk(__stream, (size_t)__retval + 1, 1);
        -:  972:    return __retval;
        -:  973:  }
        -:  974:  return __mingw_call_ms_sprintf( __stream, __format, __builtin_va_arg_pack() );
        -:  975:}
        -:  976:
        -:  977:#endif /* __MINGW_FORTIFY_VA_ARG */
        -:  978:
        -:  979:#if __MINGW_FORTIFY_LEVEL > 0
        -:  980:
        -:  981:int __cdecl __mingw_call_ms_vsprintf(char * __restrict__, const char * __restrict__, va_list) __MINGW_ASM_CALL(vsprintf);
        -:  982:
        -:  983:__mingw_bos_extern_ovr
        -:  984:__attribute__((__format__ (ms_printf, 2, 0))) __MINGW_ATTRIB_NONNULL(2)
        -:  985:int vsprintf (char * __restrict__ __stream, const char * __restrict__ __format, va_list __local_argv)
        -:  986:{
        -:  987:  if (__mingw_bos_known(__stream)) {
        -:  988:    int __retval = __ms_vsnprintf( __stream, __mingw_bos(__stream, 1), __format, __local_argv );
        -:  989:    if (__retval >= 0)
        -:  990:      __mingw_bos_ptr_chk(__stream, (size_t)__retval + 1, 1);
        -:  991:    return __retval;
        -:  992:  }
        -:  993:  return __mingw_call_ms_vsprintf( __stream, __format, __local_argv );
        -:  994:}
        -:  995:
        -:  996:#endif /* __MINGW_FORTIFY_LEVEL > 0 */
        -:  997:
        -:  998:#ifdef __GNUC__
        -:  999:#pragma GCC diagnostic pop
        -: 1000:#endif
        -: 1001:#endif /* _UCRT */
        -: 1002:#endif /* __USE_MINGW_ANSI_STDIO */
        -: 1003:
        -: 1004:  _CRTIMP int __cdecl _set_printf_count_output(int _Value);
        -: 1005:  _CRTIMP int __cdecl _get_printf_count_output(void);
        -: 1006:
        -: 1007:#ifndef _WSTDIO_DEFINED
        -: 1008:#define _WSTDIO_DEFINED
        -: 1009:
        -: 1010:/* __attribute__((__format__ (gnu_wscanf, 2, 3))) */ __MINGW_ATTRIB_NONNULL(2)
        -: 1011:  int __cdecl __mingw_swscanf(const wchar_t * __restrict__ _Src,const wchar_t * __restrict__ _Format,...);
        -: 1012:/* __attribute__((__format__ (gnu_wscanf, 2, 0))) */ __MINGW_ATTRIB_NONNULL(2)
        -: 1013:  int __cdecl __mingw_vswscanf (const wchar_t * __restrict__ _Str,const wchar_t * __restrict__ Format,va_list argp);
        -: 1014:/* __attribute__((__format__ (gnu_wscanf, 1, 2))) */ __MINGW_ATTRIB_NONNULL(1)
        -: 1015:  int __cdecl __mingw_wscanf(const wchar_t * __restrict__ _Format,...);
        -: 1016:/* __attribute__((__format__ (gnu_wscanf, 1, 0))) */ __MINGW_ATTRIB_NONNULL(1)
        -: 1017:  int __cdecl __mingw_vwscanf(const wchar_t * __restrict__ Format, va_list argp);
        -: 1018:/* __attribute__((__format__ (gnu_wscanf, 2, 3))) */ __MINGW_ATTRIB_NONNULL(2)
        -: 1019:  int __cdecl __mingw_fwscanf(FILE * __restrict__ _File,const wchar_t * __restrict__ _Format,...);
        -: 1020:/* __attribute__((__format__ (gnu_wscanf, 2, 0))) */ __MINGW_ATTRIB_NONNULL(2)
        -: 1021:  int __cdecl __mingw_vfwscanf (FILE * __restrict__ fp, const wchar_t * __restrict__ Format,va_list argp);
        -: 1022:
        -: 1023:/* __attribute__((__format__ (gnu_wprintf, 2, 3))) */ __MINGW_ATTRIB_NONNULL(2)
        -: 1024:  int __cdecl __mingw_fwprintf(FILE * __restrict__ _File,const wchar_t * __restrict__ _Format,...);
        -: 1025:/* __attribute__((__format__ (gnu_wprintf, 1, 2))) */ __MINGW_ATTRIB_NONNULL(1)
        -: 1026:  int __cdecl __mingw_wprintf(const wchar_t * __restrict__ _Format,...);
        -: 1027:/* __attribute__((__format__ (gnu_wprintf, 2, 0))) */__MINGW_ATTRIB_NONNULL(2)
        -: 1028:  int __cdecl __mingw_vfwprintf(FILE * __restrict__ _File,const wchar_t * __restrict__ _Format,va_list _ArgList);
        -: 1029:/*__attribute__((__format__ (gnu_wprintf, 1, 0))) */ __MINGW_ATTRIB_NONNULL(1)
        -: 1030:  int __cdecl __mingw_vwprintf(const wchar_t * __restrict__ _Format,va_list _ArgList);
        -: 1031:/* __attribute__((__format__ (gnu_wprintf, 3, 4))) */ __MINGW_ATTRIB_NONNULL(3)
        -: 1032:  int __cdecl __mingw_snwprintf (wchar_t * __restrict__ s, size_t n, const wchar_t * __restrict__ format, ...);
        -: 1033:/* __attribute__((__format__ (gnu_wprintf, 3, 0))) */ __MINGW_ATTRIB_NONNULL(3)
        -: 1034:  int __cdecl __mingw_vsnwprintf (wchar_t * __restrict__ , size_t, const wchar_t * __restrict__ , va_list);
        -: 1035:/* __attribute__((__format__ (gnu_wprintf, 2, 3))) */ __MINGW_ATTRIB_NONNULL(2)
        -: 1036:  int __cdecl __mingw_swprintf(wchar_t * __restrict__ , const wchar_t * __restrict__ , ...);
        -: 1037:/* __attribute__((__format__ (gnu_wprintf, 2, 0))) */ __MINGW_ATTRIB_NONNULL(2)
        -: 1038:  int __cdecl __mingw_vswprintf(wchar_t * __restrict__ , const wchar_t * __restrict__ ,va_list);
        -: 1039:
        -: 1040:/* __attribute__((__format__ (ms_wscanf, 2, 3))) */ __MINGW_ATTRIB_NONNULL(2)
        -: 1041:  int __cdecl __ms_swscanf(const wchar_t * __restrict__ _Src,const wchar_t * __restrict__ _Format,...);
        -: 1042:/* __attribute__((__format__ (ms_wscanf, 1, 2))) */ __MINGW_ATTRIB_NONNULL(1)
        -: 1043:  int __cdecl __ms_wscanf(const wchar_t * __restrict__ _Format,...);
        -: 1044:/* __attribute__((__format__ (ms_wscanf, 2, 3))) */ __MINGW_ATTRIB_NONNULL(2)
        -: 1045:  int __cdecl __ms_fwscanf(FILE * __restrict__ _File,const wchar_t * __restrict__ _Format,...);
        -: 1046:
        -: 1047:/* __attribute__((__format__ (ms_wprintf, 2, 3))) */ __MINGW_ATTRIB_NONNULL(2)
        -: 1048:  int __cdecl __ms_fwprintf(FILE * __restrict__ _File,const wchar_t * __restrict__ _Format,...);
        -: 1049:/* __attribute__((__format__ (ms_wprintf, 1, 2))) */ __MINGW_ATTRIB_NONNULL(1)
        -: 1050:  int __cdecl __ms_wprintf(const wchar_t * __restrict__ _Format,...);
        -: 1051:/* __attribute__((__format__ (ms_wprintf, 2, 0))) */__MINGW_ATTRIB_NONNULL(2)
        -: 1052:  int __cdecl __ms_vfwprintf(FILE * __restrict__ _File,const wchar_t * __restrict__ _Format,va_list _ArgList);
        -: 1053:/*__attribute__((__format__ (ms_wprintf, 1, 0))) */ __MINGW_ATTRIB_NONNULL(1)
        -: 1054:  int __cdecl __ms_vwprintf(const wchar_t * __restrict__ _Format,va_list _ArgList);
        -: 1055:/* __attribute__((__format__ (ms_wprintf, 2, 3))) */ __MINGW_ATTRIB_NONNULL(2)
        -: 1056:  int __cdecl __ms_swprintf(wchar_t * __restrict__ , const wchar_t * __restrict__ , ...);
        -: 1057:/* __attribute__((__format__ (ms_wprintf, 2, 0))) */ __MINGW_ATTRIB_NONNULL(2)
        -: 1058:  int __cdecl __ms_vswprintf(wchar_t * __restrict__ , const wchar_t * __restrict__ ,va_list);
        -: 1059:
        -: 1060:#ifdef _UCRT
        -: 1061:  int __cdecl __stdio_common_vswprintf(unsigned __int64 options, wchar_t *str, size_t len, const wchar_t *format, _locale_t locale, va_list valist);
        -: 1062:  int __cdecl __stdio_common_vfwprintf(unsigned __int64 options, FILE *file, const wchar_t *format, _locale_t locale, va_list valist);
        -: 1063:  int __cdecl __stdio_common_vswscanf(unsigned __int64 options, const wchar_t *input, size_t length, const wchar_t *format, _locale_t locale, va_list valist);
        -: 1064:  int __cdecl __stdio_common_vfwscanf(unsigned __int64 options, FILE *file, const wchar_t *format, _locale_t locale, va_list valist);
        -: 1065:#endif
        -: 1066:
        -: 1067:#if __USE_MINGW_ANSI_STDIO && !defined(_CRTBLD)
        -: 1068:/*
        -: 1069: * User has expressed a preference for C99 conformance...
        -: 1070: */
        -: 1071:
        -: 1072:__mingw_ovr
        -: 1073:/* __attribute__((__format__ (gnu_wscanf, 2, 3))) */ __MINGW_ATTRIB_NONNULL(2)
        -: 1074:int swscanf(const wchar_t *__source, const wchar_t *__format, ...)
        -: 1075:{
        -: 1076:  int __retval;
        -: 1077:  __builtin_va_list __local_argv; __builtin_va_start( __local_argv, __format );
        -: 1078:  __retval = __mingw_vswscanf( __source, __format, __local_argv );
        -: 1079:  __builtin_va_end( __local_argv );
        -: 1080:  return __retval;
        -: 1081:}
        -: 1082:
        -: 1083:__mingw_ovr
        -: 1084:/* __attribute__((__format__ (gnu_wscanf, 1, 2))) */ __MINGW_ATTRIB_NONNULL(1)
        -: 1085:int wscanf(const wchar_t *__format, ...)
        -: 1086:{
        -: 1087:  int __retval;
        -: 1088:  __builtin_va_list __local_argv; __builtin_va_start( __local_argv, __format );
        -: 1089:  __retval = __mingw_vfwscanf( stdin, __format, __local_argv );
        -: 1090:  __builtin_va_end( __local_argv );
        -: 1091:  return __retval;
        -: 1092:}
        -: 1093:
        -: 1094:__mingw_ovr
        -: 1095:/* __attribute__((__format__ (gnu_wscanf, 2, 3))) */ __MINGW_ATTRIB_NONNULL(2)
        -: 1096:int fwscanf(FILE *__stream, const wchar_t *__format, ...)
        -: 1097:{
        -: 1098:  int __retval;
        -: 1099:  __builtin_va_list __local_argv; __builtin_va_start( __local_argv, __format );
        -: 1100:  __retval = __mingw_vfwscanf( __stream, __format, __local_argv );
        -: 1101:  __builtin_va_end( __local_argv );
        -: 1102:  return __retval;
        -: 1103:}
        -: 1104:
        -: 1105:#ifndef __NO_ISOCEXT  /* externs in libmingwex.a */
        -: 1106:__mingw_ovr
        -: 1107:/* __attribute__((__format__ (gnu_wscanf, 2, 0))) */ __MINGW_ATTRIB_NONNULL(2)
        -: 1108:int vswscanf (const wchar_t * __restrict__ __source, const wchar_t * __restrict__ __format, __builtin_va_list __local_argv)
        -: 1109:{
        -: 1110:  return __mingw_vswscanf( __source, __format, __local_argv );
        -: 1111:}
        -: 1112:
        -: 1113:__mingw_ovr
        -: 1114:/* __attribute__((__format__ (gnu_wscanf, 1, 0))) */ __MINGW_ATTRIB_NONNULL(1)
        -: 1115:int vwscanf(const wchar_t *__format,  __builtin_va_list __local_argv)
        -: 1116:{
        -: 1117:  return __mingw_vfwscanf( stdin, __format, __local_argv );
        -: 1118:}
        -: 1119:
        -: 1120:__mingw_ovr
        -: 1121:/* __attribute__((__format__ (gnu_wscanf, 2, 0))) */ __MINGW_ATTRIB_NONNULL(2)
        -: 1122:int vfwscanf (FILE *__stream,  const wchar_t *__format, __builtin_va_list __local_argv)
        -: 1123:{
        -: 1124:  return __mingw_vfwscanf( __stream, __format, __local_argv );
        -: 1125:}
        -: 1126:#endif /* __NO_ISOCEXT */
        -: 1127:
        -: 1128:
        -: 1129:
        -: 1130:__mingw_ovr
        -: 1131:/* __attribute__((__format__ (gnu_wprintf, 2, 3))) */ __MINGW_ATTRIB_NONNULL(2)
        -: 1132:int fwprintf (FILE *__stream, const wchar_t *__format, ...)
        -: 1133:{
        -: 1134:  int __retval;
        -: 1135:  __builtin_va_list __local_argv; __builtin_va_start( __local_argv, __format );
        -: 1136:  __retval = __mingw_vfwprintf( __stream, __format, __local_argv );
        -: 1137:  __builtin_va_end( __local_argv );
        -: 1138:  return __retval;
        -: 1139:}
        -: 1140:
        -: 1141:__mingw_ovr
        -: 1142:/* __attribute__((__format__ (gnu_wprintf, 1, 2))) */ __MINGW_ATTRIB_NONNULL(1)
        -: 1143:int wprintf (const wchar_t *__format, ...)
        -: 1144:{
        -: 1145:  int __retval;
        -: 1146:  __builtin_va_list __local_argv; __builtin_va_start( __local_argv, __format );
        -: 1147:  __retval = __mingw_vfwprintf( stdout, __format, __local_argv );
        -: 1148:  __builtin_va_end( __local_argv );
        -: 1149:  return __retval;
        -: 1150:}
        -: 1151:
        -: 1152:__mingw_ovr
        -: 1153:/* __attribute__((__format__ (gnu_wprintf, 2, 0))) */ __MINGW_ATTRIB_NONNULL(2)
        -: 1154:int vfwprintf (FILE *__stream, const wchar_t *__format, __builtin_va_list __local_argv)
        -: 1155:{
        -: 1156:  return __mingw_vfwprintf( __stream, __format, __local_argv );
        -: 1157:}
        -: 1158:
        -: 1159:__mingw_ovr
        -: 1160:/* __attribute__((__format__ (gnu_wprintf, 1, 0))) */ __MINGW_ATTRIB_NONNULL(1)
        -: 1161:int vwprintf (const wchar_t *__format, __builtin_va_list __local_argv)
        -: 1162:{
        -: 1163:  return __mingw_vfwprintf( stdout, __format, __local_argv );
        -: 1164:}
        -: 1165:
        -: 1166:#ifndef __NO_ISOCEXT  /* externs in libmingwex.a */
        -: 1167:
        -: 1168:#if __MINGW_FORTIFY_VA_ARG
        -: 1169:
        -: 1170:int snwprintf (wchar_t *__stream, size_t __n, const wchar_t *__format, ...) __MINGW_ASM_CALL(__mingw_snwprintf);
        -: 1171:
        -: 1172:__mingw_bos_extern_ovr
        -: 1173:/* __attribute__((__format__ (gnu_wprintf, 3, 4))) */ __MINGW_ATTRIB_NONNULL(3)
        -: 1174:int snwprintf (wchar_t *__stream, size_t __n, const wchar_t *__format, ...)
        -: 1175:{
        -: 1176:  __mingw_bos_ptr_chk_warn(__stream, __n * sizeof(wchar_t), 1);
        -: 1177:  return __mingw_snwprintf( __stream, __n, __format, __builtin_va_arg_pack() );
        -: 1178:}
        -: 1179:
        -: 1180:#else /* !__MINGW_FORTIFY_VA_ARG */
        -: 1181:
        -: 1182:__mingw_ovr
        -: 1183:/* __attribute__((__format__ (gnu_wprintf, 3, 4))) */ __MINGW_ATTRIB_NONNULL(3)
        -: 1184:int snwprintf (wchar_t *__stream, size_t __n, const wchar_t *__format, ...)
        -: 1185:{
        -: 1186:  int __retval;
        -: 1187:  __builtin_va_list __local_argv; __builtin_va_start( __local_argv, __format );
        -: 1188:  __retval = __mingw_vsnwprintf( __stream, __n, __format, __local_argv );
        -: 1189:  __builtin_va_end( __local_argv );
        -: 1190:  return __retval;
        -: 1191:}
        -: 1192:
        -: 1193:#endif /* __MINGW_FORTIFY_VA_ARG */
        -: 1194:
        -: 1195:__mingw_bos_ovr
        -: 1196:/* __attribute__((__format__ (gnu_wprintf, 3, 0))) */ __MINGW_ATTRIB_NONNULL(3)
        -: 1197:int vsnwprintf (wchar_t *__stream, size_t __n, const wchar_t *__format, __builtin_va_list __local_argv)
        -: 1198:{
        -: 1199:#if __MINGW_FORTIFY_LEVEL > 0
        -: 1200:  __mingw_bos_ptr_chk_warn(__stream, __n * sizeof(wchar_t), 1);
        -: 1201:#endif
        -: 1202:  return __mingw_vsnwprintf( __stream, __n, __format, __local_argv );
        -: 1203:}
        -: 1204:#endif /* __NO_ISOCEXT */
        -: 1205:
        -: 1206:#else /* !__USE_MINGW_ANSI_STDIO */
        -: 1207:
        -: 1208:#ifdef _UCRT
        -: 1209:  __mingw_ovr __MINGW_ATTRIB_DEPRECATED_SEC_WARN
        -: 1210:  int __cdecl fwscanf(FILE * __restrict__ _File,const wchar_t * __restrict__ _Format,...)
        -: 1211:  {
        -: 1212:    __builtin_va_list __ap;
        -: 1213:    int __ret;
        -: 1214:    __builtin_va_start(__ap, _Format);
        -: 1215:    __ret = __stdio_common_vfwscanf(_CRT_INTERNAL_LOCAL_SCANF_OPTIONS, _File, _Format, NULL, __ap);
        -: 1216:    __builtin_va_end(__ap);
        -: 1217:    return __ret;
        -: 1218:  }
        -: 1219:  __mingw_ovr __MINGW_ATTRIB_DEPRECATED_SEC_WARN
        -: 1220:  int __cdecl swscanf(const wchar_t * __restrict__ _Src,const wchar_t * __restrict__ _Format,...)
        -: 1221:  {
        -: 1222:    __builtin_va_list __ap;
        -: 1223:    int __ret;
        -: 1224:    __builtin_va_start(__ap, _Format);
        -: 1225:    __ret = __stdio_common_vswscanf(_CRT_INTERNAL_LOCAL_SCANF_OPTIONS, _Src, (size_t)-1, _Format, NULL, __ap);
        -: 1226:    __builtin_va_end(__ap);
        -: 1227:    return __ret;
        -: 1228:  }
        -: 1229:  __mingw_ovr __MINGW_ATTRIB_DEPRECATED_SEC_WARN
        -: 1230:  int __cdecl wscanf(const wchar_t * __restrict__ _Format,...)
        -: 1231:  {
        -: 1232:    __builtin_va_list __ap;
        -: 1233:    int __ret;
        -: 1234:    __builtin_va_start(__ap, _Format);
        -: 1235:    __ret = __stdio_common_vfwscanf(_CRT_INTERNAL_LOCAL_SCANF_OPTIONS, stdin, _Format, NULL, __ap);
        -: 1236:    __builtin_va_end(__ap);
        -: 1237:    return __ret;
        -: 1238:  }
        -: 1239:  __mingw_ovr
        -: 1240:  __MINGW_ATTRIB_NONNULL(2)
        -: 1241:  int vfwscanf (FILE *__stream,  const wchar_t *__format, va_list __local_argv)
        -: 1242:  {
        -: 1243:    return __stdio_common_vfwscanf(_CRT_INTERNAL_LOCAL_SCANF_OPTIONS, __stream, __format, NULL, __local_argv);
        -: 1244:  }
        -: 1245:
        -: 1246:  __mingw_ovr
        -: 1247:  __MINGW_ATTRIB_NONNULL(2)
        -: 1248:  int vswscanf (const wchar_t * __restrict__ __source, const wchar_t * __restrict__ __format, va_list __local_argv)
        -: 1249:  {
        -: 1250:    return __stdio_common_vswscanf(_CRT_INTERNAL_LOCAL_SCANF_OPTIONS, __source, (size_t)-1, __format, NULL, __local_argv);
        -: 1251:  }
        -: 1252:  __mingw_ovr
        -: 1253:  __MINGW_ATTRIB_NONNULL(1)
        -: 1254:  int vwscanf(const wchar_t *__format, va_list __local_argv)
        -: 1255:  {
        -: 1256:    return __stdio_common_vfwscanf(_CRT_INTERNAL_LOCAL_SCANF_OPTIONS, stdin, __format, NULL, __local_argv);
        -: 1257:  }
        -: 1258:
        -: 1259:  __mingw_static_ovr
        -: 1260:  int __cdecl fwprintf(FILE * __restrict__ _File,const wchar_t * __restrict__ _Format,...)
        -: 1261:  {
        -: 1262:    __builtin_va_list __ap;
        -: 1263:    int __ret;
        -: 1264:    __builtin_va_start(__ap, _Format);
        -: 1265:    __ret = __stdio_common_vfwprintf(_CRT_INTERNAL_LOCAL_PRINTF_OPTIONS, _File, _Format, NULL, __ap);
        -: 1266:    __builtin_va_end(__ap);
        -: 1267:    return __ret;
        -: 1268:  }
        -: 1269:  __mingw_ovr
        -: 1270:  int __cdecl wprintf(const wchar_t * __restrict__ _Format,...)
        -: 1271:  {
        -: 1272:    __builtin_va_list __ap;
        -: 1273:    int __ret;
        -: 1274:    __builtin_va_start(__ap, _Format);
        -: 1275:    __ret = __stdio_common_vfwprintf(_CRT_INTERNAL_LOCAL_PRINTF_OPTIONS, stdout, _Format, NULL, __ap);
        -: 1276:    __builtin_va_end(__ap);
        -: 1277:    return __ret;
        -: 1278:  }
        -: 1279:  __mingw_ovr
        -: 1280:  int __cdecl vfwprintf(FILE * __restrict__ _File,const wchar_t * __restrict__ _Format,va_list _ArgList)
        -: 1281:  {
        -: 1282:    return __stdio_common_vfwprintf(_CRT_INTERNAL_LOCAL_PRINTF_OPTIONS, _File, _Format, NULL, _ArgList);
        -: 1283:  }
        -: 1284:  __mingw_ovr
        -: 1285:  int __cdecl vwprintf(const wchar_t * __restrict__ _Format,va_list _ArgList)
        -: 1286:  {
        -: 1287:    return __stdio_common_vfwprintf(_CRT_INTERNAL_LOCAL_PRINTF_OPTIONS, stdout, _Format, NULL, _ArgList);
        -: 1288:  }
        -: 1289:#else
        -: 1290:
        -: 1291:  int __cdecl fwscanf(FILE * __restrict__ _File,const wchar_t * __restrict__ _Format,...) __MINGW_ATTRIB_DEPRECATED_SEC_WARN;
        -: 1292:  int __cdecl swscanf(const wchar_t * __restrict__ _Src,const wchar_t * __restrict__ _Format,...) __MINGW_ATTRIB_DEPRECATED_SEC_WARN;
        -: 1293:  int __cdecl wscanf(const wchar_t * __restrict__ _Format,...) __MINGW_ATTRIB_DEPRECATED_SEC_WARN;
        -: 1294:#ifndef __NO_ISOCEXT  /* externs in libmingwex.a */
        -: 1295:  int __cdecl __ms_vwscanf (const wchar_t * __restrict__ , va_list);
        -: 1296:  int __cdecl __ms_vfwscanf (FILE * __restrict__ ,const wchar_t * __restrict__ ,va_list);
        -: 1297:  int __cdecl __ms_vswscanf (const wchar_t * __restrict__ ,const wchar_t * __restrict__ ,va_list);
        -: 1298:
        -: 1299:  __mingw_ovr
        -: 1300:  __MINGW_ATTRIB_NONNULL(2)
        -: 1301:  int vfwscanf (FILE *__stream,  const wchar_t *__format, __builtin_va_list __local_argv)
        -: 1302:  {
        -: 1303:    return __ms_vfwscanf (__stream, __format, __local_argv);
        -: 1304:  }
        -: 1305:
        -: 1306:  __mingw_ovr
        -: 1307:  __MINGW_ATTRIB_NONNULL(2)
        -: 1308:  int vswscanf (const wchar_t * __restrict__ __source, const wchar_t * __restrict__ __format, __builtin_va_list __local_argv)
        -: 1309:  {
        -: 1310:    return __ms_vswscanf( __source, __format, __local_argv );
        -: 1311:  }
        -: 1312:  __mingw_ovr
        -: 1313:  __MINGW_ATTRIB_NONNULL(1)
        -: 1314:  int vwscanf(const wchar_t *__format,  __builtin_va_list __local_argv)
        -: 1315:  {
        -: 1316:    return __ms_vwscanf (__format, __local_argv);
        -: 1317:  }
        -: 1318:
        -: 1319:#endif /* __NO_ISOCEXT */
        -: 1320:
        -: 1321:  int __cdecl fwprintf(FILE * __restrict__ _File,const wchar_t * __restrict__ _Format,...);
        -: 1322:  int __cdecl wprintf(const wchar_t * __restrict__ _Format,...);
        -: 1323:  int __cdecl vfwprintf(FILE * __restrict__ _File,const wchar_t * __restrict__ _Format,va_list _ArgList);
        -: 1324:  int __cdecl vwprintf(const wchar_t * __restrict__ _Format,va_list _ArgList);
        -: 1325:#endif /* _UCRT */
        -: 1326:#endif /* __USE_MINGW_ANSI_STDIO */
        -: 1327:
        -: 1328:#ifndef WEOF
        -: 1329:#define WEOF (wint_t)(0xFFFF)
        -: 1330:#endif
        -: 1331:
        -: 1332:#ifdef _POSIX_
        -: 1333:  _CRTIMP FILE *__cdecl _wfsopen(const wchar_t *_Filename,const wchar_t *_Mode);
        -: 1334:#else
        -: 1335:  _CRTIMP FILE *__cdecl _wfsopen(const wchar_t *_Filename,const wchar_t *_Mode,int _ShFlag);
        -: 1336:#endif
        -: 1337:
        -: 1338:  wint_t __cdecl fgetwc(FILE *_File);
        -: 1339:  _CRTIMP wint_t __cdecl _fgetwchar(void);
        -: 1340:  wint_t __cdecl fputwc(wchar_t _Ch,FILE *_File);
        -: 1341:  _CRTIMP wint_t __cdecl _fputwchar(wchar_t _Ch);
        -: 1342:  wint_t __cdecl getwc(FILE *_File);
        -: 1343:  wint_t __cdecl getwchar(void);
        -: 1344:  wint_t __cdecl putwc(wchar_t _Ch,FILE *_File);
        -: 1345:  wint_t __cdecl putwchar(wchar_t _Ch);
        -: 1346:  wint_t __cdecl ungetwc(wint_t _Ch,FILE *_File);
        -: 1347:  wchar_t *__cdecl fgetws(wchar_t * __restrict__ _Dst,int _SizeInWords,FILE * __restrict__ _File);
        -: 1348:  int __cdecl fputws(const wchar_t * __restrict__ _Str,FILE * __restrict__ _File);
        -: 1349:  _CRTIMP wchar_t *__cdecl _getws(wchar_t *_String) __MINGW_ATTRIB_DEPRECATED_SEC_WARN;
        -: 1350:  _CRTIMP int __cdecl _putws(const wchar_t *_Str);
        -: 1351:
        -: 1352:#ifdef _UCRT
        -: 1353:  __mingw_ovr
        -: 1354:  int __cdecl _scwprintf(const wchar_t * __restrict__ _Format,...)
        -: 1355:  {
        -: 1356:    __builtin_va_list __ap;
        -: 1357:    int __ret;
        -: 1358:    __builtin_va_start(__ap, _Format);
        -: 1359:    __ret = __stdio_common_vswprintf(_CRT_INTERNAL_LOCAL_PRINTF_OPTIONS | _CRT_INTERNAL_PRINTF_STANDARD_SNPRINTF_BEHAVIOR, NULL, 0, _Format, NULL, __ap);
        -: 1360:    __builtin_va_end(__ap);
        -: 1361:    return __ret;
        -: 1362:  }
        -: 1363:  __mingw_static_ovr __MINGW_ATTRIB_DEPRECATED_SEC_WARN
        -: 1364:  int __cdecl _snwprintf(wchar_t * __restrict__ _Dest,size_t _Count,const wchar_t * __restrict__ _Format,...)
        -: 1365:  {
        -: 1366:    __builtin_va_list __ap;
        -: 1367:    int __ret;
        -: 1368:    __builtin_va_start(__ap, _Format);
        -: 1369:    __ret = __stdio_common_vswprintf(_CRT_INTERNAL_LOCAL_PRINTF_OPTIONS | _CRT_INTERNAL_PRINTF_LEGACY_VSPRINTF_NULL_TERMINATION, _Dest, _Count, _Format, NULL, __ap);
        -: 1370:    __builtin_va_end(__ap);
        -: 1371:    return __ret;
        -: 1372:  }
        -: 1373:  int __cdecl _vsnwprintf(wchar_t * __restrict__ _Dest,size_t _Count,const wchar_t * __restrict__ _Format,va_list _Args) __MINGW_ATTRIB_DEPRECATED_SEC_WARN;
        -: 1374:
        -: 1375:#if __USE_MINGW_ANSI_STDIO == 0
        -: 1376:  __mingw_ovr
        -: 1377:  int snwprintf (wchar_t * __restrict__ s, size_t n, const wchar_t * __restrict__ format, ...)
        -: 1378:  {
        -: 1379:    __builtin_va_list __ap;
        -: 1380:    int __ret;
        -: 1381:    __builtin_va_start(__ap, format);
        -: 1382:    __ret = __stdio_common_vswprintf(_CRT_INTERNAL_LOCAL_PRINTF_OPTIONS | _CRT_INTERNAL_PRINTF_STANDARD_SNPRINTF_BEHAVIOR, s, n, format, NULL, __ap);
        -: 1383:    __builtin_va_end(__ap);
        -: 1384:    return __ret;
        -: 1385:  }
        -: 1386:  __mingw_ovr
        -: 1387:  int __cdecl vsnwprintf (wchar_t * __restrict__ s, size_t n, const wchar_t * __restrict__ format, va_list arg)
        -: 1388:  {
        -: 1389:    int __ret = __stdio_common_vswprintf(_CRT_INTERNAL_LOCAL_PRINTF_OPTIONS, s, n, format, NULL, arg);
        -: 1390:    return __ret < 0 ? -1 : __ret;
        -: 1391:  }
        -: 1392:#endif
        -: 1393:
        -: 1394:  __mingw_ovr
        -: 1395:  int __cdecl _swprintf(wchar_t * __restrict__ _Dest,const wchar_t * __restrict__ _Format,...)
        -: 1396:  {
        -: 1397:    __builtin_va_list __ap;
        -: 1398:    int __ret;
        -: 1399:    __builtin_va_start(__ap, _Format);
        -: 1400:    __ret = __stdio_common_vswprintf(_CRT_INTERNAL_LOCAL_PRINTF_OPTIONS, _Dest, (size_t)-1, _Format, NULL, __ap);
        -: 1401:    __builtin_va_end(__ap);
        -: 1402:    return __ret;
        -: 1403:  }
        -: 1404:  __mingw_ovr
        -: 1405:  int __cdecl _vswprintf(wchar_t * __restrict__ _Dest,const wchar_t * __restrict__ _Format,va_list _Args)
        -: 1406:  {
        -: 1407:    return __stdio_common_vswprintf(_CRT_INTERNAL_LOCAL_PRINTF_OPTIONS, _Dest, (size_t)-1, _Format, NULL, _Args);
        -: 1408:  }
        -: 1409:
        -: 1410:  __mingw_ovr
        -: 1411:  int __cdecl _vscwprintf(const wchar_t * __restrict__ _Format, va_list _ArgList)
        -: 1412:  {
        -: 1413:      int _Result = __stdio_common_vswprintf(_CRT_INTERNAL_PRINTF_STANDARD_SNPRINTF_BEHAVIOR, NULL, 0, _Format, NULL, _ArgList);
        -: 1414:      return _Result < 0 ? -1 : _Result;
        -: 1415:  }
        -: 1416:#else
        -: 1417:  _CRTIMP int __cdecl _scwprintf(const wchar_t * __restrict__ _Format,...);
        -: 1418:  _CRTIMP int __cdecl _swprintf_c(wchar_t * __restrict__ _DstBuf,size_t _SizeInWords,const wchar_t * __restrict__ _Format,...);
        -: 1419:  _CRTIMP int __cdecl _vswprintf_c(wchar_t * __restrict__ _DstBuf,size_t _SizeInWords,const wchar_t * __restrict__ _Format,va_list _ArgList);
        -: 1420:  _CRTIMP int __cdecl _snwprintf(wchar_t * __restrict__ _Dest,size_t _Count,const wchar_t * __restrict__ _Format,...) __MINGW_ATTRIB_DEPRECATED_SEC_WARN;
        -: 1421:  _CRTIMP int __cdecl _vsnwprintf(wchar_t * __restrict__ _Dest,size_t _Count,const wchar_t * __restrict__ _Format,va_list _Args) __MINGW_ATTRIB_DEPRECATED_SEC_WARN;
        -: 1422:  _CRTIMP int __cdecl _vscwprintf(const wchar_t * __restrict__ _Format,va_list _ArgList);
        -: 1423:
        -: 1424:#ifndef __NO_ISOCEXT  /* externs in libmingwex.a */
        -: 1425:
        -: 1426:#if __USE_MINGW_ANSI_STDIO == 0
        -: 1427:  int __cdecl __ms_snwprintf (wchar_t * __restrict__ s, size_t n, const wchar_t * __restrict__ format, ...);
        -: 1428:  int __cdecl __ms_vsnwprintf (wchar_t * __restrict__ , size_t, const wchar_t * __restrict__ , va_list);
        -: 1429:  __mingw_ovr
        -: 1430:  int snwprintf (wchar_t * __restrict__ s, size_t n, const wchar_t * __restrict__ format, ...)
        -: 1431:  {
        -: 1432:    int r;
        -: 1433:    va_list argp;
        -: 1434:    __builtin_va_start (argp, format);
        -: 1435:    r = _vsnwprintf (s, n, format, argp);
        -: 1436:    __builtin_va_end (argp);
        -: 1437:    return r;
        -: 1438:  }
        -: 1439:  __mingw_ovr
        -: 1440:  int __cdecl vsnwprintf (wchar_t * __restrict__ s, size_t n, const wchar_t * __restrict__ format, va_list arg)
        -: 1441:  {
        -: 1442:    return _vsnwprintf(s,n,format,arg);
        -: 1443:  }
        -: 1444:#endif
        -: 1445:
        -: 1446:#endif /* ! __NO_ISOCEXT */
        -: 1447:  _CRTIMP int __cdecl _swprintf(wchar_t * __restrict__ _Dest,const wchar_t * __restrict__ _Format,...);
        -: 1448:  _CRTIMP int __cdecl _vswprintf(wchar_t * __restrict__ _Dest,const wchar_t * __restrict__ _Format,va_list _Args);
        -: 1449:#endif /* _UCRT */
        -: 1450:
        -: 1451:#ifndef RC_INVOKED
        -: 1452:#include <swprintf.inl>
        -: 1453:#endif
        -: 1454:
        -: 1455:#ifdef _CRT_NON_CONFORMING_SWPRINTFS
        -: 1456:#ifndef __cplusplus
        -: 1457:#define _swprintf_l __swprintf_l
        -: 1458:#define _vswprintf_l __vswprintf_l
        -: 1459:#endif
        -: 1460:#endif
        -: 1461:
        -: 1462:  _CRTIMP wchar_t *__cdecl _wtempnam(const wchar_t *_Directory,const wchar_t *_FilePrefix);
        -: 1463:  _CRTIMP int __cdecl _snwscanf(const wchar_t * __restrict__ _Src,size_t _MaxCount,const wchar_t * __restrict__ _Format,...);
        -: 1464:  _CRTIMP FILE *__cdecl _wfdopen(int _FileHandle ,const wchar_t *_Mode);
        -: 1465:  _CRTIMP FILE *__cdecl _wfopen(const wchar_t * __restrict__ _Filename,const wchar_t *__restrict__  _Mode) __MINGW_ATTRIB_DEPRECATED_SEC_WARN;
        -: 1466:  _CRTIMP FILE *__cdecl _wfreopen(const wchar_t * __restrict__ _Filename,const wchar_t * __restrict__ _Mode,FILE * __restrict__ _OldFile) __MINGW_ATTRIB_DEPRECATED_SEC_WARN;
        -: 1467:
        -: 1468:#ifndef _CRT_WPERROR_DEFINED
        -: 1469:#define _CRT_WPERROR_DEFINED
        -: 1470:  _CRTIMP void __cdecl _wperror(const wchar_t *_ErrMsg);
        -: 1471:#endif
        -: 1472:  _CRTIMP FILE *__cdecl _wpopen(const wchar_t *_Command,const wchar_t *_Mode);
        -: 1473:#if !defined(NO_OLDNAMES) && !defined(wpopen)
        -: 1474:#define wpopen	_wpopen
        -: 1475:#endif
        -: 1476:
        -: 1477:  _CRTIMP int __cdecl _wremove(const wchar_t *_Filename);
        -: 1478:  _CRTIMP wchar_t *__cdecl _wtmpnam(wchar_t *_Buffer);
        -: 1479:#if __MSVCRT_VERSION__ >= 0x800
        -: 1480:  _CRTIMP wint_t __cdecl _fgetwc_nolock(FILE *_File);
        -: 1481:  _CRTIMP wint_t __cdecl _fputwc_nolock(wchar_t _Ch,FILE *_File);
        -: 1482:  _CRTIMP wint_t __cdecl _ungetwc_nolock(wint_t _Ch,FILE *_File);
        -: 1483:#endif
        -: 1484:
        -: 1485:#undef _CRT_GETPUTWCHAR_NOINLINE
        -: 1486:
        -: 1487:#if !defined(__cplusplus) || defined(_CRT_GETPUTWCHAR_NOINLINE) || defined (__CRT__NO_INLINE)
        -: 1488:#define getwchar() fgetwc(stdin)
        -: 1489:#define putwchar(_c) fputwc((_c),stdout)
        -: 1490:#else
        -: 1491:  __CRT_INLINE wint_t __cdecl getwchar() {return (fgetwc(stdin)); }
        -: 1492:  __CRT_INLINE wint_t __cdecl putwchar(wchar_t _C) {return (fputwc(_C,stdout)); }
        -: 1493:#endif
        -: 1494:
        -: 1495:#define getwc(_stm) fgetwc(_stm)
        -: 1496:#define putwc(_c,_stm) fputwc(_c,_stm)
        -: 1497:#if __MSVCRT_VERSION__ >= 0x800
        -: 1498:#define _putwc_nolock(_c,_stm) _fputwc_nolock(_c,_stm)
        -: 1499:#define _getwc_nolock(_c) _fgetwc_nolock(_c)
        -: 1500:#endif
        -: 1501:#endif
        -: 1502:
        -: 1503:#define _STDIO_DEFINED
        -: 1504:#endif
        -: 1505:
        -: 1506:#ifdef _UCRT
        -: 1507:  _CRTIMP int __cdecl _fgetc_nolock(FILE *_File);
        -: 1508:  _CRTIMP int __cdecl _fputc_nolock(int _Char, FILE *_File);
        -: 1509:  _CRTIMP int __cdecl _getc_nolock(FILE *_File);
        -: 1510:  _CRTIMP int __cdecl _putc_nolock(int _Char, FILE *_File);
        -: 1511:#else
        -: 1512:#define _fgetc_nolock(_stream) (--(_stream)->_cnt >= 0 ? 0xff & *(_stream)->_ptr++ : _filbuf(_stream))
        -: 1513:#define _fputc_nolock(_c,_stream) (--(_stream)->_cnt >= 0 ? 0xff & (*(_stream)->_ptr++ = (char)(_c)) : _flsbuf((_c),(_stream)))
        -: 1514:#define _getc_nolock(_stream) _fgetc_nolock(_stream)
        -: 1515:#define _putc_nolock(_c,_stream) _fputc_nolock(_c,_stream)
        -: 1516:#endif
        -: 1517:#define _getchar_nolock() _getc_nolock(stdin)
        -: 1518:#define _putchar_nolock(_c) _putc_nolock((_c),stdout)
        -: 1519:#define _getwchar_nolock() _getwc_nolock(stdin)
        -: 1520:#define _putwchar_nolock(_c) _putwc_nolock((_c),stdout)
        -: 1521:
        -: 1522:  _CRTIMP void __cdecl _lock_file(FILE *_File);
        -: 1523:  _CRTIMP void __cdecl _unlock_file(FILE *_File);
        -: 1524:#if __MSVCRT_VERSION__ >= 0x800
        -: 1525:  _CRTIMP int __cdecl _fclose_nolock(FILE *_File);
        -: 1526:  _CRTIMP int __cdecl _fflush_nolock(FILE *_File);
        -: 1527:  _CRTIMP size_t __cdecl _fread_nolock(void * __restrict__ _DstBuf,size_t _ElementSize,size_t _Count,FILE * __restrict__ _File);
        -: 1528:  _CRTIMP int __cdecl _fseek_nolock(FILE *_File,long _Offset,int _Origin);
        -: 1529:  _CRTIMP long __cdecl _ftell_nolock(FILE *_File);
        -: 1530:  __MINGW_EXTENSION _CRTIMP int __cdecl _fseeki64_nolock(FILE *_File,__int64 _Offset,int _Origin);
        -: 1531:  __MINGW_EXTENSION _CRTIMP __int64 __cdecl _ftelli64_nolock(FILE *_File);
        -: 1532:  _CRTIMP size_t __cdecl _fwrite_nolock(const void * __restrict__ _DstBuf,size_t _Size,size_t _Count,FILE * __restrict__ _File);
        -: 1533:  _CRTIMP int __cdecl _ungetc_nolock(int _Ch,FILE *_File);
        -: 1534:#endif
        -: 1535:
        -: 1536:#if !defined(NO_OLDNAMES) || !defined(_POSIX)
        -: 1537:#define P_tmpdir _P_tmpdir
        -: 1538:#define SYS_OPEN _SYS_OPEN
        -: 1539:
        -: 1540:  char *__cdecl tempnam(const char *_Directory,const char *_FilePrefix) __MINGW_ATTRIB_DEPRECATED_MSVC2005;
        -: 1541:  int __cdecl fcloseall(void) __MINGW_ATTRIB_DEPRECATED_MSVC2005;
        -: 1542:  FILE *__cdecl fdopen(int _FileHandle,const char *_Format) __MINGW_ATTRIB_DEPRECATED_MSVC2005;
        -: 1543:  int __cdecl fgetchar(void) __MINGW_ATTRIB_DEPRECATED_MSVC2005;
        -: 1544:  int __cdecl fileno(FILE *_File) __MINGW_ATTRIB_DEPRECATED_MSVC2005;
        -: 1545:  int __cdecl flushall(void) __MINGW_ATTRIB_DEPRECATED_MSVC2005;
        -: 1546:  int __cdecl fputchar(int _Ch) __MINGW_ATTRIB_DEPRECATED_MSVC2005;
        -: 1547:  int __cdecl getw(FILE *_File) __MINGW_ATTRIB_DEPRECATED_MSVC2005;
        -: 1548:  int __cdecl putw(int _Ch,FILE *_File) __MINGW_ATTRIB_DEPRECATED_MSVC2005;
        -: 1549:  int __cdecl rmtmp(void) __MINGW_ATTRIB_DEPRECATED_MSVC2005;
        -: 1550:#endif
        -: 1551:
        -: 1552:#ifndef __MINGW_MBWC_CONVERT_DEFINED
        -: 1553:#define __MINGW_MBWC_CONVERT_DEFINED
        -: 1554:
        -: 1555:/**
        -: 1556: * __mingw_str_wide_utf8
        -: 1557: * Converts a null terminated UCS-2 string to a multibyte (UTF-8) equivalent.
        -: 1558: * Caller is supposed to free allocated buffer with __mingw_str_free().
        -: 1559: * @param[in] wptr Pointer to wide string.
        -: 1560: * @param[out] mbptr Pointer to multibyte string.
        -: 1561: * @param[out] buflen Optional parameter for length of allocated buffer.
        -: 1562: * @return Number of characters converted, 0 for failure.
        -: 1563: *
        -: 1564: * WideCharToMultiByte - http://msdn.microsoft.com/en-us/library/dd374130(VS.85).aspx
        -: 1565: */
        -: 1566:int __cdecl __mingw_str_wide_utf8 (const wchar_t * const wptr, char **mbptr, size_t * buflen);
        -: 1567:
        -: 1568:/**
        -: 1569: * __mingw_str_utf8_wide
        -: 1570: * Converts a null terminated UTF-8 string to a UCS-2 equivalent.
        -: 1571: * Caller is supposed to free allocated buffer with __mingw_str_free().
        -: 1572: * @param[out] mbptr Pointer to multibyte string.
        -: 1573: * @param[in] wptr Pointer to wide string.
        -: 1574: * @param[out] buflen Optional parameter for length of allocated buffer.
        -: 1575: * @return Number of characters converted, 0 for failure.
        -: 1576: *
        -: 1577: * MultiByteToWideChar - http://msdn.microsoft.com/en-us/library/dd319072(VS.85).aspx
        -: 1578: */
        -: 1579:
        -: 1580:int __cdecl __mingw_str_utf8_wide (const char *const mbptr, wchar_t ** wptr, size_t * buflen);
        -: 1581:
        -: 1582:/**
        -: 1583: * __mingw_str_free
        -: 1584: * Frees buffer create by __mingw_str_wide_utf8 and __mingw_str_utf8_wide.
        -: 1585: * @param[in] ptr memory block to free.
        -: 1586: *
        -: 1587: */
        -: 1588:
        -: 1589:void __cdecl __mingw_str_free(void *ptr);
        -: 1590:
        -: 1591:#endif /* __MINGW_MBWC_CONVERT_DEFINED */
        -: 1592:
        -: 1593:#ifdef _CRT_USE_WINAPI_FAMILY_DESKTOP_APP
        -: 1594:#ifndef _WSPAWN_DEFINED
        -: 1595:#define _WSPAWN_DEFINED
        -: 1596:  _CRTIMP intptr_t __cdecl _wspawnl(int _Mode,const wchar_t *_Filename,const wchar_t *_ArgList,...);
        -: 1597:  _CRTIMP intptr_t __cdecl _wspawnle(int _Mode,const wchar_t *_Filename,const wchar_t *_ArgList,...);
        -: 1598:  _CRTIMP intptr_t __cdecl _wspawnlp(int _Mode,const wchar_t *_Filename,const wchar_t *_ArgList,...);
        -: 1599:  _CRTIMP intptr_t __cdecl _wspawnlpe(int _Mode,const wchar_t *_Filename,const wchar_t *_ArgList,...);
        -: 1600:  _CRTIMP intptr_t __cdecl _wspawnv(int _Mode,const wchar_t *_Filename,const wchar_t *const *_ArgList);
        -: 1601:  _CRTIMP intptr_t __cdecl _wspawnve(int _Mode,const wchar_t *_Filename,const wchar_t *const *_ArgList,const wchar_t *const *_Env);
        -: 1602:  _CRTIMP intptr_t __cdecl _wspawnvp(int _Mode,const wchar_t *_Filename,const wchar_t *const *_ArgList);
        -: 1603:  _CRTIMP intptr_t __cdecl _wspawnvpe(int _Mode,const wchar_t *_Filename,const wchar_t *const *_ArgList,const wchar_t *const *_Env);
        -: 1604:#endif
        -: 1605:
        -: 1606:#ifndef _P_WAIT
        -: 1607:#define _P_WAIT 0
        -: 1608:#define _P_NOWAIT 1
        -: 1609:#define _OLD_P_OVERLAY 2
        -: 1610:#define _P_NOWAITO 3
        -: 1611:#define _P_DETACH 4
        -: 1612:#define _P_OVERLAY 2
        -: 1613:
        -: 1614:#define _WAIT_CHILD 0
        -: 1615:#define _WAIT_GRANDCHILD 1
        -: 1616:#endif
        -: 1617:
        -: 1618:#ifndef _SPAWNV_DEFINED
        -: 1619:#define _SPAWNV_DEFINED
        -: 1620:  _CRTIMP intptr_t __cdecl _spawnv(int _Mode,const char *_Filename,const char *const *_ArgList);
        -: 1621:  _CRTIMP intptr_t __cdecl _spawnve(int _Mode,const char *_Filename,const char *const *_ArgList,const char *const *_Env);
        -: 1622:  _CRTIMP intptr_t __cdecl _spawnvp(int _Mode,const char *_Filename,const char *const *_ArgList);
        -: 1623:  _CRTIMP intptr_t __cdecl _spawnvpe(int _Mode,const char *_Filename,const char *const *_ArgList,const char *const *_Env);
        -: 1624:#endif
        -: 1625:#endif /* _CRT_USE_WINAPI_FAMILY_DESKTOP_APP */
        -: 1626:
        -: 1627:#ifdef __cplusplus
        -: 1628:}
        -: 1629:#endif
        -: 1630:
        -: 1631:#pragma pop_macro("snprintf")
        -: 1632:#pragma pop_macro("vsnprintf")
        -: 1633:#pragma pop_macro("snwprintf")
        -: 1634:#pragma pop_macro("vsnwprintf")
        -: 1635:
        -: 1636:#pragma pack(pop)
        -: 1637:
        -: 1638:#include <sec_api/stdio_s.h>
        -: 1639:
        -: 1640:#endif
